Start testing: Jul 05 03:32 UTC
----------------------------------------------------------
1/178 Testing: LogTest.InitializeAndShutdown
1/178 Test: LogTest.InitializeAndShutdown
Command: "/home/z/my-project/build/bin/EngineTests" "--gtest_filter=LogTest.InitializeAndShutdown" "--gtest_also_run_disabled_tests"
Directory: /home/z/my-project/build/Tests
"LogTest.InitializeAndShutdown" start time: Jul 05 03:32 UTC
Output:
----------------------------------------------------------
Running main() from /home/z/my-project/build/_deps/googletest-src/googletest/src/gtest_main.cc
Note: Google Test filter = LogTest.InitializeAndShutdown
[==========] Running 1 test from 1 test suite.
[----------] Global test environment set-up.
[----------] 1 test from LogTest
[ RUN      ] LogTest.InitializeAndShutdown
[I] Logging system initialized. App: LogTest
[I] Logging system shutting down.
[       OK ] LogTest.InitializeAndShutdown (0 ms)
[----------] 1 test from LogTest (0 ms total)

[----------] Global test environment tear-down
[==========] 1 test from 1 test suite ran. (0 ms total)
[  PASSED  ] 1 test.
<end of output>
Test time =   0.01 sec
----------------------------------------------------------
Test Passed.
"LogTest.InitializeAndShutdown" end time: Jul 05 03:32 UTC
"LogTest.InitializeAndShutdown" time elapsed: 00:00:00
----------------------------------------------------------

2/178 Testing: LogTest.SetLevel
2/178 Test: LogTest.SetLevel
Command: "/home/z/my-project/build/bin/EngineTests" "--gtest_filter=LogTest.SetLevel" "--gtest_also_run_disabled_tests"
Directory: /home/z/my-project/build/Tests
"LogTest.SetLevel" start time: Jul 05 03:32 UTC
Output:
----------------------------------------------------------
Running main() from /home/z/my-project/build/_deps/googletest-src/googletest/src/gtest_main.cc
Note: Google Test filter = LogTest.SetLevel
[==========] Running 1 test from 1 test suite.
[----------] Global test environment set-up.
[----------] 1 test from LogTest
[ RUN      ] LogTest.SetLevel
[I] Logging system initialized. App: LogTest
[       OK ] LogTest.SetLevel (0 ms)
[----------] 1 test from LogTest (0 ms total)

[----------] Global test environment tear-down
[==========] 1 test from 1 test suite ran. (0 ms total)
[  PASSED  ] 1 test.
<end of output>
Test time =   0.01 sec
----------------------------------------------------------
Test Passed.
"LogTest.SetLevel" end time: Jul 05 03:32 UTC
"LogTest.SetLevel" time elapsed: 00:00:00
----------------------------------------------------------

3/178 Testing: LogTest.MultipleInitialize
3/178 Test: LogTest.MultipleInitialize
Command: "/home/z/my-project/build/bin/EngineTests" "--gtest_filter=LogTest.MultipleInitialize" "--gtest_also_run_disabled_tests"
Directory: /home/z/my-project/build/Tests
"LogTest.MultipleInitialize" start time: Jul 05 03:32 UTC
Output:
----------------------------------------------------------
Running main() from /home/z/my-project/build/_deps/googletest-src/googletest/src/gtest_main.cc
Note: Google Test filter = LogTest.MultipleInitialize
[==========] Running 1 test from 1 test suite.
[----------] Global test environment set-up.
[----------] 1 test from LogTest
[ RUN      ] LogTest.MultipleInitialize
[I] Logging system initialized. App: LogTest
[I] Logging system shutting down.
[       OK ] LogTest.MultipleInitialize (0 ms)
[----------] 1 test from LogTest (0 ms total)

[----------] Global test environment tear-down
[==========] 1 test from 1 test suite ran. (0 ms total)
[  PASSED  ] 1 test.
<end of output>
Test time =   0.01 sec
----------------------------------------------------------
Test Passed.
"LogTest.MultipleInitialize" end time: Jul 05 03:32 UTC
"LogTest.MultipleInitialize" time elapsed: 00:00:00
----------------------------------------------------------

4/178 Testing: UUIDTest.DefaultConstructor
4/178 Test: UUIDTest.DefaultConstructor
Command: "/home/z/my-project/build/bin/EngineTests" "--gtest_filter=UUIDTest.DefaultConstructor" "--gtest_also_run_disabled_tests"
Directory: /home/z/my-project/build/Tests
"UUIDTest.DefaultConstructor" start time: Jul 05 03:32 UTC
Output:
----------------------------------------------------------
Running main() from /home/z/my-project/build/_deps/googletest-src/googletest/src/gtest_main.cc
Note: Google Test filter = UUIDTest.DefaultConstructor
[==========] Running 1 test from 1 test suite.
[----------] Global test environment set-up.
[----------] 1 test from UUIDTest
[ RUN      ] UUIDTest.DefaultConstructor
[       OK ] UUIDTest.DefaultConstructor (0 ms)
[----------] 1 test from UUIDTest (0 ms total)

[----------] Global test environment tear-down
[==========] 1 test from 1 test suite ran. (0 ms total)
[  PASSED  ] 1 test.
<end of output>
Test time =   0.01 sec
----------------------------------------------------------
Test Passed.
"UUIDTest.DefaultConstructor" end time: Jul 05 03:32 UTC
"UUIDTest.DefaultConstructor" time elapsed: 00:00:00
----------------------------------------------------------

5/178 Testing: UUIDTest.InvalidUUID
5/178 Test: UUIDTest.InvalidUUID
Command: "/home/z/my-project/build/bin/EngineTests" "--gtest_filter=UUIDTest.InvalidUUID" "--gtest_also_run_disabled_tests"
Directory: /home/z/my-project/build/Tests
"UUIDTest.InvalidUUID" start time: Jul 05 03:32 UTC
Output:
----------------------------------------------------------
Running main() from /home/z/my-project/build/_deps/googletest-src/googletest/src/gtest_main.cc
Note: Google Test filter = UUIDTest.InvalidUUID
[==========] Running 1 test from 1 test suite.
[----------] Global test environment set-up.
[----------] 1 test from UUIDTest
[ RUN      ] UUIDTest.InvalidUUID
[       OK ] UUIDTest.InvalidUUID (0 ms)
[----------] 1 test from UUIDTest (0 ms total)

[----------] Global test environment tear-down
[==========] 1 test from 1 test suite ran. (0 ms total)
[  PASSED  ] 1 test.
<end of output>
Test time =   0.01 sec
----------------------------------------------------------
Test Passed.
"UUIDTest.InvalidUUID" end time: Jul 05 03:32 UTC
"UUIDTest.InvalidUUID" time elapsed: 00:00:00
----------------------------------------------------------

6/178 Testing: UUIDTest.ToStringFormat
6/178 Test: UUIDTest.ToStringFormat
Command: "/home/z/my-project/build/bin/EngineTests" "--gtest_filter=UUIDTest.ToStringFormat" "--gtest_also_run_disabled_tests"
Directory: /home/z/my-project/build/Tests
"UUIDTest.ToStringFormat" start time: Jul 05 03:32 UTC
Output:
----------------------------------------------------------
Running main() from /home/z/my-project/build/_deps/googletest-src/googletest/src/gtest_main.cc
Note: Google Test filter = UUIDTest.ToStringFormat
[==========] Running 1 test from 1 test suite.
[----------] Global test environment set-up.
[----------] 1 test from UUIDTest
[ RUN      ] UUIDTest.ToStringFormat
[       OK ] UUIDTest.ToStringFormat (0 ms)
[----------] 1 test from UUIDTest (0 ms total)

[----------] Global test environment tear-down
[==========] 1 test from 1 test suite ran. (0 ms total)
[  PASSED  ] 1 test.
<end of output>
Test time =   0.01 sec
----------------------------------------------------------
Test Passed.
"UUIDTest.ToStringFormat" end time: Jul 05 03:32 UTC
"UUIDTest.ToStringFormat" time elapsed: 00:00:00
----------------------------------------------------------

7/178 Testing: UUIDTest.RoundTrip
7/178 Test: UUIDTest.RoundTrip
Command: "/home/z/my-project/build/bin/EngineTests" "--gtest_filter=UUIDTest.RoundTrip" "--gtest_also_run_disabled_tests"
Directory: /home/z/my-project/build/Tests
"UUIDTest.RoundTrip" start time: Jul 05 03:32 UTC
Output:
----------------------------------------------------------
Running main() from /home/z/my-project/build/_deps/googletest-src/googletest/src/gtest_main.cc
Note: Google Test filter = UUIDTest.RoundTrip
[==========] Running 1 test from 1 test suite.
[----------] Global test environment set-up.
[----------] 1 test from UUIDTest
[ RUN      ] UUIDTest.RoundTrip
[       OK ] UUIDTest.RoundTrip (0 ms)
[----------] 1 test from UUIDTest (0 ms total)

[----------] Global test environment tear-down
[==========] 1 test from 1 test suite ran. (0 ms total)
[  PASSED  ] 1 test.
<end of output>
Test time =   0.01 sec
----------------------------------------------------------
Test Passed.
"UUIDTest.RoundTrip" end time: Jul 05 03:32 UTC
"UUIDTest.RoundTrip" time elapsed: 00:00:00
----------------------------------------------------------

8/178 Testing: UUIDTest.Uniqueness
8/178 Test: UUIDTest.Uniqueness
Command: "/home/z/my-project/build/bin/EngineTests" "--gtest_filter=UUIDTest.Uniqueness" "--gtest_also_run_disabled_tests"
Directory: /home/z/my-project/build/Tests
"UUIDTest.Uniqueness" start time: Jul 05 03:32 UTC
Output:
----------------------------------------------------------
Running main() from /home/z/my-project/build/_deps/googletest-src/googletest/src/gtest_main.cc
Note: Google Test filter = UUIDTest.Uniqueness
[==========] Running 1 test from 1 test suite.
[----------] Global test environment set-up.
[----------] 1 test from UUIDTest
[ RUN      ] UUIDTest.Uniqueness
[       OK ] UUIDTest.Uniqueness (4 ms)
[----------] 1 test from UUIDTest (4 ms total)

[----------] Global test environment tear-down
[==========] 1 test from 1 test suite ran. (4 ms total)
[  PASSED  ] 1 test.
<end of output>
Test time =   0.01 sec
----------------------------------------------------------
Test Passed.
"UUIDTest.Uniqueness" end time: Jul 05 03:32 UTC
"UUIDTest.Uniqueness" time elapsed: 00:00:00
----------------------------------------------------------

9/178 Testing: UUIDTest.Equality
9/178 Test: UUIDTest.Equality
Command: "/home/z/my-project/build/bin/EngineTests" "--gtest_filter=UUIDTest.Equality" "--gtest_also_run_disabled_tests"
Directory: /home/z/my-project/build/Tests
"UUIDTest.Equality" start time: Jul 05 03:32 UTC
Output:
----------------------------------------------------------
Running main() from /home/z/my-project/build/_deps/googletest-src/googletest/src/gtest_main.cc
Note: Google Test filter = UUIDTest.Equality
[==========] Running 1 test from 1 test suite.
[----------] Global test environment set-up.
[----------] 1 test from UUIDTest
[ RUN      ] UUIDTest.Equality
[       OK ] UUIDTest.Equality (0 ms)
[----------] 1 test from UUIDTest (0 ms total)

[----------] Global test environment tear-down
[==========] 1 test from 1 test suite ran. (0 ms total)
[  PASSED  ] 1 test.
<end of output>
Test time =   0.01 sec
----------------------------------------------------------
Test Passed.
"UUIDTest.Equality" end time: Jul 05 03:32 UTC
"UUIDTest.Equality" time elapsed: 00:00:00
----------------------------------------------------------

10/178 Testing: UUIDTest.HashConsistency
10/178 Test: UUIDTest.HashConsistency
Command: "/home/z/my-project/build/bin/EngineTests" "--gtest_filter=UUIDTest.HashConsistency" "--gtest_also_run_disabled_tests"
Directory: /home/z/my-project/build/Tests
"UUIDTest.HashConsistency" start time: Jul 05 03:32 UTC
Output:
----------------------------------------------------------
Running main() from /home/z/my-project/build/_deps/googletest-src/googletest/src/gtest_main.cc
Note: Google Test filter = UUIDTest.HashConsistency
[==========] Running 1 test from 1 test suite.
[----------] Global test environment set-up.
[----------] 1 test from UUIDTest
[ RUN      ] UUIDTest.HashConsistency
[       OK ] UUIDTest.HashConsistency (0 ms)
[----------] 1 test from UUIDTest (0 ms total)

[----------] Global test environment tear-down
[==========] 1 test from 1 test suite ran. (0 ms total)
[  PASSED  ] 1 test.
<end of output>
Test time =   0.01 sec
----------------------------------------------------------
Test Passed.
"UUIDTest.HashConsistency" end time: Jul 05 03:32 UTC
"UUIDTest.HashConsistency" time elapsed: 00:00:00
----------------------------------------------------------

11/178 Testing: TimingTest.TimerBasic
11/178 Test: TimingTest.TimerBasic
Command: "/home/z/my-project/build/bin/EngineTests" "--gtest_filter=TimingTest.TimerBasic" "--gtest_also_run_disabled_tests"
Directory: /home/z/my-project/build/Tests
"TimingTest.TimerBasic" start time: Jul 05 03:32 UTC
Output:
----------------------------------------------------------
Running main() from /home/z/my-project/build/_deps/googletest-src/googletest/src/gtest_main.cc
Note: Google Test filter = TimingTest.TimerBasic
[==========] Running 1 test from 1 test suite.
[----------] Global test environment set-up.
[----------] 1 test from TimingTest
[ RUN      ] TimingTest.TimerBasic
[       OK ] TimingTest.TimerBasic (50 ms)
[----------] 1 test from TimingTest (50 ms total)

[----------] Global test environment tear-down
[==========] 1 test from 1 test suite ran. (50 ms total)
[  PASSED  ] 1 test.
<end of output>
Test time =   0.06 sec
----------------------------------------------------------
Test Passed.
"TimingTest.TimerBasic" end time: Jul 05 03:32 UTC
"TimingTest.TimerBasic" time elapsed: 00:00:00
----------------------------------------------------------

12/178 Testing: TimingTest.TimerReset
12/178 Test: TimingTest.TimerReset
Command: "/home/z/my-project/build/bin/EngineTests" "--gtest_filter=TimingTest.TimerReset" "--gtest_also_run_disabled_tests"
Directory: /home/z/my-project/build/Tests
"TimingTest.TimerReset" start time: Jul 05 03:32 UTC
Output:
----------------------------------------------------------
Running main() from /home/z/my-project/build/_deps/googletest-src/googletest/src/gtest_main.cc
Note: Google Test filter = TimingTest.TimerReset
[==========] Running 1 test from 1 test suite.
[----------] Global test environment set-up.
[----------] 1 test from TimingTest
[ RUN      ] TimingTest.TimerReset
[       OK ] TimingTest.TimerReset (10 ms)
[----------] 1 test from TimingTest (10 ms total)

[----------] Global test environment tear-down
[==========] 1 test from 1 test suite ran. (10 ms total)
[  PASSED  ] 1 test.
<end of output>
Test time =   0.02 sec
----------------------------------------------------------
Test Passed.
"TimingTest.TimerReset" end time: Jul 05 03:32 UTC
"TimingTest.TimerReset" time elapsed: 00:00:00
----------------------------------------------------------

13/178 Testing: TimingTest.ClockNow
13/178 Test: TimingTest.ClockNow
Command: "/home/z/my-project/build/bin/EngineTests" "--gtest_filter=TimingTest.ClockNow" "--gtest_also_run_disabled_tests"
Directory: /home/z/my-project/build/Tests
"TimingTest.ClockNow" start time: Jul 05 03:32 UTC
Output:
----------------------------------------------------------
Running main() from /home/z/my-project/build/_deps/googletest-src/googletest/src/gtest_main.cc
Note: Google Test filter = TimingTest.ClockNow
[==========] Running 1 test from 1 test suite.
[----------] Global test environment set-up.
[----------] 1 test from TimingTest
[ RUN      ] TimingTest.ClockNow
[       OK ] TimingTest.ClockNow (0 ms)
[----------] 1 test from TimingTest (0 ms total)

[----------] Global test environment tear-down
[==========] 1 test from 1 test suite ran. (0 ms total)
[  PASSED  ] 1 test.
<end of output>
Test time =   0.01 sec
----------------------------------------------------------
Test Passed.
"TimingTest.ClockNow" end time: Jul 05 03:32 UTC
"TimingTest.ClockNow" time elapsed: 00:00:00
----------------------------------------------------------

14/178 Testing: TimingTest.ClockTimestamp
14/178 Test: TimingTest.ClockTimestamp
Command: "/home/z/my-project/build/bin/EngineTests" "--gtest_filter=TimingTest.ClockTimestamp" "--gtest_also_run_disabled_tests"
Directory: /home/z/my-project/build/Tests
"TimingTest.ClockTimestamp" start time: Jul 05 03:32 UTC
Output:
----------------------------------------------------------
Running main() from /home/z/my-project/build/_deps/googletest-src/googletest/src/gtest_main.cc
Note: Google Test filter = TimingTest.ClockTimestamp
[==========] Running 1 test from 1 test suite.
[----------] Global test environment set-up.
[----------] 1 test from TimingTest
[ RUN      ] TimingTest.ClockTimestamp
[       OK ] TimingTest.ClockTimestamp (0 ms)
[----------] 1 test from TimingTest (0 ms total)

[----------] Global test environment tear-down
[==========] 1 test from 1 test suite ran. (0 ms total)
[  PASSED  ] 1 test.
<end of output>
Test time =   0.01 sec
----------------------------------------------------------
Test Passed.
"TimingTest.ClockTimestamp" end time: Jul 05 03:32 UTC
"TimingTest.ClockTimestamp" time elapsed: 00:00:00
----------------------------------------------------------

15/178 Testing: ModuleRegistryTest.RegisterAndGet
15/178 Test: ModuleRegistryTest.RegisterAndGet
Command: "/home/z/my-project/build/bin/EngineTests" "--gtest_filter=ModuleRegistryTest.RegisterAndGet" "--gtest_also_run_disabled_tests"
Directory: /home/z/my-project/build/Tests
"ModuleRegistryTest.RegisterAndGet" start time: Jul 05 03:32 UTC
Output:
----------------------------------------------------------
Running main() from /home/z/my-project/build/_deps/googletest-src/googletest/src/gtest_main.cc
Note: Google Test filter = ModuleRegistryTest.RegisterAndGet
[==========] Running 1 test from 1 test suite.
[----------] Global test environment set-up.
[----------] 1 test from ModuleRegistryTest
[ RUN      ] ModuleRegistryTest.RegisterAndGet
[I] Logging system initialized. App: ModuleRegistryTests
[D] ModuleRegistry — registered module 'TestModule' (priority 10)
[D] ModuleRegistry — unregistered module 'TestModule'
[I] Logging system shutting down.
[       OK ] ModuleRegistryTest.RegisterAndGet (0 ms)
[----------] 1 test from ModuleRegistryTest (0 ms total)

[----------] Global test environment tear-down
[==========] 1 test from 1 test suite ran. (0 ms total)
[  PASSED  ] 1 test.
<end of output>
Test time =   0.01 sec
----------------------------------------------------------
Test Passed.
"ModuleRegistryTest.RegisterAndGet" end time: Jul 05 03:32 UTC
"ModuleRegistryTest.RegisterAndGet" time elapsed: 00:00:00
----------------------------------------------------------

16/178 Testing: ModuleRegistryTest.InitializeAll
16/178 Test: ModuleRegistryTest.InitializeAll
Command: "/home/z/my-project/build/bin/EngineTests" "--gtest_filter=ModuleRegistryTest.InitializeAll" "--gtest_also_run_disabled_tests"
Directory: /home/z/my-project/build/Tests
"ModuleRegistryTest.InitializeAll" start time: Jul 05 03:32 UTC
Output:
----------------------------------------------------------
Running main() from /home/z/my-project/build/_deps/googletest-src/googletest/src/gtest_main.cc
Note: Google Test filter = ModuleRegistryTest.InitializeAll
[==========] Running 1 test from 1 test suite.
[----------] Global test environment set-up.
[----------] 1 test from ModuleRegistryTest
[ RUN      ] ModuleRegistryTest.InitializeAll
[I] Logging system initialized. App: ModuleRegistryTests
[D] ModuleRegistry — registered module 'Mod_High' (priority 10)
[D] ModuleRegistry — registered module 'Mod_Mid' (priority 5)
[D] ModuleRegistry — registered module 'Mod_Low' (priority 1)
[I] ModuleRegistry — initializing 'Mod_Low' (priority 1)
[I] ModuleRegistry — module 'Mod_Low' initialized successfully
[I] ModuleRegistry — initializing 'Mod_Mid' (priority 5)
[I] ModuleRegistry — module 'Mod_Mid' initialized successfully
[I] ModuleRegistry — initializing 'Mod_High' (priority 10)
[I] ModuleRegistry — module 'Mod_High' initialized successfully
[I] ModuleRegistry — all 3 modules initialized
[I] ModuleRegistry — shutting down 'Mod_High' before unregister
[D] ModuleRegistry — unregistered module 'Mod_High'
[I] ModuleRegistry — shutting down 'Mod_Low' before unregister
[D] ModuleRegistry — unregistered module 'Mod_Low'
[I] Logging system shutting down.
[       OK ] ModuleRegistryTest.InitializeAll (0 ms)
[----------] 1 test from ModuleRegistryTest (0 ms total)

[----------] Global test environment tear-down
[==========] 1 test from 1 test suite ran. (0 ms total)
[  PASSED  ] 1 test.
<end of output>
Test time =   0.01 sec
----------------------------------------------------------
Test Passed.
"ModuleRegistryTest.InitializeAll" end time: Jul 05 03:32 UTC
"ModuleRegistryTest.InitializeAll" time elapsed: 00:00:00
----------------------------------------------------------

17/178 Testing: ModuleRegistryTest.ShutdownOrder
17/178 Test: ModuleRegistryTest.ShutdownOrder
Command: "/home/z/my-project/build/bin/EngineTests" "--gtest_filter=ModuleRegistryTest.ShutdownOrder" "--gtest_also_run_disabled_tests"
Directory: /home/z/my-project/build/Tests
"ModuleRegistryTest.ShutdownOrder" start time: Jul 05 03:32 UTC
Output:
----------------------------------------------------------
Running main() from /home/z/my-project/build/_deps/googletest-src/googletest/src/gtest_main.cc
Note: Google Test filter = ModuleRegistryTest.ShutdownOrder
[==========] Running 1 test from 1 test suite.
[----------] Global test environment set-up.
[----------] 1 test from ModuleRegistryTest
[ RUN      ] ModuleRegistryTest.ShutdownOrder
[I] Logging system initialized. App: ModuleRegistryTests
[D] ModuleRegistry — registered module 'Mod_High' (priority 10)
[D] ModuleRegistry — registered module 'Mod_Mid' (priority 5)
[D] ModuleRegistry — registered module 'Mod_Low' (priority 1)
[I] ModuleRegistry — initializing 'Mod_Low' (priority 1)
[I] ModuleRegistry — module 'Mod_Low' initialized successfully
[I] ModuleRegistry — initializing 'Mod_Mid' (priority 5)
[I] ModuleRegistry — module 'Mod_Mid' initialized successfully
[I] ModuleRegistry — initializing 'Mod_High' (priority 10)
[I] ModuleRegistry — module 'Mod_High' initialized successfully
[I] ModuleRegistry — all 3 modules initialized
[I] ModuleRegistry — shutting down 'Mod_High' (priority 10)
[I] ModuleRegistry — module 'Mod_High' shut down
[I] ModuleRegistry — shutting down 'Mod_Mid' (priority 5)
[I] ModuleRegistry — module 'Mod_Mid' shut down
[I] ModuleRegistry — shutting down 'Mod_Low' (priority 1)
[I] ModuleRegistry — module 'Mod_Low' shut down
[I] ModuleRegistry — all modules shut down
[D] ModuleRegistry — unregistered module 'Mod_High'
[D] ModuleRegistry — unregistered module 'Mod_Low'
[I] Logging system shutting down.
[       OK ] ModuleRegistryTest.ShutdownOrder (0 ms)
[----------] 1 test from ModuleRegistryTest (0 ms total)

[----------] Global test environment tear-down
[==========] 1 test from 1 test suite ran. (0 ms total)
[  PASSED  ] 1 test.
<end of output>
Test time =   0.01 sec
----------------------------------------------------------
Test Passed.
"ModuleRegistryTest.ShutdownOrder" end time: Jul 05 03:32 UTC
"ModuleRegistryTest.ShutdownOrder" time elapsed: 00:00:00
----------------------------------------------------------

18/178 Testing: ModuleRegistryTest.IsInitialized
18/178 Test: ModuleRegistryTest.IsInitialized
Command: "/home/z/my-project/build/bin/EngineTests" "--gtest_filter=ModuleRegistryTest.IsInitialized" "--gtest_also_run_disabled_tests"
Directory: /home/z/my-project/build/Tests
"ModuleRegistryTest.IsInitialized" start time: Jul 05 03:32 UTC
Output:
----------------------------------------------------------
Running main() from /home/z/my-project/build/_deps/googletest-src/googletest/src/gtest_main.cc
Note: Google Test filter = ModuleRegistryTest.IsInitialized
[==========] Running 1 test from 1 test suite.
[----------] Global test environment set-up.
[----------] 1 test from ModuleRegistryTest
[ RUN      ] ModuleRegistryTest.IsInitialized
[I] Logging system initialized. App: ModuleRegistryTests
[D] ModuleRegistry — registered module 'InitCheck' (priority 1)
[I] ModuleRegistry — initializing 'InitCheck' (priority 1)
[I] ModuleRegistry — module 'InitCheck' initialized successfully
[I] ModuleRegistry — all 1 modules initialized
[I] ModuleRegistry — shutting down 'InitCheck' before unregister
[D] ModuleRegistry — unregistered module 'InitCheck'
[I] Logging system shutting down.
[       OK ] ModuleRegistryTest.IsInitialized (0 ms)
[----------] 1 test from ModuleRegistryTest (0 ms total)

[----------] Global test environment tear-down
[==========] 1 test from 1 test suite ran. (0 ms total)
[  PASSED  ] 1 test.
<end of output>
Test time =   0.01 sec
----------------------------------------------------------
Test Passed.
"ModuleRegistryTest.IsInitialized" end time: Jul 05 03:32 UTC
"ModuleRegistryTest.IsInitialized" time elapsed: 00:00:00
----------------------------------------------------------

19/178 Testing: ModuleRegistryTest.Unregister
19/178 Test: ModuleRegistryTest.Unregister
Command: "/home/z/my-project/build/bin/EngineTests" "--gtest_filter=ModuleRegistryTest.Unregister" "--gtest_also_run_disabled_tests"
Directory: /home/z/my-project/build/Tests
"ModuleRegistryTest.Unregister" start time: Jul 05 03:32 UTC
Output:
----------------------------------------------------------
Running main() from /home/z/my-project/build/_deps/googletest-src/googletest/src/gtest_main.cc
Note: Google Test filter = ModuleRegistryTest.Unregister
[==========] Running 1 test from 1 test suite.
[----------] Global test environment set-up.
[----------] 1 test from ModuleRegistryTest
[ RUN      ] ModuleRegistryTest.Unregister
[I] Logging system initialized. App: ModuleRegistryTests
[D] ModuleRegistry — registered module 'ToRemove' (priority 1)
[D] ModuleRegistry — unregistered module 'ToRemove'
[I] Logging system shutting down.
[       OK ] ModuleRegistryTest.Unregister (0 ms)
[----------] 1 test from ModuleRegistryTest (0 ms total)

[----------] Global test environment tear-down
[==========] 1 test from 1 test suite ran. (0 ms total)
[  PASSED  ] 1 test.
<end of output>
Test time =   0.01 sec
----------------------------------------------------------
Test Passed.
"ModuleRegistryTest.Unregister" end time: Jul 05 03:32 UTC
"ModuleRegistryTest.Unregister" time elapsed: 00:00:00
----------------------------------------------------------

20/178 Testing: ModuleRegistryTest.DuplicateNameReplace
20/178 Test: ModuleRegistryTest.DuplicateNameReplace
Command: "/home/z/my-project/build/bin/EngineTests" "--gtest_filter=ModuleRegistryTest.DuplicateNameReplace" "--gtest_also_run_disabled_tests"
Directory: /home/z/my-project/build/Tests
"ModuleRegistryTest.DuplicateNameReplace" start time: Jul 05 03:32 UTC
Output:
----------------------------------------------------------
Running main() from /home/z/my-project/build/_deps/googletest-src/googletest/src/gtest_main.cc
Note: Google Test filter = ModuleRegistryTest.DuplicateNameReplace
[==========] Running 1 test from 1 test suite.
[----------] Global test environment set-up.
[----------] 1 test from ModuleRegistryTest
[ RUN      ] ModuleRegistryTest.DuplicateNameReplace
[I] Logging system initialized. App: ModuleRegistryTests
[D] ModuleRegistry — registered module 'DupMod' (priority 1)
[D] ModuleRegistry — replaced module 'DupMod'
[D] ModuleRegistry — unregistered module 'DupMod'
[I] Logging system shutting down.
[       OK ] ModuleRegistryTest.DuplicateNameReplace (0 ms)
[----------] 1 test from ModuleRegistryTest (0 ms total)

[----------] Global test environment tear-down
[==========] 1 test from 1 test suite ran. (0 ms total)
[  PASSED  ] 1 test.
<end of output>
Test time =   0.01 sec
----------------------------------------------------------
Test Passed.
"ModuleRegistryTest.DuplicateNameReplace" end time: Jul 05 03:32 UTC
"ModuleRegistryTest.DuplicateNameReplace" time elapsed: 00:00:00
----------------------------------------------------------

21/178 Testing: PathTest.DefaultConstructor
21/178 Test: PathTest.DefaultConstructor
Command: "/home/z/my-project/build/bin/EngineTests" "--gtest_filter=PathTest.DefaultConstructor" "--gtest_also_run_disabled_tests"
Directory: /home/z/my-project/build/Tests
"PathTest.DefaultConstructor" start time: Jul 05 03:32 UTC
Output:
----------------------------------------------------------
Running main() from /home/z/my-project/build/_deps/googletest-src/googletest/src/gtest_main.cc
Note: Google Test filter = PathTest.DefaultConstructor
[==========] Running 1 test from 1 test suite.
[----------] Global test environment set-up.
[----------] 1 test from PathTest
[ RUN      ] PathTest.DefaultConstructor
[       OK ] PathTest.DefaultConstructor (0 ms)
[----------] 1 test from PathTest (0 ms total)

[----------] Global test environment tear-down
[==========] 1 test from 1 test suite ran. (0 ms total)
[  PASSED  ] 1 test.
<end of output>
Test time =   0.01 sec
----------------------------------------------------------
Test Passed.
"PathTest.DefaultConstructor" end time: Jul 05 03:32 UTC
"PathTest.DefaultConstructor" time elapsed: 00:00:00
----------------------------------------------------------

22/178 Testing: PathTest.FromString
22/178 Test: PathTest.FromString
Command: "/home/z/my-project/build/bin/EngineTests" "--gtest_filter=PathTest.FromString" "--gtest_also_run_disabled_tests"
Directory: /home/z/my-project/build/Tests
"PathTest.FromString" start time: Jul 05 03:32 UTC
Output:
----------------------------------------------------------
Running main() from /home/z/my-project/build/_deps/googletest-src/googletest/src/gtest_main.cc
Note: Google Test filter = PathTest.FromString
[==========] Running 1 test from 1 test suite.
[----------] Global test environment set-up.
[----------] 1 test from PathTest
[ RUN      ] PathTest.FromString
[       OK ] PathTest.FromString (0 ms)
[----------] 1 test from PathTest (0 ms total)

[----------] Global test environment tear-down
[==========] 1 test from 1 test suite ran. (0 ms total)
[  PASSED  ] 1 test.
<end of output>
Test time =   0.01 sec
----------------------------------------------------------
Test Passed.
"PathTest.FromString" end time: Jul 05 03:32 UTC
"PathTest.FromString" time elapsed: 00:00:00
----------------------------------------------------------

23/178 Testing: PathTest.Append
23/178 Test: PathTest.Append
Command: "/home/z/my-project/build/bin/EngineTests" "--gtest_filter=PathTest.Append" "--gtest_also_run_disabled_tests"
Directory: /home/z/my-project/build/Tests
"PathTest.Append" start time: Jul 05 03:32 UTC
Output:
----------------------------------------------------------
Running main() from /home/z/my-project/build/_deps/googletest-src/googletest/src/gtest_main.cc
Note: Google Test filter = PathTest.Append
[==========] Running 1 test from 1 test suite.
[----------] Global test environment set-up.
[----------] 1 test from PathTest
[ RUN      ] PathTest.Append
[       OK ] PathTest.Append (0 ms)
[----------] 1 test from PathTest (0 ms total)

[----------] Global test environment tear-down
[==========] 1 test from 1 test suite ran. (0 ms total)
[  PASSED  ] 1 test.
<end of output>
Test time =   0.01 sec
----------------------------------------------------------
Test Passed.
"PathTest.Append" end time: Jul 05 03:32 UTC
"PathTest.Append" time elapsed: 00:00:00
----------------------------------------------------------

24/178 Testing: PathTest.Extension
24/178 Test: PathTest.Extension
Command: "/home/z/my-project/build/bin/EngineTests" "--gtest_filter=PathTest.Extension" "--gtest_also_run_disabled_tests"
Directory: /home/z/my-project/build/Tests
"PathTest.Extension" start time: Jul 05 03:32 UTC
Output:
----------------------------------------------------------
Running main() from /home/z/my-project/build/_deps/googletest-src/googletest/src/gtest_main.cc
Note: Google Test filter = PathTest.Extension
[==========] Running 1 test from 1 test suite.
[----------] Global test environment set-up.
[----------] 1 test from PathTest
[ RUN      ] PathTest.Extension
[       OK ] PathTest.Extension (0 ms)
[----------] 1 test from PathTest (0 ms total)

[----------] Global test environment tear-down
[==========] 1 test from 1 test suite ran. (0 ms total)
[  PASSED  ] 1 test.
<end of output>
Test time =   0.01 sec
----------------------------------------------------------
Test Passed.
"PathTest.Extension" end time: Jul 05 03:32 UTC
"PathTest.Extension" time elapsed: 00:00:00
----------------------------------------------------------

25/178 Testing: PathTest.Stem
25/178 Test: PathTest.Stem
Command: "/home/z/my-project/build/bin/EngineTests" "--gtest_filter=PathTest.Stem" "--gtest_also_run_disabled_tests"
Directory: /home/z/my-project/build/Tests
"PathTest.Stem" start time: Jul 05 03:32 UTC
Output:
----------------------------------------------------------
Running main() from /home/z/my-project/build/_deps/googletest-src/googletest/src/gtest_main.cc
Note: Google Test filter = PathTest.Stem
[==========] Running 1 test from 1 test suite.
[----------] Global test environment set-up.
[----------] 1 test from PathTest
[ RUN      ] PathTest.Stem
[       OK ] PathTest.Stem (0 ms)
[----------] 1 test from PathTest (0 ms total)

[----------] Global test environment tear-down
[==========] 1 test from 1 test suite ran. (0 ms total)
[  PASSED  ] 1 test.
<end of output>
Test time =   0.01 sec
----------------------------------------------------------
Test Passed.
"PathTest.Stem" end time: Jul 05 03:32 UTC
"PathTest.Stem" time elapsed: 00:00:00
----------------------------------------------------------

26/178 Testing: PathTest.Parent
26/178 Test: PathTest.Parent
Command: "/home/z/my-project/build/bin/EngineTests" "--gtest_filter=PathTest.Parent" "--gtest_also_run_disabled_tests"
Directory: /home/z/my-project/build/Tests
"PathTest.Parent" start time: Jul 05 03:32 UTC
Output:
----------------------------------------------------------
Running main() from /home/z/my-project/build/_deps/googletest-src/googletest/src/gtest_main.cc
Note: Google Test filter = PathTest.Parent
[==========] Running 1 test from 1 test suite.
[----------] Global test environment set-up.
[----------] 1 test from PathTest
[ RUN      ] PathTest.Parent
[       OK ] PathTest.Parent (0 ms)
[----------] 1 test from PathTest (0 ms total)

[----------] Global test environment tear-down
[==========] 1 test from 1 test suite ran. (0 ms total)
[  PASSED  ] 1 test.
<end of output>
Test time =   0.01 sec
----------------------------------------------------------
Test Passed.
"PathTest.Parent" end time: Jul 05 03:32 UTC
"PathTest.Parent" time elapsed: 00:00:00
----------------------------------------------------------

27/178 Testing: PathTest.CurrentWorkingDirectory
27/178 Test: PathTest.CurrentWorkingDirectory
Command: "/home/z/my-project/build/bin/EngineTests" "--gtest_filter=PathTest.CurrentWorkingDirectory" "--gtest_also_run_disabled_tests"
Directory: /home/z/my-project/build/Tests
"PathTest.CurrentWorkingDirectory" start time: Jul 05 03:32 UTC
Output:
----------------------------------------------------------
Running main() from /home/z/my-project/build/_deps/googletest-src/googletest/src/gtest_main.cc
Note: Google Test filter = PathTest.CurrentWorkingDirectory
[==========] Running 1 test from 1 test suite.
[----------] Global test environment set-up.
[----------] 1 test from PathTest
[ RUN      ] PathTest.CurrentWorkingDirectory
[       OK ] PathTest.CurrentWorkingDirectory (0 ms)
[----------] 1 test from PathTest (0 ms total)

[----------] Global test environment tear-down
[==========] 1 test from 1 test suite ran. (0 ms total)
[  PASSED  ] 1 test.
<end of output>
Test time =   0.01 sec
----------------------------------------------------------
Test Passed.
"PathTest.CurrentWorkingDirectory" end time: Jul 05 03:32 UTC
"PathTest.CurrentWorkingDirectory" time elapsed: 00:00:00
----------------------------------------------------------

28/178 Testing: PathTest.Equality
28/178 Test: PathTest.Equality
Command: "/home/z/my-project/build/bin/EngineTests" "--gtest_filter=PathTest.Equality" "--gtest_also_run_disabled_tests"
Directory: /home/z/my-project/build/Tests
"PathTest.Equality" start time: Jul 05 03:32 UTC
Output:
----------------------------------------------------------
Running main() from /home/z/my-project/build/_deps/googletest-src/googletest/src/gtest_main.cc
Note: Google Test filter = PathTest.Equality
[==========] Running 1 test from 1 test suite.
[----------] Global test environment set-up.
[----------] 1 test from PathTest
[ RUN      ] PathTest.Equality
[       OK ] PathTest.Equality (0 ms)
[----------] 1 test from PathTest (0 ms total)

[----------] Global test environment tear-down
[==========] 1 test from 1 test suite ran. (0 ms total)
[  PASSED  ] 1 test.
<end of output>
Test time =   0.01 sec
----------------------------------------------------------
Test Passed.
"PathTest.Equality" end time: Jul 05 03:32 UTC
"PathTest.Equality" time elapsed: 00:00:00
----------------------------------------------------------

29/178 Testing: FileTest.ReadWriteText
29/178 Test: FileTest.ReadWriteText
Command: "/home/z/my-project/build/bin/EngineTests" "--gtest_filter=FileTest.ReadWriteText" "--gtest_also_run_disabled_tests"
Directory: /home/z/my-project/build/Tests
"FileTest.ReadWriteText" start time: Jul 05 03:32 UTC
Output:
----------------------------------------------------------
Running main() from /home/z/my-project/build/_deps/googletest-src/googletest/src/gtest_main.cc
Note: Google Test filter = FileTest.ReadWriteText
[==========] Running 1 test from 1 test suite.
[----------] Global test environment set-up.
[----------] 1 test from FileTest
[ RUN      ] FileTest.ReadWriteText
[I] Logging system initialized. App: FileTests
[I] Logging system shutting down.
[       OK ] FileTest.ReadWriteText (1 ms)
[----------] 1 test from FileTest (1 ms total)

[----------] Global test environment tear-down
[==========] 1 test from 1 test suite ran. (1 ms total)
[  PASSED  ] 1 test.
<end of output>
Test time =   0.01 sec
----------------------------------------------------------
Test Passed.
"FileTest.ReadWriteText" end time: Jul 05 03:32 UTC
"FileTest.ReadWriteText" time elapsed: 00:00:00
----------------------------------------------------------

30/178 Testing: FileTest.AppendText
30/178 Test: FileTest.AppendText
Command: "/home/z/my-project/build/bin/EngineTests" "--gtest_filter=FileTest.AppendText" "--gtest_also_run_disabled_tests"
Directory: /home/z/my-project/build/Tests
"FileTest.AppendText" start time: Jul 05 03:32 UTC
Output:
----------------------------------------------------------
Running main() from /home/z/my-project/build/_deps/googletest-src/googletest/src/gtest_main.cc
Note: Google Test filter = FileTest.AppendText
[==========] Running 1 test from 1 test suite.
[----------] Global test environment set-up.
[----------] 1 test from FileTest
[ RUN      ] FileTest.AppendText
[I] Logging system initialized. App: FileTests
[I] Logging system shutting down.
[       OK ] FileTest.AppendText (0 ms)
[----------] 1 test from FileTest (0 ms total)

[----------] Global test environment tear-down
[==========] 1 test from 1 test suite ran. (0 ms total)
[  PASSED  ] 1 test.
<end of output>
Test time =   0.01 sec
----------------------------------------------------------
Test Passed.
"FileTest.AppendText" end time: Jul 05 03:32 UTC
"FileTest.AppendText" time elapsed: 00:00:00
----------------------------------------------------------

31/178 Testing: FileTest.ReadWriteBinary
31/178 Test: FileTest.ReadWriteBinary
Command: "/home/z/my-project/build/bin/EngineTests" "--gtest_filter=FileTest.ReadWriteBinary" "--gtest_also_run_disabled_tests"
Directory: /home/z/my-project/build/Tests
"FileTest.ReadWriteBinary" start time: Jul 05 03:32 UTC
Output:
----------------------------------------------------------
Running main() from /home/z/my-project/build/_deps/googletest-src/googletest/src/gtest_main.cc
Note: Google Test filter = FileTest.ReadWriteBinary
[==========] Running 1 test from 1 test suite.
[----------] Global test environment set-up.
[----------] 1 test from FileTest
[ RUN      ] FileTest.ReadWriteBinary
[I] Logging system initialized. App: FileTests
[I] Logging system shutting down.
[       OK ] FileTest.ReadWriteBinary (0 ms)
[----------] 1 test from FileTest (0 ms total)

[----------] Global test environment tear-down
[==========] 1 test from 1 test suite ran. (0 ms total)
[  PASSED  ] 1 test.
<end of output>
Test time =   0.01 sec
----------------------------------------------------------
Test Passed.
"FileTest.ReadWriteBinary" end time: Jul 05 03:32 UTC
"FileTest.ReadWriteBinary" time elapsed: 00:00:00
----------------------------------------------------------

32/178 Testing: FileTest.Exists
32/178 Test: FileTest.Exists
Command: "/home/z/my-project/build/bin/EngineTests" "--gtest_filter=FileTest.Exists" "--gtest_also_run_disabled_tests"
Directory: /home/z/my-project/build/Tests
"FileTest.Exists" start time: Jul 05 03:32 UTC
Output:
----------------------------------------------------------
Running main() from /home/z/my-project/build/_deps/googletest-src/googletest/src/gtest_main.cc
Note: Google Test filter = FileTest.Exists
[==========] Running 1 test from 1 test suite.
[----------] Global test environment set-up.
[----------] 1 test from FileTest
[ RUN      ] FileTest.Exists
[I] Logging system initialized. App: FileTests
[I] Logging system shutting down.
[       OK ] FileTest.Exists (0 ms)
[----------] 1 test from FileTest (0 ms total)

[----------] Global test environment tear-down
[==========] 1 test from 1 test suite ran. (0 ms total)
[  PASSED  ] 1 test.
<end of output>
Test time =   0.01 sec
----------------------------------------------------------
Test Passed.
"FileTest.Exists" end time: Jul 05 03:32 UTC
"FileTest.Exists" time elapsed: 00:00:00
----------------------------------------------------------

33/178 Testing: FileTest.Copy
33/178 Test: FileTest.Copy
Command: "/home/z/my-project/build/bin/EngineTests" "--gtest_filter=FileTest.Copy" "--gtest_also_run_disabled_tests"
Directory: /home/z/my-project/build/Tests
"FileTest.Copy" start time: Jul 05 03:32 UTC
Output:
----------------------------------------------------------
Running main() from /home/z/my-project/build/_deps/googletest-src/googletest/src/gtest_main.cc
Note: Google Test filter = FileTest.Copy
[==========] Running 1 test from 1 test suite.
[----------] Global test environment set-up.
[----------] 1 test from FileTest
[ RUN      ] FileTest.Copy
[I] Logging system initialized. App: FileTests
[I] Logging system shutting down.
[       OK ] FileTest.Copy (0 ms)
[----------] 1 test from FileTest (0 ms total)

[----------] Global test environment tear-down
[==========] 1 test from 1 test suite ran. (0 ms total)
[  PASSED  ] 1 test.
<end of output>
Test time =   0.01 sec
----------------------------------------------------------
Test Passed.
"FileTest.Copy" end time: Jul 05 03:32 UTC
"FileTest.Copy" time elapsed: 00:00:00
----------------------------------------------------------

34/178 Testing: FileTest.Move
34/178 Test: FileTest.Move
Command: "/home/z/my-project/build/bin/EngineTests" "--gtest_filter=FileTest.Move" "--gtest_also_run_disabled_tests"
Directory: /home/z/my-project/build/Tests
"FileTest.Move" start time: Jul 05 03:32 UTC
Output:
----------------------------------------------------------
Running main() from /home/z/my-project/build/_deps/googletest-src/googletest/src/gtest_main.cc
Note: Google Test filter = FileTest.Move
[==========] Running 1 test from 1 test suite.
[----------] Global test environment set-up.
[----------] 1 test from FileTest
[ RUN      ] FileTest.Move
[I] Logging system initialized. App: FileTests
[I] Logging system shutting down.
[       OK ] FileTest.Move (0 ms)
[----------] 1 test from FileTest (0 ms total)

[----------] Global test environment tear-down
[==========] 1 test from 1 test suite ran. (0 ms total)
[  PASSED  ] 1 test.
<end of output>
Test time =   0.01 sec
----------------------------------------------------------
Test Passed.
"FileTest.Move" end time: Jul 05 03:32 UTC
"FileTest.Move" time elapsed: 00:00:00
----------------------------------------------------------

35/178 Testing: FileTest.Size
35/178 Test: FileTest.Size
Command: "/home/z/my-project/build/bin/EngineTests" "--gtest_filter=FileTest.Size" "--gtest_also_run_disabled_tests"
Directory: /home/z/my-project/build/Tests
"FileTest.Size" start time: Jul 05 03:32 UTC
Output:
----------------------------------------------------------
Running main() from /home/z/my-project/build/_deps/googletest-src/googletest/src/gtest_main.cc
Note: Google Test filter = FileTest.Size
[==========] Running 1 test from 1 test suite.
[----------] Global test environment set-up.
[----------] 1 test from FileTest
[ RUN      ] FileTest.Size
[I] Logging system initialized. App: FileTests
[I] Logging system shutting down.
[       OK ] FileTest.Size (0 ms)
[----------] 1 test from FileTest (0 ms total)

[----------] Global test environment tear-down
[==========] 1 test from 1 test suite ran. (0 ms total)
[  PASSED  ] 1 test.
<end of output>
Test time =   0.01 sec
----------------------------------------------------------
Test Passed.
"FileTest.Size" end time: Jul 05 03:32 UTC
"FileTest.Size" time elapsed: 00:00:00
----------------------------------------------------------

36/178 Testing: FileTest.ReadLines
36/178 Test: FileTest.ReadLines
Command: "/home/z/my-project/build/bin/EngineTests" "--gtest_filter=FileTest.ReadLines" "--gtest_also_run_disabled_tests"
Directory: /home/z/my-project/build/Tests
"FileTest.ReadLines" start time: Jul 05 03:32 UTC
Output:
----------------------------------------------------------
Running main() from /home/z/my-project/build/_deps/googletest-src/googletest/src/gtest_main.cc
Note: Google Test filter = FileTest.ReadLines
[==========] Running 1 test from 1 test suite.
[----------] Global test environment set-up.
[----------] 1 test from FileTest
[ RUN      ] FileTest.ReadLines
[I] Logging system initialized. App: FileTests
[I] Logging system shutting down.
[       OK ] FileTest.ReadLines (0 ms)
[----------] 1 test from FileTest (0 ms total)

[----------] Global test environment tear-down
[==========] 1 test from 1 test suite ran. (0 ms total)
[  PASSED  ] 1 test.
<end of output>
Test time =   0.01 sec
----------------------------------------------------------
Test Passed.
"FileTest.ReadLines" end time: Jul 05 03:32 UTC
"FileTest.ReadLines" time elapsed: 00:00:00
----------------------------------------------------------

37/178 Testing: FileTest.Delete
37/178 Test: FileTest.Delete
Command: "/home/z/my-project/build/bin/EngineTests" "--gtest_filter=FileTest.Delete" "--gtest_also_run_disabled_tests"
Directory: /home/z/my-project/build/Tests
"FileTest.Delete" start time: Jul 05 03:32 UTC
Output:
----------------------------------------------------------
Running main() from /home/z/my-project/build/_deps/googletest-src/googletest/src/gtest_main.cc
Note: Google Test filter = FileTest.Delete
[==========] Running 1 test from 1 test suite.
[----------] Global test environment set-up.
[----------] 1 test from FileTest
[ RUN      ] FileTest.Delete
[I] Logging system initialized. App: FileTests
[I] Logging system shutting down.
[       OK ] FileTest.Delete (0 ms)
[----------] 1 test from FileTest (0 ms total)

[----------] Global test environment tear-down
[==========] 1 test from 1 test suite ran. (0 ms total)
[  PASSED  ] 1 test.
<end of output>
Test time =   0.01 sec
----------------------------------------------------------
Test Passed.
"FileTest.Delete" end time: Jul 05 03:32 UTC
"FileTest.Delete" time elapsed: 00:00:00
----------------------------------------------------------

38/178 Testing: DirectoryTest.CreateAndExists
38/178 Test: DirectoryTest.CreateAndExists
Command: "/home/z/my-project/build/bin/EngineTests" "--gtest_filter=DirectoryTest.CreateAndExists" "--gtest_also_run_disabled_tests"
Directory: /home/z/my-project/build/Tests
"DirectoryTest.CreateAndExists" start time: Jul 05 03:32 UTC
Output:
----------------------------------------------------------
Running main() from /home/z/my-project/build/_deps/googletest-src/googletest/src/gtest_main.cc
Note: Google Test filter = DirectoryTest.CreateAndExists
[==========] Running 1 test from 1 test suite.
[----------] Global test environment set-up.
[----------] 1 test from DirectoryTest
[ RUN      ] DirectoryTest.CreateAndExists
[I] Logging system initialized. App: DirectoryTests
[I] Logging system shutting down.
[       OK ] DirectoryTest.CreateAndExists (1 ms)
[----------] 1 test from DirectoryTest (1 ms total)

[----------] Global test environment tear-down
[==========] 1 test from 1 test suite ran. (1 ms total)
[  PASSED  ] 1 test.
<end of output>
Test time =   0.01 sec
----------------------------------------------------------
Test Passed.
"DirectoryTest.CreateAndExists" end time: Jul 05 03:32 UTC
"DirectoryTest.CreateAndExists" time elapsed: 00:00:00
----------------------------------------------------------

39/178 Testing: DirectoryTest.CreateAll
39/178 Test: DirectoryTest.CreateAll
Command: "/home/z/my-project/build/bin/EngineTests" "--gtest_filter=DirectoryTest.CreateAll" "--gtest_also_run_disabled_tests"
Directory: /home/z/my-project/build/Tests
"DirectoryTest.CreateAll" start time: Jul 05 03:32 UTC
Output:
----------------------------------------------------------
Running main() from /home/z/my-project/build/_deps/googletest-src/googletest/src/gtest_main.cc
Note: Google Test filter = DirectoryTest.CreateAll
[==========] Running 1 test from 1 test suite.
[----------] Global test environment set-up.
[----------] 1 test from DirectoryTest
[ RUN      ] DirectoryTest.CreateAll
[I] Logging system initialized. App: DirectoryTests
[I] Logging system shutting down.
[       OK ] DirectoryTest.CreateAll (1 ms)
[----------] 1 test from DirectoryTest (1 ms total)

[----------] Global test environment tear-down
[==========] 1 test from 1 test suite ran. (1 ms total)
[  PASSED  ] 1 test.
<end of output>
Test time =   0.01 sec
----------------------------------------------------------
Test Passed.
"DirectoryTest.CreateAll" end time: Jul 05 03:32 UTC
"DirectoryTest.CreateAll" time elapsed: 00:00:00
----------------------------------------------------------

40/178 Testing: DirectoryTest.Remove
40/178 Test: DirectoryTest.Remove
Command: "/home/z/my-project/build/bin/EngineTests" "--gtest_filter=DirectoryTest.Remove" "--gtest_also_run_disabled_tests"
Directory: /home/z/my-project/build/Tests
"DirectoryTest.Remove" start time: Jul 05 03:32 UTC
Output:
----------------------------------------------------------
Running main() from /home/z/my-project/build/_deps/googletest-src/googletest/src/gtest_main.cc
Note: Google Test filter = DirectoryTest.Remove
[==========] Running 1 test from 1 test suite.
[----------] Global test environment set-up.
[----------] 1 test from DirectoryTest
[ RUN      ] DirectoryTest.Remove
[I] Logging system initialized. App: DirectoryTests
[I] Logging system shutting down.
[       OK ] DirectoryTest.Remove (0 ms)
[----------] 1 test from DirectoryTest (0 ms total)

[----------] Global test environment tear-down
[==========] 1 test from 1 test suite ran. (0 ms total)
[  PASSED  ] 1 test.
<end of output>
Test time =   0.01 sec
----------------------------------------------------------
Test Passed.
"DirectoryTest.Remove" end time: Jul 05 03:32 UTC
"DirectoryTest.Remove" time elapsed: 00:00:00
----------------------------------------------------------

41/178 Testing: DirectoryTest.RemoveAll
41/178 Test: DirectoryTest.RemoveAll
Command: "/home/z/my-project/build/bin/EngineTests" "--gtest_filter=DirectoryTest.RemoveAll" "--gtest_also_run_disabled_tests"
Directory: /home/z/my-project/build/Tests
"DirectoryTest.RemoveAll" start time: Jul 05 03:32 UTC
Output:
----------------------------------------------------------
Running main() from /home/z/my-project/build/_deps/googletest-src/googletest/src/gtest_main.cc
Note: Google Test filter = DirectoryTest.RemoveAll
[==========] Running 1 test from 1 test suite.
[----------] Global test environment set-up.
[----------] 1 test from DirectoryTest
[ RUN      ] DirectoryTest.RemoveAll
[I] Logging system initialized. App: DirectoryTests
[I] Logging system shutting down.
[       OK ] DirectoryTest.RemoveAll (0 ms)
[----------] 1 test from DirectoryTest (0 ms total)

[----------] Global test environment tear-down
[==========] 1 test from 1 test suite ran. (0 ms total)
[  PASSED  ] 1 test.
<end of output>
Test time =   0.01 sec
----------------------------------------------------------
Test Passed.
"DirectoryTest.RemoveAll" end time: Jul 05 03:32 UTC
"DirectoryTest.RemoveAll" time elapsed: 00:00:00
----------------------------------------------------------

42/178 Testing: DirectoryTest.Files
42/178 Test: DirectoryTest.Files
Command: "/home/z/my-project/build/bin/EngineTests" "--gtest_filter=DirectoryTest.Files" "--gtest_also_run_disabled_tests"
Directory: /home/z/my-project/build/Tests
"DirectoryTest.Files" start time: Jul 05 03:32 UTC
Output:
----------------------------------------------------------
Running main() from /home/z/my-project/build/_deps/googletest-src/googletest/src/gtest_main.cc
Note: Google Test filter = DirectoryTest.Files
[==========] Running 1 test from 1 test suite.
[----------] Global test environment set-up.
[----------] 1 test from DirectoryTest
[ RUN      ] DirectoryTest.Files
[I] Logging system initialized. App: DirectoryTests
[I] Logging system shutting down.
[       OK ] DirectoryTest.Files (0 ms)
[----------] 1 test from DirectoryTest (0 ms total)

[----------] Global test environment tear-down
[==========] 1 test from 1 test suite ran. (0 ms total)
[  PASSED  ] 1 test.
<end of output>
Test time =   0.01 sec
----------------------------------------------------------
Test Passed.
"DirectoryTest.Files" end time: Jul 05 03:32 UTC
"DirectoryTest.Files" time elapsed: 00:00:00
----------------------------------------------------------

43/178 Testing: DirectoryTest.Subdirectories
43/178 Test: DirectoryTest.Subdirectories
Command: "/home/z/my-project/build/bin/EngineTests" "--gtest_filter=DirectoryTest.Subdirectories" "--gtest_also_run_disabled_tests"
Directory: /home/z/my-project/build/Tests
"DirectoryTest.Subdirectories" start time: Jul 05 03:32 UTC
Output:
----------------------------------------------------------
Running main() from /home/z/my-project/build/_deps/googletest-src/googletest/src/gtest_main.cc
Note: Google Test filter = DirectoryTest.Subdirectories
[==========] Running 1 test from 1 test suite.
[----------] Global test environment set-up.
[----------] 1 test from DirectoryTest
[ RUN      ] DirectoryTest.Subdirectories
[I] Logging system initialized. App: DirectoryTests
[I] Logging system shutting down.
[       OK ] DirectoryTest.Subdirectories (0 ms)
[----------] 1 test from DirectoryTest (0 ms total)

[----------] Global test environment tear-down
[==========] 1 test from 1 test suite ran. (0 ms total)
[  PASSED  ] 1 test.
<end of output>
Test time =   0.01 sec
----------------------------------------------------------
Test Passed.
"DirectoryTest.Subdirectories" end time: Jul 05 03:32 UTC
"DirectoryTest.Subdirectories" time elapsed: 00:00:00
----------------------------------------------------------

44/178 Testing: DirectoryTest.IsEmpty
44/178 Test: DirectoryTest.IsEmpty
Command: "/home/z/my-project/build/bin/EngineTests" "--gtest_filter=DirectoryTest.IsEmpty" "--gtest_also_run_disabled_tests"
Directory: /home/z/my-project/build/Tests
"DirectoryTest.IsEmpty" start time: Jul 05 03:32 UTC
Output:
----------------------------------------------------------
Running main() from /home/z/my-project/build/_deps/googletest-src/googletest/src/gtest_main.cc
Note: Google Test filter = DirectoryTest.IsEmpty
[==========] Running 1 test from 1 test suite.
[----------] Global test environment set-up.
[----------] 1 test from DirectoryTest
[ RUN      ] DirectoryTest.IsEmpty
[I] Logging system initialized. App: DirectoryTests
[I] Logging system shutting down.
[       OK ] DirectoryTest.IsEmpty (0 ms)
[----------] 1 test from DirectoryTest (0 ms total)

[----------] Global test environment tear-down
[==========] 1 test from 1 test suite ran. (0 ms total)
[  PASSED  ] 1 test.
<end of output>
Test time =   0.01 sec
----------------------------------------------------------
Test Passed.
"DirectoryTest.IsEmpty" end time: Jul 05 03:32 UTC
"DirectoryTest.IsEmpty" time elapsed: 00:00:00
----------------------------------------------------------

45/178 Testing: DirectoryTest.FilesRecursive
45/178 Test: DirectoryTest.FilesRecursive
Command: "/home/z/my-project/build/bin/EngineTests" "--gtest_filter=DirectoryTest.FilesRecursive" "--gtest_also_run_disabled_tests"
Directory: /home/z/my-project/build/Tests
"DirectoryTest.FilesRecursive" start time: Jul 05 03:32 UTC
Output:
----------------------------------------------------------
Running main() from /home/z/my-project/build/_deps/googletest-src/googletest/src/gtest_main.cc
Note: Google Test filter = DirectoryTest.FilesRecursive
[==========] Running 1 test from 1 test suite.
[----------] Global test environment set-up.
[----------] 1 test from DirectoryTest
[ RUN      ] DirectoryTest.FilesRecursive
[I] Logging system initialized. App: DirectoryTests
[I] Logging system shutting down.
[       OK ] DirectoryTest.FilesRecursive (0 ms)
[----------] 1 test from DirectoryTest (0 ms total)

[----------] Global test environment tear-down
[==========] 1 test from 1 test suite ran. (0 ms total)
[  PASSED  ] 1 test.
<end of output>
Test time =   0.01 sec
----------------------------------------------------------
Test Passed.
"DirectoryTest.FilesRecursive" end time: Jul 05 03:32 UTC
"DirectoryTest.FilesRecursive" time elapsed: 00:00:00
----------------------------------------------------------

46/178 Testing: DirectoryTest.CurrentDirectory
46/178 Test: DirectoryTest.CurrentDirectory
Command: "/home/z/my-project/build/bin/EngineTests" "--gtest_filter=DirectoryTest.CurrentDirectory" "--gtest_also_run_disabled_tests"
Directory: /home/z/my-project/build/Tests
"DirectoryTest.CurrentDirectory" start time: Jul 05 03:32 UTC
Output:
----------------------------------------------------------
Running main() from /home/z/my-project/build/_deps/googletest-src/googletest/src/gtest_main.cc
Note: Google Test filter = DirectoryTest.CurrentDirectory
[==========] Running 1 test from 1 test suite.
[----------] Global test environment set-up.
[----------] 1 test from DirectoryTest
[ RUN      ] DirectoryTest.CurrentDirectory
[I] Logging system initialized. App: DirectoryTests
[I] Logging system shutting down.
[       OK ] DirectoryTest.CurrentDirectory (0 ms)
[----------] 1 test from DirectoryTest (0 ms total)

[----------] Global test environment tear-down
[==========] 1 test from 1 test suite ran. (0 ms total)
[  PASSED  ] 1 test.
<end of output>
Test time =   0.01 sec
----------------------------------------------------------
Test Passed.
"DirectoryTest.CurrentDirectory" end time: Jul 05 03:32 UTC
"DirectoryTest.CurrentDirectory" time elapsed: 00:00:00
----------------------------------------------------------

47/178 Testing: ConfigTest.SetAndGet
47/178 Test: ConfigTest.SetAndGet
Command: "/home/z/my-project/build/bin/EngineTests" "--gtest_filter=ConfigTest.SetAndGet" "--gtest_also_run_disabled_tests"
Directory: /home/z/my-project/build/Tests
"ConfigTest.SetAndGet" start time: Jul 05 03:32 UTC
Output:
----------------------------------------------------------
Running main() from /home/z/my-project/build/_deps/googletest-src/googletest/src/gtest_main.cc
Note: Google Test filter = ConfigTest.SetAndGet
[==========] Running 1 test from 1 test suite.
[----------] Global test environment set-up.
[----------] 1 test from ConfigTest
[ RUN      ] ConfigTest.SetAndGet
[       OK ] ConfigTest.SetAndGet (0 ms)
[----------] 1 test from ConfigTest (0 ms total)

[----------] Global test environment tear-down
[==========] 1 test from 1 test suite ran. (0 ms total)
[  PASSED  ] 1 test.
<end of output>
Test time =   0.01 sec
----------------------------------------------------------
Test Passed.
"ConfigTest.SetAndGet" end time: Jul 05 03:32 UTC
"ConfigTest.SetAndGet" time elapsed: 00:00:00
----------------------------------------------------------

48/178 Testing: ConfigTest.DefaultValues
48/178 Test: ConfigTest.DefaultValues
Command: "/home/z/my-project/build/bin/EngineTests" "--gtest_filter=ConfigTest.DefaultValues" "--gtest_also_run_disabled_tests"
Directory: /home/z/my-project/build/Tests
"ConfigTest.DefaultValues" start time: Jul 05 03:32 UTC
Output:
----------------------------------------------------------
Running main() from /home/z/my-project/build/_deps/googletest-src/googletest/src/gtest_main.cc
Note: Google Test filter = ConfigTest.DefaultValues
[==========] Running 1 test from 1 test suite.
[----------] Global test environment set-up.
[----------] 1 test from ConfigTest
[ RUN      ] ConfigTest.DefaultValues
[       OK ] ConfigTest.DefaultValues (0 ms)
[----------] 1 test from ConfigTest (0 ms total)

[----------] Global test environment tear-down
[==========] 1 test from 1 test suite ran. (0 ms total)
[  PASSED  ] 1 test.
<end of output>
Test time =   0.01 sec
----------------------------------------------------------
Test Passed.
"ConfigTest.DefaultValues" end time: Jul 05 03:32 UTC
"ConfigTest.DefaultValues" time elapsed: 00:00:00
----------------------------------------------------------

49/178 Testing: ConfigTest.HasAndRemove
49/178 Test: ConfigTest.HasAndRemove
Command: "/home/z/my-project/build/bin/EngineTests" "--gtest_filter=ConfigTest.HasAndRemove" "--gtest_also_run_disabled_tests"
Directory: /home/z/my-project/build/Tests
"ConfigTest.HasAndRemove" start time: Jul 05 03:32 UTC
Output:
----------------------------------------------------------
Running main() from /home/z/my-project/build/_deps/googletest-src/googletest/src/gtest_main.cc
Note: Google Test filter = ConfigTest.HasAndRemove
[==========] Running 1 test from 1 test suite.
[----------] Global test environment set-up.
[----------] 1 test from ConfigTest
[ RUN      ] ConfigTest.HasAndRemove
[       OK ] ConfigTest.HasAndRemove (0 ms)
[----------] 1 test from ConfigTest (0 ms total)

[----------] Global test environment tear-down
[==========] 1 test from 1 test suite ran. (0 ms total)
[  PASSED  ] 1 test.
<end of output>
Test time =   0.01 sec
----------------------------------------------------------
Test Passed.
"ConfigTest.HasAndRemove" end time: Jul 05 03:32 UTC
"ConfigTest.HasAndRemove" time elapsed: 00:00:00
----------------------------------------------------------

50/178 Testing: ConfigTest.Merge
50/178 Test: ConfigTest.Merge
Command: "/home/z/my-project/build/bin/EngineTests" "--gtest_filter=ConfigTest.Merge" "--gtest_also_run_disabled_tests"
Directory: /home/z/my-project/build/Tests
"ConfigTest.Merge" start time: Jul 05 03:32 UTC
Output:
----------------------------------------------------------
Running main() from /home/z/my-project/build/_deps/googletest-src/googletest/src/gtest_main.cc
Note: Google Test filter = ConfigTest.Merge
[==========] Running 1 test from 1 test suite.
[----------] Global test environment set-up.
[----------] 1 test from ConfigTest
[ RUN      ] ConfigTest.Merge
[       OK ] ConfigTest.Merge (0 ms)
[----------] 1 test from ConfigTest (0 ms total)

[----------] Global test environment tear-down
[==========] 1 test from 1 test suite ran. (0 ms total)
[  PASSED  ] 1 test.
<end of output>
Test time =   0.01 sec
----------------------------------------------------------
Test Passed.
"ConfigTest.Merge" end time: Jul 05 03:32 UTC
"ConfigTest.Merge" time elapsed: 00:00:00
----------------------------------------------------------

51/178 Testing: ConfigTest.MergeDefaults
51/178 Test: ConfigTest.MergeDefaults
Command: "/home/z/my-project/build/bin/EngineTests" "--gtest_filter=ConfigTest.MergeDefaults" "--gtest_also_run_disabled_tests"
Directory: /home/z/my-project/build/Tests
"ConfigTest.MergeDefaults" start time: Jul 05 03:32 UTC
Output:
----------------------------------------------------------
Running main() from /home/z/my-project/build/_deps/googletest-src/googletest/src/gtest_main.cc
Note: Google Test filter = ConfigTest.MergeDefaults
[==========] Running 1 test from 1 test suite.
[----------] Global test environment set-up.
[----------] 1 test from ConfigTest
[ RUN      ] ConfigTest.MergeDefaults
[       OK ] ConfigTest.MergeDefaults (0 ms)
[----------] 1 test from ConfigTest (0 ms total)

[----------] Global test environment tear-down
[==========] 1 test from 1 test suite ran. (0 ms total)
[  PASSED  ] 1 test.
<end of output>
Test time =   0.01 sec
----------------------------------------------------------
Test Passed.
"ConfigTest.MergeDefaults" end time: Jul 05 03:32 UTC
"ConfigTest.MergeDefaults" time elapsed: 00:00:00
----------------------------------------------------------

52/178 Testing: ConfigTest.JSONRoundTrip
52/178 Test: ConfigTest.JSONRoundTrip
Command: "/home/z/my-project/build/bin/EngineTests" "--gtest_filter=ConfigTest.JSONRoundTrip" "--gtest_also_run_disabled_tests"
Directory: /home/z/my-project/build/Tests
"ConfigTest.JSONRoundTrip" start time: Jul 05 03:32 UTC
Output:
----------------------------------------------------------
Running main() from /home/z/my-project/build/_deps/googletest-src/googletest/src/gtest_main.cc
Note: Google Test filter = ConfigTest.JSONRoundTrip
[==========] Running 1 test from 1 test suite.
[----------] Global test environment set-up.
[----------] 1 test from ConfigTest
[ RUN      ] ConfigTest.JSONRoundTrip
[       OK ] ConfigTest.JSONRoundTrip (0 ms)
[----------] 1 test from ConfigTest (0 ms total)

[----------] Global test environment tear-down
[==========] 1 test from 1 test suite ran. (0 ms total)
[  PASSED  ] 1 test.
<end of output>
Test time =   0.01 sec
----------------------------------------------------------
Test Passed.
"ConfigTest.JSONRoundTrip" end time: Jul 05 03:32 UTC
"ConfigTest.JSONRoundTrip" time elapsed: 00:00:00
----------------------------------------------------------

53/178 Testing: ConfigTest.Keys
53/178 Test: ConfigTest.Keys
Command: "/home/z/my-project/build/bin/EngineTests" "--gtest_filter=ConfigTest.Keys" "--gtest_also_run_disabled_tests"
Directory: /home/z/my-project/build/Tests
"ConfigTest.Keys" start time: Jul 05 03:32 UTC
Output:
----------------------------------------------------------
Running main() from /home/z/my-project/build/_deps/googletest-src/googletest/src/gtest_main.cc
Note: Google Test filter = ConfigTest.Keys
[==========] Running 1 test from 1 test suite.
[----------] Global test environment set-up.
[----------] 1 test from ConfigTest
[ RUN      ] ConfigTest.Keys
[       OK ] ConfigTest.Keys (0 ms)
[----------] 1 test from ConfigTest (0 ms total)

[----------] Global test environment tear-down
[==========] 1 test from 1 test suite ran. (0 ms total)
[  PASSED  ] 1 test.
<end of output>
Test time =   0.01 sec
----------------------------------------------------------
Test Passed.
"ConfigTest.Keys" end time: Jul 05 03:32 UTC
"ConfigTest.Keys" time elapsed: 00:00:00
----------------------------------------------------------

54/178 Testing: StringTest.StartsWith
54/178 Test: StringTest.StartsWith
Command: "/home/z/my-project/build/bin/EngineTests" "--gtest_filter=StringTest.StartsWith" "--gtest_also_run_disabled_tests"
Directory: /home/z/my-project/build/Tests
"StringTest.StartsWith" start time: Jul 05 03:32 UTC
Output:
----------------------------------------------------------
Running main() from /home/z/my-project/build/_deps/googletest-src/googletest/src/gtest_main.cc
Note: Google Test filter = StringTest.StartsWith
[==========] Running 1 test from 1 test suite.
[----------] Global test environment set-up.
[----------] 1 test from StringTest
[ RUN      ] StringTest.StartsWith
[       OK ] StringTest.StartsWith (0 ms)
[----------] 1 test from StringTest (0 ms total)

[----------] Global test environment tear-down
[==========] 1 test from 1 test suite ran. (0 ms total)
[  PASSED  ] 1 test.
<end of output>
Test time =   0.01 sec
----------------------------------------------------------
Test Passed.
"StringTest.StartsWith" end time: Jul 05 03:32 UTC
"StringTest.StartsWith" time elapsed: 00:00:00
----------------------------------------------------------

55/178 Testing: StringTest.EndsWith
55/178 Test: StringTest.EndsWith
Command: "/home/z/my-project/build/bin/EngineTests" "--gtest_filter=StringTest.EndsWith" "--gtest_also_run_disabled_tests"
Directory: /home/z/my-project/build/Tests
"StringTest.EndsWith" start time: Jul 05 03:32 UTC
Output:
----------------------------------------------------------
Running main() from /home/z/my-project/build/_deps/googletest-src/googletest/src/gtest_main.cc
Note: Google Test filter = StringTest.EndsWith
[==========] Running 1 test from 1 test suite.
[----------] Global test environment set-up.
[----------] 1 test from StringTest
[ RUN      ] StringTest.EndsWith
[       OK ] StringTest.EndsWith (0 ms)
[----------] 1 test from StringTest (0 ms total)

[----------] Global test environment tear-down
[==========] 1 test from 1 test suite ran. (0 ms total)
[  PASSED  ] 1 test.
<end of output>
Test time =   0.01 sec
----------------------------------------------------------
Test Passed.
"StringTest.EndsWith" end time: Jul 05 03:32 UTC
"StringTest.EndsWith" time elapsed: 00:00:00
----------------------------------------------------------

56/178 Testing: StringTest.Contains
56/178 Test: StringTest.Contains
Command: "/home/z/my-project/build/bin/EngineTests" "--gtest_filter=StringTest.Contains" "--gtest_also_run_disabled_tests"
Directory: /home/z/my-project/build/Tests
"StringTest.Contains" start time: Jul 05 03:32 UTC
Output:
----------------------------------------------------------
Running main() from /home/z/my-project/build/_deps/googletest-src/googletest/src/gtest_main.cc
Note: Google Test filter = StringTest.Contains
[==========] Running 1 test from 1 test suite.
[----------] Global test environment set-up.
[----------] 1 test from StringTest
[ RUN      ] StringTest.Contains
[       OK ] StringTest.Contains (0 ms)
[----------] 1 test from StringTest (0 ms total)

[----------] Global test environment tear-down
[==========] 1 test from 1 test suite ran. (0 ms total)
[  PASSED  ] 1 test.
<end of output>
Test time =   0.01 sec
----------------------------------------------------------
Test Passed.
"StringTest.Contains" end time: Jul 05 03:32 UTC
"StringTest.Contains" time elapsed: 00:00:00
----------------------------------------------------------

57/178 Testing: StringTest.EqualsIgnoreCase
57/178 Test: StringTest.EqualsIgnoreCase
Command: "/home/z/my-project/build/bin/EngineTests" "--gtest_filter=StringTest.EqualsIgnoreCase" "--gtest_also_run_disabled_tests"
Directory: /home/z/my-project/build/Tests
"StringTest.EqualsIgnoreCase" start time: Jul 05 03:32 UTC
Output:
----------------------------------------------------------
Running main() from /home/z/my-project/build/_deps/googletest-src/googletest/src/gtest_main.cc
Note: Google Test filter = StringTest.EqualsIgnoreCase
[==========] Running 1 test from 1 test suite.
[----------] Global test environment set-up.
[----------] 1 test from StringTest
[ RUN      ] StringTest.EqualsIgnoreCase
[       OK ] StringTest.EqualsIgnoreCase (0 ms)
[----------] 1 test from StringTest (0 ms total)

[----------] Global test environment tear-down
[==========] 1 test from 1 test suite ran. (0 ms total)
[  PASSED  ] 1 test.
<end of output>
Test time =   0.01 sec
----------------------------------------------------------
Test Passed.
"StringTest.EqualsIgnoreCase" end time: Jul 05 03:32 UTC
"StringTest.EqualsIgnoreCase" time elapsed: 00:00:00
----------------------------------------------------------

58/178 Testing: StringTest.ToLower
58/178 Test: StringTest.ToLower
Command: "/home/z/my-project/build/bin/EngineTests" "--gtest_filter=StringTest.ToLower" "--gtest_also_run_disabled_tests"
Directory: /home/z/my-project/build/Tests
"StringTest.ToLower" start time: Jul 05 03:32 UTC
Output:
----------------------------------------------------------
Running main() from /home/z/my-project/build/_deps/googletest-src/googletest/src/gtest_main.cc
Note: Google Test filter = StringTest.ToLower
[==========] Running 1 test from 1 test suite.
[----------] Global test environment set-up.
[----------] 1 test from StringTest
[ RUN      ] StringTest.ToLower
[       OK ] StringTest.ToLower (0 ms)
[----------] 1 test from StringTest (0 ms total)

[----------] Global test environment tear-down
[==========] 1 test from 1 test suite ran. (0 ms total)
[  PASSED  ] 1 test.
<end of output>
Test time =   0.01 sec
----------------------------------------------------------
Test Passed.
"StringTest.ToLower" end time: Jul 05 03:32 UTC
"StringTest.ToLower" time elapsed: 00:00:00
----------------------------------------------------------

59/178 Testing: StringTest.ToUpper
59/178 Test: StringTest.ToUpper
Command: "/home/z/my-project/build/bin/EngineTests" "--gtest_filter=StringTest.ToUpper" "--gtest_also_run_disabled_tests"
Directory: /home/z/my-project/build/Tests
"StringTest.ToUpper" start time: Jul 05 03:32 UTC
Output:
----------------------------------------------------------
Running main() from /home/z/my-project/build/_deps/googletest-src/googletest/src/gtest_main.cc
Note: Google Test filter = StringTest.ToUpper
[==========] Running 1 test from 1 test suite.
[----------] Global test environment set-up.
[----------] 1 test from StringTest
[ RUN      ] StringTest.ToUpper
[       OK ] StringTest.ToUpper (0 ms)
[----------] 1 test from StringTest (0 ms total)

[----------] Global test environment tear-down
[==========] 1 test from 1 test suite ran. (0 ms total)
[  PASSED  ] 1 test.
<end of output>
Test time =   0.01 sec
----------------------------------------------------------
Test Passed.
"StringTest.ToUpper" end time: Jul 05 03:32 UTC
"StringTest.ToUpper" time elapsed: 00:00:00
----------------------------------------------------------

60/178 Testing: StringTest.Trim
60/178 Test: StringTest.Trim
Command: "/home/z/my-project/build/bin/EngineTests" "--gtest_filter=StringTest.Trim" "--gtest_also_run_disabled_tests"
Directory: /home/z/my-project/build/Tests
"StringTest.Trim" start time: Jul 05 03:32 UTC
Output:
----------------------------------------------------------
Running main() from /home/z/my-project/build/_deps/googletest-src/googletest/src/gtest_main.cc
Note: Google Test filter = StringTest.Trim
[==========] Running 1 test from 1 test suite.
[----------] Global test environment set-up.
[----------] 1 test from StringTest
[ RUN      ] StringTest.Trim
[       OK ] StringTest.Trim (0 ms)
[----------] 1 test from StringTest (0 ms total)

[----------] Global test environment tear-down
[==========] 1 test from 1 test suite ran. (0 ms total)
[  PASSED  ] 1 test.
<end of output>
Test time =   0.01 sec
----------------------------------------------------------
Test Passed.
"StringTest.Trim" end time: Jul 05 03:32 UTC
"StringTest.Trim" time elapsed: 00:00:00
----------------------------------------------------------

61/178 Testing: StringTest.Split
61/178 Test: StringTest.Split
Command: "/home/z/my-project/build/bin/EngineTests" "--gtest_filter=StringTest.Split" "--gtest_also_run_disabled_tests"
Directory: /home/z/my-project/build/Tests
"StringTest.Split" start time: Jul 05 03:32 UTC
Output:
----------------------------------------------------------
Running main() from /home/z/my-project/build/_deps/googletest-src/googletest/src/gtest_main.cc
Note: Google Test filter = StringTest.Split
[==========] Running 1 test from 1 test suite.
[----------] Global test environment set-up.
[----------] 1 test from StringTest
[ RUN      ] StringTest.Split
[       OK ] StringTest.Split (0 ms)
[----------] 1 test from StringTest (0 ms total)

[----------] Global test environment tear-down
[==========] 1 test from 1 test suite ran. (0 ms total)
[  PASSED  ] 1 test.
<end of output>
Test time =   0.01 sec
----------------------------------------------------------
Test Passed.
"StringTest.Split" end time: Jul 05 03:32 UTC
"StringTest.Split" time elapsed: 00:00:00
----------------------------------------------------------

62/178 Testing: StringTest.Join
62/178 Test: StringTest.Join
Command: "/home/z/my-project/build/bin/EngineTests" "--gtest_filter=StringTest.Join" "--gtest_also_run_disabled_tests"
Directory: /home/z/my-project/build/Tests
"StringTest.Join" start time: Jul 05 03:32 UTC
Output:
----------------------------------------------------------
Running main() from /home/z/my-project/build/_deps/googletest-src/googletest/src/gtest_main.cc
Note: Google Test filter = StringTest.Join
[==========] Running 1 test from 1 test suite.
[----------] Global test environment set-up.
[----------] 1 test from StringTest
[ RUN      ] StringTest.Join
[       OK ] StringTest.Join (0 ms)
[----------] 1 test from StringTest (0 ms total)

[----------] Global test environment tear-down
[==========] 1 test from 1 test suite ran. (0 ms total)
[  PASSED  ] 1 test.
<end of output>
Test time =   0.01 sec
----------------------------------------------------------
Test Passed.
"StringTest.Join" end time: Jul 05 03:32 UTC
"StringTest.Join" time elapsed: 00:00:00
----------------------------------------------------------

63/178 Testing: StringTest.Replace
63/178 Test: StringTest.Replace
Command: "/home/z/my-project/build/bin/EngineTests" "--gtest_filter=StringTest.Replace" "--gtest_also_run_disabled_tests"
Directory: /home/z/my-project/build/Tests
"StringTest.Replace" start time: Jul 05 03:32 UTC
Output:
----------------------------------------------------------
Running main() from /home/z/my-project/build/_deps/googletest-src/googletest/src/gtest_main.cc
Note: Google Test filter = StringTest.Replace
[==========] Running 1 test from 1 test suite.
[----------] Global test environment set-up.
[----------] 1 test from StringTest
[ RUN      ] StringTest.Replace
[       OK ] StringTest.Replace (0 ms)
[----------] 1 test from StringTest (0 ms total)

[----------] Global test environment tear-down
[==========] 1 test from 1 test suite ran. (0 ms total)
[  PASSED  ] 1 test.
<end of output>
Test time =   0.01 sec
----------------------------------------------------------
Test Passed.
"StringTest.Replace" end time: Jul 05 03:32 UTC
"StringTest.Replace" time elapsed: 00:00:00
----------------------------------------------------------

64/178 Testing: HashTest.FNV1a64Basic
64/178 Test: HashTest.FNV1a64Basic
Command: "/home/z/my-project/build/bin/EngineTests" "--gtest_filter=HashTest.FNV1a64Basic" "--gtest_also_run_disabled_tests"
Directory: /home/z/my-project/build/Tests
"HashTest.FNV1a64Basic" start time: Jul 05 03:32 UTC
Output:
----------------------------------------------------------
Running main() from /home/z/my-project/build/_deps/googletest-src/googletest/src/gtest_main.cc
Note: Google Test filter = HashTest.FNV1a64Basic
[==========] Running 1 test from 1 test suite.
[----------] Global test environment set-up.
[----------] 1 test from HashTest
[ RUN      ] HashTest.FNV1a64Basic
[       OK ] HashTest.FNV1a64Basic (0 ms)
[----------] 1 test from HashTest (0 ms total)

[----------] Global test environment tear-down
[==========] 1 test from 1 test suite ran. (0 ms total)
[  PASSED  ] 1 test.
<end of output>
Test time =   0.01 sec
----------------------------------------------------------
Test Passed.
"HashTest.FNV1a64Basic" end time: Jul 05 03:32 UTC
"HashTest.FNV1a64Basic" time elapsed: 00:00:00
----------------------------------------------------------

65/178 Testing: HashTest.FNV1a64Consistency
65/178 Test: HashTest.FNV1a64Consistency
Command: "/home/z/my-project/build/bin/EngineTests" "--gtest_filter=HashTest.FNV1a64Consistency" "--gtest_also_run_disabled_tests"
Directory: /home/z/my-project/build/Tests
"HashTest.FNV1a64Consistency" start time: Jul 05 03:32 UTC
Output:
----------------------------------------------------------
Running main() from /home/z/my-project/build/_deps/googletest-src/googletest/src/gtest_main.cc
Note: Google Test filter = HashTest.FNV1a64Consistency
[==========] Running 1 test from 1 test suite.
[----------] Global test environment set-up.
[----------] 1 test from HashTest
[ RUN      ] HashTest.FNV1a64Consistency
[       OK ] HashTest.FNV1a64Consistency (0 ms)
[----------] 1 test from HashTest (0 ms total)

[----------] Global test environment tear-down
[==========] 1 test from 1 test suite ran. (0 ms total)
[...]

[----------] Global test environment tear-down
[==========] 1 test from 1 test suite ran. (0 ms total)
[  PASSED  ] 1 test.
<end of output>
Test time =   0.01 sec
----------------------------------------------------------
Test Passed.
"EventTypeTest.AllWindowEventValues" end time: Jul 05 03:32 UTC
"EventTypeTest.AllWindowEventValues" time elapsed: 00:00:00
----------------------------------------------------------

164/178 Testing: EventCategoryTest.FlagValues
164/178 Test: EventCategoryTest.FlagValues
Command: "/home/z/my-project/build/bin/EngineTests" "--gtest_filter=EventCategoryTest.FlagValues" "--gtest_also_run_disabled_tests"
Directory: /home/z/my-project/build/Tests
"EventCategoryTest.FlagValues" start time: Jul 05 03:32 UTC
Output:
----------------------------------------------------------
Running main() from /home/z/my-project/build/_deps/googletest-src/googletest/src/gtest_main.cc
Note: Google Test filter = EventCategoryTest.FlagValues
[==========] Running 1 test from 1 test suite.
[----------] Global test environment set-up.
[----------] 1 test from EventCategoryTest
[ RUN      ] EventCategoryTest.FlagValues
[       OK ] EventCategoryTest.FlagValues (0 ms)
[----------] 1 test from EventCategoryTest (0 ms total)

[----------] Global test environment tear-down
[==========] 1 test from 1 test suite ran. (0 ms total)
[  PASSED  ] 1 test.
<end of output>
Test time =   0.01 sec
----------------------------------------------------------
Test Passed.
"EventCategoryTest.FlagValues" end time: Jul 05 03:32 UTC
"EventCategoryTest.FlagValues" time elapsed: 00:00:00
----------------------------------------------------------

165/178 Testing: WindowCreatedEventTest.NameAndCategory
165/178 Test: WindowCreatedEventTest.NameAndCategory
Command: "/home/z/my-project/build/bin/EngineTests" "--gtest_filter=WindowCreatedEventTest.NameAndCategory" "--gtest_also_run_disabled_tests"
Directory: /home/z/my-project/build/Tests
"WindowCreatedEventTest.NameAndCategory" start time: Jul 05 03:32 UTC
Output:
----------------------------------------------------------
Running main() from /home/z/my-project/build/_deps/googletest-src/googletest/src/gtest_main.cc
Note: Google Test filter = WindowCreatedEventTest.NameAndCategory
[==========] Running 1 test from 1 test suite.
[----------] Global test environment set-up.
[----------] 1 test from WindowCreatedEventTest
[ RUN      ] WindowCreatedEventTest.NameAndCategory
[       OK ] WindowCreatedEventTest.NameAndCategory (0 ms)
[----------] 1 test from WindowCreatedEventTest (0 ms total)

[----------] Global test environment tear-down
[==========] 1 test from 1 test suite ran. (0 ms total)
[  PASSED  ] 1 test.
<end of output>
Test time =   0.01 sec
----------------------------------------------------------
Test Passed.
"WindowCreatedEventTest.NameAndCategory" end time: Jul 05 03:32 UTC
"WindowCreatedEventTest.NameAndCategory" time elapsed: 00:00:00
----------------------------------------------------------

166/178 Testing: WindowCloseEventTest.NameAndCategory
166/178 Test: WindowCloseEventTest.NameAndCategory
Command: "/home/z/my-project/build/bin/EngineTests" "--gtest_filter=WindowCloseEventTest.NameAndCategory" "--gtest_also_run_disabled_tests"
Directory: /home/z/my-project/build/Tests
"WindowCloseEventTest.NameAndCategory" start time: Jul 05 03:32 UTC
Output:
----------------------------------------------------------
Running main() from /home/z/my-project/build/_deps/googletest-src/googletest/src/gtest_main.cc
Note: Google Test filter = WindowCloseEventTest.NameAndCategory
[==========] Running 1 test from 1 test suite.
[----------] Global test environment set-up.
[----------] 1 test from WindowCloseEventTest
[ RUN      ] WindowCloseEventTest.NameAndCategory
[       OK ] WindowCloseEventTest.NameAndCategory (0 ms)
[----------] 1 test from WindowCloseEventTest (0 ms total)

[----------] Global test environment tear-down
[==========] 1 test from 1 test suite ran. (0 ms total)
[  PASSED  ] 1 test.
<end of output>
Test time =   0.01 sec
----------------------------------------------------------
Test Passed.
"WindowCloseEventTest.NameAndCategory" end time: Jul 05 03:32 UTC
"WindowCloseEventTest.NameAndCategory" time elapsed: 00:00:00
----------------------------------------------------------

167/178 Testing: WindowResizeEventTest.NameAndCategory
167/178 Test: WindowResizeEventTest.NameAndCategory
Command: "/home/z/my-project/build/bin/EngineTests" "--gtest_filter=WindowResizeEventTest.NameAndCategory" "--gtest_also_run_disabled_tests"
Directory: /home/z/my-project/build/Tests
"WindowResizeEventTest.NameAndCategory" start time: Jul 05 03:32 UTC
Output:
----------------------------------------------------------
Running main() from /home/z/my-project/build/_deps/googletest-src/googletest/src/gtest_main.cc
Note: Google Test filter = WindowResizeEventTest.NameAndCategory
[==========] Running 1 test from 1 test suite.
[----------] Global test environment set-up.
[----------] 1 test from WindowResizeEventTest
[ RUN      ] WindowResizeEventTest.NameAndCategory
[       OK ] WindowResizeEventTest.NameAndCategory (0 ms)
[----------] 1 test from WindowResizeEventTest (0 ms total)

[----------] Global test environment tear-down
[==========] 1 test from 1 test suite ran. (0 ms total)
[  PASSED  ] 1 test.
<end of output>
Test time =   0.01 sec
----------------------------------------------------------
Test Passed.
"WindowResizeEventTest.NameAndCategory" end time: Jul 05 03:32 UTC
"WindowResizeEventTest.NameAndCategory" time elapsed: 00:00:00
----------------------------------------------------------

168/178 Testing: WindowFocusEventTest.NameAndCategory
168/178 Test: WindowFocusEventTest.NameAndCategory
Command: "/home/z/my-project/build/bin/EngineTests" "--gtest_filter=WindowFocusEventTest.NameAndCategory" "--gtest_also_run_disabled_tests"
Directory: /home/z/my-project/build/Tests
"WindowFocusEventTest.NameAndCategory" start time: Jul 05 03:32 UTC
Output:
----------------------------------------------------------
Running main() from /home/z/my-project/build/_deps/googletest-src/googletest/src/gtest_main.cc
Note: Google Test filter = WindowFocusEventTest.NameAndCategory
[==========] Running 1 test from 1 test suite.
[----------] Global test environment set-up.
[----------] 1 test from WindowFocusEventTest
[ RUN      ] WindowFocusEventTest.NameAndCategory
[       OK ] WindowFocusEventTest.NameAndCategory (0 ms)
[----------] 1 test from WindowFocusEventTest (0 ms total)

[----------] Global test environment tear-down
[==========] 1 test from 1 test suite ran. (0 ms total)
[  PASSED  ] 1 test.
<end of output>
Test time =   0.01 sec
----------------------------------------------------------
Test Passed.
"WindowFocusEventTest.NameAndCategory" end time: Jul 05 03:32 UTC
"WindowFocusEventTest.NameAndCategory" time elapsed: 00:00:00
----------------------------------------------------------

169/178 Testing: WindowLostFocusEventTest.NameAndCategory
169/178 Test: WindowLostFocusEventTest.NameAndCategory
Command: "/home/z/my-project/build/bin/EngineTests" "--gtest_filter=WindowLostFocusEventTest.NameAndCategory" "--gtest_also_run_disabled_tests"
Directory: /home/z/my-project/build/Tests
"WindowLostFocusEventTest.NameAndCategory" start time: Jul 05 03:32 UTC
Output:
----------------------------------------------------------
Running main() from /home/z/my-project/build/_deps/googletest-src/googletest/src/gtest_main.cc
Note: Google Test filter = WindowLostFocusEventTest.NameAndCategory
[==========] Running 1 test from 1 test suite.
[----------] Global test environment set-up.
[----------] 1 test from WindowLostFocusEventTest
[ RUN      ] WindowLostFocusEventTest.NameAndCategory
[       OK ] WindowLostFocusEventTest.NameAndCategory (0 ms)
[----------] 1 test from WindowLostFocusEventTest (0 ms total)

[----------] Global test environment tear-down
[==========] 1 test from 1 test suite ran. (0 ms total)
[  PASSED  ] 1 test.
<end of output>
Test time =   0.01 sec
----------------------------------------------------------
Test Passed.
"WindowLostFocusEventTest.NameAndCategory" end time: Jul 05 03:32 UTC
"WindowLostFocusEventTest.NameAndCategory" time elapsed: 00:00:00
----------------------------------------------------------

170/178 Testing: WindowMovedEventTest.NameAndCategory
170/178 Test: WindowMovedEventTest.NameAndCategory
Command: "/home/z/my-project/build/bin/EngineTests" "--gtest_filter=WindowMovedEventTest.NameAndCategory" "--gtest_also_run_disabled_tests"
Directory: /home/z/my-project/build/Tests
"WindowMovedEventTest.NameAndCategory" start time: Jul 05 03:32 UTC
Output:
----------------------------------------------------------
Running main() from /home/z/my-project/build/_deps/googletest-src/googletest/src/gtest_main.cc
Note: Google Test filter = WindowMovedEventTest.NameAndCategory
[==========] Running 1 test from 1 test suite.
[----------] Global test environment set-up.
[----------] 1 test from WindowMovedEventTest
[ RUN      ] WindowMovedEventTest.NameAndCategory
[       OK ] WindowMovedEventTest.NameAndCategory (0 ms)
[----------] 1 test from WindowMovedEventTest (0 ms total)

[----------] Global test environment tear-down
[==========] 1 test from 1 test suite ran. (0 ms total)
[  PASSED  ] 1 test.
<end of output>
Test time =   0.01 sec
----------------------------------------------------------
Test Passed.
"WindowMovedEventTest.NameAndCategory" end time: Jul 05 03:32 UTC
"WindowMovedEventTest.NameAndCategory" time elapsed: 00:00:00
----------------------------------------------------------

171/178 Testing: WindowMinimizedEventTest.NameAndCategory
171/178 Test: WindowMinimizedEventTest.NameAndCategory
Command: "/home/z/my-project/build/bin/EngineTests" "--gtest_filter=WindowMinimizedEventTest.NameAndCategory" "--gtest_also_run_disabled_tests"
Directory: /home/z/my-project/build/Tests
"WindowMinimizedEventTest.NameAndCategory" start time: Jul 05 03:32 UTC
Output:
----------------------------------------------------------
Running main() from /home/z/my-project/build/_deps/googletest-src/googletest/src/gtest_main.cc
Note: Google Test filter = WindowMinimizedEventTest.NameAndCategory
[==========] Running 1 test from 1 test suite.
[----------] Global test environment set-up.
[----------] 1 test from WindowMinimizedEventTest
[ RUN      ] WindowMinimizedEventTest.NameAndCategory
[       OK ] WindowMinimizedEventTest.NameAndCategory (0 ms)
[----------] 1 test from WindowMinimizedEventTest (0 ms total)

[----------] Global test environment tear-down
[==========] 1 test from 1 test suite ran. (0 ms total)
[  PASSED  ] 1 test.
<end of output>
Test time =   0.01 sec
----------------------------------------------------------
Test Passed.
"WindowMinimizedEventTest.NameAndCategory" end time: Jul 05 03:32 UTC
"WindowMinimizedEventTest.NameAndCategory" time elapsed: 00:00:00
----------------------------------------------------------

172/178 Testing: WindowMaximizedEventTest.NameAndCategory
172/178 Test: WindowMaximizedEventTest.NameAndCategory
Command: "/home/z/my-project/build/bin/EngineTests" "--gtest_filter=WindowMaximizedEventTest.NameAndCategory" "--gtest_also_run_disabled_tests"
Directory: /home/z/my-project/build/Tests
"WindowMaximizedEventTest.NameAndCategory" start time: Jul 05 03:32 UTC
Output:
----------------------------------------------------------
Running main() from /home/z/my-project/build/_deps/googletest-src/googletest/src/gtest_main.cc
Note: Google Test filter = WindowMaximizedEventTest.NameAndCategory
[==========] Running 1 test from 1 test suite.
[----------] Global test environment set-up.
[----------] 1 test from WindowMaximizedEventTest
[ RUN      ] WindowMaximizedEventTest.NameAndCategory
[       OK ] WindowMaximizedEventTest.NameAndCategory (0 ms)
[----------] 1 test from WindowMaximizedEventTest (0 ms total)

[----------] Global test environment tear-down
[==========] 1 test from 1 test suite ran. (0 ms total)
[  PASSED  ] 1 test.
<end of output>
Test time =   0.01 sec
----------------------------------------------------------
Test Passed.
"WindowMaximizedEventTest.NameAndCategory" end time: Jul 05 03:32 UTC
"WindowMaximizedEventTest.NameAndCategory" time elapsed: 00:00:00
----------------------------------------------------------

173/178 Testing: WindowRestoredEventTest.NameAndCategory
173/178 Test: WindowRestoredEventTest.NameAndCategory
Command: "/home/z/my-project/build/bin/EngineTests" "--gtest_filter=WindowRestoredEventTest.NameAndCategory" "--gtest_also_run_disabled_tests"
Directory: /home/z/my-project/build/Tests
"WindowRestoredEventTest.NameAndCategory" start time: Jul 05 03:32 UTC
Output:
----------------------------------------------------------
Running main() from /home/z/my-project/build/_deps/googletest-src/googletest/src/gtest_main.cc
Note: Google Test filter = WindowRestoredEventTest.NameAndCategory
[==========] Running 1 test from 1 test suite.
[----------] Global test environment set-up.
[----------] 1 test from WindowRestoredEventTest
[ RUN      ] WindowRestoredEventTest.NameAndCategory
[       OK ] WindowRestoredEventTest.NameAndCategory (0 ms)
[----------] 1 test from WindowRestoredEventTest (0 ms total)

[----------] Global test environment tear-down
[==========] 1 test from 1 test suite ran. (0 ms total)
[  PASSED  ] 1 test.
<end of output>
Test time =   0.01 sec
----------------------------------------------------------
Test Passed.
"WindowRestoredEventTest.NameAndCategory" end time: Jul 05 03:32 UTC
"WindowRestoredEventTest.NameAndCategory" time elapsed: 00:00:00
----------------------------------------------------------

174/178 Testing: WindowRefreshEventTest.NameAndCategory
174/178 Test: WindowRefreshEventTest.NameAndCategory
Command: "/home/z/my-project/build/bin/EngineTests" "--gtest_filter=WindowRefreshEventTest.NameAndCategory" "--gtest_also_run_disabled_tests"
Directory: /home/z/my-project/build/Tests
"WindowRefreshEventTest.NameAndCategory" start time: Jul 05 03:32 UTC
Output:
----------------------------------------------------------
Running main() from /home/z/my-project/build/_deps/googletest-src/googletest/src/gtest_main.cc
Note: Google Test filter = WindowRefreshEventTest.NameAndCategory
[==========] Running 1 test from 1 test suite.
[----------] Global test environment set-up.
[----------] 1 test from WindowRefreshEventTest
[ RUN      ] WindowRefreshEventTest.NameAndCategory
[       OK ] WindowRefreshEventTest.NameAndCategory (0 ms)
[----------] 1 test from WindowRefreshEventTest (0 ms total)

[----------] Global test environment tear-down
[==========] 1 test from 1 test suite ran. (0 ms total)
[  PASSED  ] 1 test.
<end of output>
Test time =   0.01 sec
----------------------------------------------------------
Test Passed.
"WindowRefreshEventTest.NameAndCategory" end time: Jul 05 03:32 UTC
"WindowRefreshEventTest.NameAndCategory" time elapsed: 00:00:00
----------------------------------------------------------

175/178 Testing: FramebufferResizeEventTest.NameAndCategory
175/178 Test: FramebufferResizeEventTest.NameAndCategory
Command: "/home/z/my-project/build/bin/EngineTests" "--gtest_filter=FramebufferResizeEventTest.NameAndCategory" "--gtest_also_run_disabled_tests"
Directory: /home/z/my-project/build/Tests
"FramebufferResizeEventTest.NameAndCategory" start time: Jul 05 03:32 UTC
Output:
----------------------------------------------------------
Running main() from /home/z/my-project/build/_deps/googletest-src/googletest/src/gtest_main.cc
Note: Google Test filter = FramebufferResizeEventTest.NameAndCategory
[==========] Running 1 test from 1 test suite.
[----------] Global test environment set-up.
[----------] 1 test from FramebufferResizeEventTest
[ RUN      ] FramebufferResizeEventTest.NameAndCategory
[       OK ] FramebufferResizeEventTest.NameAndCategory (0 ms)
[----------] 1 test from FramebufferResizeEventTest (0 ms total)

[----------] Global test environment tear-down
[==========] 1 test from 1 test suite ran. (0 ms total)
[  PASSED  ] 1 test.
<end of output>
Test time =   0.01 sec
----------------------------------------------------------
Test Passed.
"FramebufferResizeEventTest.NameAndCategory" end time: Jul 05 03:32 UTC
"FramebufferResizeEventTest.NameAndCategory" time elapsed: 00:00:00
----------------------------------------------------------

176/178 Testing: DPIChangedEventTest.NameAndCategory
176/178 Test: DPIChangedEventTest.NameAndCategory
Command: "/home/z/my-project/build/bin/EngineTests" "--gtest_filter=DPIChangedEventTest.NameAndCategory" "--gtest_also_run_disabled_tests"
Directory: /home/z/my-project/build/Tests
"DPIChangedEventTest.NameAndCategory" start time: Jul 05 03:32 UTC
Output:
----------------------------------------------------------
Running main() from /home/z/my-project/build/_deps/googletest-src/googletest/src/gtest_main.cc
Note: Google Test filter = DPIChangedEventTest.NameAndCategory
[==========] Running 1 test from 1 test suite.
[----------] Global test environment set-up.
[----------] 1 test from DPIChangedEventTest
[ RUN      ] DPIChangedEventTest.NameAndCategory
[       OK ] DPIChangedEventTest.NameAndCategory (0 ms)
[----------] 1 test from DPIChangedEventTest (0 ms total)

[----------] Global test environment tear-down
[==========] 1 test from 1 test suite ran. (0 ms total)
[  PASSED  ] 1 test.
<end of output>
Test time =   0.01 sec
----------------------------------------------------------
Test Passed.
"DPIChangedEventTest.NameAndCategory" end time: Jul 05 03:32 UTC
"DPIChangedEventTest.NameAndCategory" time elapsed: 00:00:00
----------------------------------------------------------

177/178 Testing: EventTest.IsInCategory
177/178 Test: EventTest.IsInCategory
Command: "/home/z/my-project/build/bin/EngineTests" "--gtest_filter=EventTest.IsInCategory" "--gtest_also_run_disabled_tests"
Directory: /home/z/my-project/build/Tests
"EventTest.IsInCategory" start time: Jul 05 03:32 UTC
Output:
----------------------------------------------------------
Running main() from /home/z/my-project/build/_deps/googletest-src/googletest/src/gtest_main.cc
Note: Google Test filter = EventTest.IsInCategory
[==========] Running 1 test from 1 test suite.
[----------] Global test environment set-up.
[----------] 1 test from EventTest
[ RUN      ] EventTest.IsInCategory
[       OK ] EventTest.IsInCategory (0 ms)
[----------] 1 test from EventTest (0 ms total)

[----------] Global test environment tear-down
[==========] 1 test from 1 test suite ran. (0 ms total)
[  PASSED  ] 1 test.
<end of output>
Test time =   0.01 sec
----------------------------------------------------------
Test Passed.
"EventTest.IsInCategory" end time: Jul 05 03:32 UTC
"EventTest.IsInCategory" time elapsed: 00:00:00
----------------------------------------------------------

178/178 Testing: EventTest.HandledFlag
178/178 Test: EventTest.HandledFlag
Command: "/home/z/my-project/build/bin/EngineTests" "--gtest_filter=EventTest.HandledFlag" "--gtest_also_run_disabled_tests"
Directory: /home/z/my-project/build/Tests
"EventTest.HandledFlag" start time: Jul 05 03:32 UTC
Output:
----------------------------------------------------------
Running main() from /home/z/my-project/build/_deps/googletest-src/googletest/src/gtest_main.cc
Note: Google Test filter = EventTest.HandledFlag
[==========] Running 1 test from 1 test suite.
[----------] Global test environment set-up.
[----------] 1 test from EventTest
[ RUN      ] EventTest.HandledFlag
[       OK ] EventTest.HandledFlag (0 ms)
[----------] 1 test from EventTest (0 ms total)

[----------] Global test environment tear-down
[==========] 1 test from 1 test suite ran. (0 ms total)
[  PASSED  ] 1 test.
<end of output>
Test time =   0.01 sec
----------------------------------------------------------
Test Passed.
"EventTest.HandledFlag" end time: Jul 05 03:32 UTC
"EventTest.HandledFlag" time elapsed: 00:00:00
----------------------------------------------------------

End testing: Jul 05 03:32 UTC
