Start testing: Jul 03 20:26 UTC
----------------------------------------------------------
1/139 Testing: LogTest.InitializeAndShutdown
1/139 Test: LogTest.InitializeAndShutdown
Command: "/home/z/my-project/build/bin/EngineTests" "--gtest_filter=LogTest.InitializeAndShutdown" "--gtest_also_run_disabled_tests"
Directory: /home/z/my-project/build/Tests
"LogTest.InitializeAndShutdown" start time: Jul 03 20:26 UTC
Output:
----------------------------------------------------------
Running main() from /home/z/my-project/build/_deps/googletest-src/googletest/src/gtest_main.cc
Note: Google Test filter = LogTest.InitializeAndShutdown
[==========] Running 1 test from 1 test suite.
[----------] Global test environment set-up.
[----------] 1 test from LogTest
[ RUN      ] LogTest.InitializeAndShutdown
[I] Logging system initialized. App: LogTest
[I] Logging system shutting down.
[       OK ] LogTest.InitializeAndShutdown (0 ms)
[----------] 1 test from LogTest (0 ms total)

[----------] Global test environment tear-down
[==========] 1 test from 1 test suite ran. (0 ms total)
[  PASSED  ] 1 test.
<end of output>
Test time =   0.00 sec
----------------------------------------------------------
Test Passed.
"LogTest.InitializeAndShutdown" end time: Jul 03 20:26 UTC
"LogTest.InitializeAndShutdown" time elapsed: 00:00:00
----------------------------------------------------------

2/139 Testing: LogTest.SetLevel
2/139 Test: LogTest.SetLevel
Command: "/home/z/my-project/build/bin/EngineTests" "--gtest_filter=LogTest.SetLevel" "--gtest_also_run_disabled_tests"
Directory: /home/z/my-project/build/Tests
"LogTest.SetLevel" start time: Jul 03 20:26 UTC
Output:
----------------------------------------------------------
Running main() from /home/z/my-project/build/_deps/googletest-src/googletest/src/gtest_main.cc
Note: Google Test filter = LogTest.SetLevel
[==========] Running 1 test from 1 test suite.
[----------] Global test environment set-up.
[----------] 1 test from LogTest
[ RUN      ] LogTest.SetLevel
[I] Logging system initialized. App: LogTest
[       OK ] LogTest.SetLevel (0 ms)
[----------] 1 test from LogTest (0 ms total)

[----------] Global test environment tear-down
[==========] 1 test from 1 test suite ran. (0 ms total)
[  PASSED  ] 1 test.
<end of output>
Test time =   0.00 sec
----------------------------------------------------------
Test Passed.
"LogTest.SetLevel" end time: Jul 03 20:26 UTC
"LogTest.SetLevel" time elapsed: 00:00:00
----------------------------------------------------------

3/139 Testing: LogTest.MultipleInitialize
3/139 Test: LogTest.MultipleInitialize
Command: "/home/z/my-project/build/bin/EngineTests" "--gtest_filter=LogTest.MultipleInitialize" "--gtest_also_run_disabled_tests"
Directory: /home/z/my-project/build/Tests
"LogTest.MultipleInitialize" start time: Jul 03 20:26 UTC
Output:
----------------------------------------------------------
Running main() from /home/z/my-project/build/_deps/googletest-src/googletest/src/gtest_main.cc
Note: Google Test filter = LogTest.MultipleInitialize
[==========] Running 1 test from 1 test suite.
[----------] Global test environment set-up.
[----------] 1 test from LogTest
[ RUN      ] LogTest.MultipleInitialize
[I] Logging system initialized. App: LogTest
[I] Logging system shutting down.
[       OK ] LogTest.MultipleInitialize (0 ms)
[----------] 1 test from LogTest (0 ms total)

[----------] Global test environment tear-down
[==========] 1 test from 1 test suite ran. (0 ms total)
[  PASSED  ] 1 test.
<end of output>
Test time =   0.00 sec
----------------------------------------------------------
Test Passed.
"LogTest.MultipleInitialize" end time: Jul 03 20:26 UTC
"LogTest.MultipleInitialize" time elapsed: 00:00:00
----------------------------------------------------------

4/139 Testing: UUIDTest.DefaultConstructor
4/139 Test: UUIDTest.DefaultConstructor
Command: "/home/z/my-project/build/bin/EngineTests" "--gtest_filter=UUIDTest.DefaultConstructor" "--gtest_also_run_disabled_tests"
Directory: /home/z/my-project/build/Tests
"UUIDTest.DefaultConstructor" start time: Jul 03 20:26 UTC
Output:
----------------------------------------------------------
Running main() from /home/z/my-project/build/_deps/googletest-src/googletest/src/gtest_main.cc
Note: Google Test filter = UUIDTest.DefaultConstructor
[==========] Running 1 test from 1 test suite.
[----------] Global test environment set-up.
[----------] 1 test from UUIDTest
[ RUN      ] UUIDTest.DefaultConstructor
[       OK ] UUIDTest.DefaultConstructor (0 ms)
[----------] 1 test from UUIDTest (0 ms total)

[----------] Global test environment tear-down
[==========] 1 test from 1 test suite ran. (0 ms total)
[  PASSED  ] 1 test.
<end of output>
Test time =   0.00 sec
----------------------------------------------------------
Test Passed.
"UUIDTest.DefaultConstructor" end time: Jul 03 20:26 UTC
"UUIDTest.DefaultConstructor" time elapsed: 00:00:00
----------------------------------------------------------

5/139 Testing: UUIDTest.InvalidUUID
5/139 Test: UUIDTest.InvalidUUID
Command: "/home/z/my-project/build/bin/EngineTests" "--gtest_filter=UUIDTest.InvalidUUID" "--gtest_also_run_disabled_tests"
Directory: /home/z/my-project/build/Tests
"UUIDTest.InvalidUUID" start time: Jul 03 20:26 UTC
Output:
----------------------------------------------------------
Running main() from /home/z/my-project/build/_deps/googletest-src/googletest/src/gtest_main.cc
Note: Google Test filter = UUIDTest.InvalidUUID
[==========] Running 1 test from 1 test suite.
[----------] Global test environment set-up.
[----------] 1 test from UUIDTest
[ RUN      ] UUIDTest.InvalidUUID
[       OK ] UUIDTest.InvalidUUID (0 ms)
[----------] 1 test from UUIDTest (0 ms total)

[----------] Global test environment tear-down
[==========] 1 test from 1 test suite ran. (0 ms total)
[  PASSED  ] 1 test.
<end of output>
Test time =   0.00 sec
----------------------------------------------------------
Test Passed.
"UUIDTest.InvalidUUID" end time: Jul 03 20:26 UTC
"UUIDTest.InvalidUUID" time elapsed: 00:00:00
----------------------------------------------------------

6/139 Testing: UUIDTest.ToStringFormat
6/139 Test: UUIDTest.ToStringFormat
Command: "/home/z/my-project/build/bin/EngineTests" "--gtest_filter=UUIDTest.ToStringFormat" "--gtest_also_run_disabled_tests"
Directory: /home/z/my-project/build/Tests
"UUIDTest.ToStringFormat" start time: Jul 03 20:26 UTC
Output:
----------------------------------------------------------
Running main() from /home/z/my-project/build/_deps/googletest-src/googletest/src/gtest_main.cc
Note: Google Test filter = UUIDTest.ToStringFormat
[==========] Running 1 test from 1 test suite.
[----------] Global test environment set-up.
[----------] 1 test from UUIDTest
[ RUN      ] UUIDTest.ToStringFormat
[       OK ] UUIDTest.ToStringFormat (0 ms)
[----------] 1 test from UUIDTest (0 ms total)

[----------] Global test environment tear-down
[==========] 1 test from 1 test suite ran. (0 ms total)
[  PASSED  ] 1 test.
<end of output>
Test time =   0.00 sec
----------------------------------------------------------
Test Passed.
"UUIDTest.ToStringFormat" end time: Jul 03 20:26 UTC
"UUIDTest.ToStringFormat" time elapsed: 00:00:00
----------------------------------------------------------

7/139 Testing: UUIDTest.RoundTrip
7/139 Test: UUIDTest.RoundTrip
Command: "/home/z/my-project/build/bin/EngineTests" "--gtest_filter=UUIDTest.RoundTrip" "--gtest_also_run_disabled_tests"
Directory: /home/z/my-project/build/Tests
"UUIDTest.RoundTrip" start time: Jul 03 20:26 UTC
Output:
----------------------------------------------------------
Running main() from /home/z/my-project/build/_deps/googletest-src/googletest/src/gtest_main.cc
Note: Google Test filter = UUIDTest.RoundTrip
[==========] Running 1 test from 1 test suite.
[----------] Global test environment set-up.
[----------] 1 test from UUIDTest
[ RUN      ] UUIDTest.RoundTrip
[       OK ] UUIDTest.RoundTrip (0 ms)
[----------] 1 test from UUIDTest (0 ms total)

[----------] Global test environment tear-down
[==========] 1 test from 1 test suite ran. (0 ms total)
[  PASSED  ] 1 test.
<end of output>
Test time =   0.00 sec
----------------------------------------------------------
Test Passed.
"UUIDTest.RoundTrip" end time: Jul 03 20:26 UTC
"UUIDTest.RoundTrip" time elapsed: 00:00:00
----------------------------------------------------------

8/139 Testing: UUIDTest.Uniqueness
8/139 Test: UUIDTest.Uniqueness
Command: "/home/z/my-project/build/bin/EngineTests" "--gtest_filter=UUIDTest.Uniqueness" "--gtest_also_run_disabled_tests"
Directory: /home/z/my-project/build/Tests
"UUIDTest.Uniqueness" start time: Jul 03 20:26 UTC
Output:
----------------------------------------------------------
Running main() from /home/z/my-project/build/_deps/googletest-src/googletest/src/gtest_main.cc
Note: Google Test filter = UUIDTest.Uniqueness
[==========] Running 1 test from 1 test suite.
[----------] Global test environment set-up.
[----------] 1 test from UUIDTest
[ RUN      ] UUIDTest.Uniqueness
[       OK ] UUIDTest.Uniqueness (9 ms)
[----------] 1 test from UUIDTest (9 ms total)

[----------] Global test environment tear-down
[==========] 1 test from 1 test suite ran. (9 ms total)
[  PASSED  ] 1 test.
<end of output>
Test time =   0.01 sec
----------------------------------------------------------
Test Passed.
"UUIDTest.Uniqueness" end time: Jul 03 20:26 UTC
"UUIDTest.Uniqueness" time elapsed: 00:00:00
----------------------------------------------------------

9/139 Testing: UUIDTest.Equality
9/139 Test: UUIDTest.Equality
Command: "/home/z/my-project/build/bin/EngineTests" "--gtest_filter=UUIDTest.Equality" "--gtest_also_run_disabled_tests"
Directory: /home/z/my-project/build/Tests
"UUIDTest.Equality" start time: Jul 03 20:26 UTC
Output:
----------------------------------------------------------
Running main() from /home/z/my-project/build/_deps/googletest-src/googletest/src/gtest_main.cc
Note: Google Test filter = UUIDTest.Equality
[==========] Running 1 test from 1 test suite.
[----------] Global test environment set-up.
[----------] 1 test from UUIDTest
[ RUN      ] UUIDTest.Equality
[       OK ] UUIDTest.Equality (0 ms)
[----------] 1 test from UUIDTest (0 ms total)

[----------] Global test environment tear-down
[==========] 1 test from 1 test suite ran. (0 ms total)
[  PASSED  ] 1 test.
<end of output>
Test time =   0.00 sec
----------------------------------------------------------
Test Passed.
"UUIDTest.Equality" end time: Jul 03 20:26 UTC
"UUIDTest.Equality" time elapsed: 00:00:00
----------------------------------------------------------

10/139 Testing: UUIDTest.HashConsistency
10/139 Test: UUIDTest.HashConsistency
Command: "/home/z/my-project/build/bin/EngineTests" "--gtest_filter=UUIDTest.HashConsistency" "--gtest_also_run_disabled_tests"
Directory: /home/z/my-project/build/Tests
"UUIDTest.HashConsistency" start time: Jul 03 20:26 UTC
Output:
----------------------------------------------------------
Running main() from /home/z/my-project/build/_deps/googletest-src/googletest/src/gtest_main.cc
Note: Google Test filter = UUIDTest.HashConsistency
[==========] Running 1 test from 1 test suite.
[----------] Global test environment set-up.
[----------] 1 test from UUIDTest
[ RUN      ] UUIDTest.HashConsistency
[       OK ] UUIDTest.HashConsistency (0 ms)
[----------] 1 test from UUIDTest (0 ms total)

[----------] Global test environment tear-down
[==========] 1 test from 1 test suite ran. (0 ms total)
[  PASSED  ] 1 test.
<end of output>
Test time =   0.00 sec
----------------------------------------------------------
Test Passed.
"UUIDTest.HashConsistency" end time: Jul 03 20:26 UTC
"UUIDTest.HashConsistency" time elapsed: 00:00:00
----------------------------------------------------------

11/139 Testing: TimingTest.TimerBasic
11/139 Test: TimingTest.TimerBasic
Command: "/home/z/my-project/build/bin/EngineTests" "--gtest_filter=TimingTest.TimerBasic" "--gtest_also_run_disabled_tests"
Directory: /home/z/my-project/build/Tests
"TimingTest.TimerBasic" start time: Jul 03 20:26 UTC
Output:
----------------------------------------------------------
Running main() from /home/z/my-project/build/_deps/googletest-src/googletest/src/gtest_main.cc
Note: Google Test filter = TimingTest.TimerBasic
[==========] Running 1 test from 1 test suite.
[----------] Global test environment set-up.
[----------] 1 test from TimingTest
[ RUN      ] TimingTest.TimerBasic
[       OK ] TimingTest.TimerBasic (50 ms)
[----------] 1 test from TimingTest (50 ms total)

[----------] Global test environment tear-down
[==========] 1 test from 1 test suite ran. (50 ms total)
[  PASSED  ] 1 test.
<end of output>
Test time =   0.05 sec
----------------------------------------------------------
Test Passed.
"TimingTest.TimerBasic" end time: Jul 03 20:26 UTC
"TimingTest.TimerBasic" time elapsed: 00:00:00
----------------------------------------------------------

12/139 Testing: TimingTest.TimerReset
12/139 Test: TimingTest.TimerReset
Command: "/home/z/my-project/build/bin/EngineTests" "--gtest_filter=TimingTest.TimerReset" "--gtest_also_run_disabled_tests"
Directory: /home/z/my-project/build/Tests
"TimingTest.TimerReset" start time: Jul 03 20:26 UTC
Output:
----------------------------------------------------------
Running main() from /home/z/my-project/build/_deps/googletest-src/googletest/src/gtest_main.cc
Note: Google Test filter = TimingTest.TimerReset
[==========] Running 1 test from 1 test suite.
[----------] Global test environment set-up.
[----------] 1 test from TimingTest
[ RUN      ] TimingTest.TimerReset
[       OK ] TimingTest.TimerReset (10 ms)
[----------] 1 test from TimingTest (10 ms total)

[----------] Global test environment tear-down
[==========] 1 test from 1 test suite ran. (10 ms total)
[  PASSED  ] 1 test.
<end of output>
Test time =   0.01 sec
----------------------------------------------------------
Test Passed.
"TimingTest.TimerReset" end time: Jul 03 20:26 UTC
"TimingTest.TimerReset" time elapsed: 00:00:00
----------------------------------------------------------

13/139 Testing: TimingTest.ClockNow
13/139 Test: TimingTest.ClockNow
Command: "/home/z/my-project/build/bin/EngineTests" "--gtest_filter=TimingTest.ClockNow" "--gtest_also_run_disabled_tests"
Directory: /home/z/my-project/build/Tests
"TimingTest.ClockNow" start time: Jul 03 20:26 UTC
Output:
----------------------------------------------------------
Running main() from /home/z/my-project/build/_deps/googletest-src/googletest/src/gtest_main.cc
Note: Google Test filter = TimingTest.ClockNow
[==========] Running 1 test from 1 test suite.
[----------] Global test environment set-up.
[----------] 1 test from TimingTest
[ RUN      ] TimingTest.ClockNow
[       OK ] TimingTest.ClockNow (0 ms)
[----------] 1 test from TimingTest (0 ms total)

[----------] Global test environment tear-down
[==========] 1 test from 1 test suite ran. (0 ms total)
[  PASSED  ] 1 test.
<end of output>
Test time =   0.00 sec
----------------------------------------------------------
Test Passed.
"TimingTest.ClockNow" end time: Jul 03 20:26 UTC
"TimingTest.ClockNow" time elapsed: 00:00:00
----------------------------------------------------------

14/139 Testing: TimingTest.ClockTimestamp
14/139 Test: TimingTest.ClockTimestamp
Command: "/home/z/my-project/build/bin/EngineTests" "--gtest_filter=TimingTest.ClockTimestamp" "--gtest_also_run_disabled_tests"
Directory: /home/z/my-project/build/Tests
"TimingTest.ClockTimestamp" start time: Jul 03 20:26 UTC
Output:
----------------------------------------------------------
Running main() from /home/z/my-project/build/_deps/googletest-src/googletest/src/gtest_main.cc
Note: Google Test filter = TimingTest.ClockTimestamp
[==========] Running 1 test from 1 test suite.
[----------] Global test environment set-up.
[----------] 1 test from TimingTest
[ RUN      ] TimingTest.ClockTimestamp
[       OK ] TimingTest.ClockTimestamp (0 ms)
[----------] 1 test from TimingTest (0 ms total)

[----------] Global test environment tear-down
[==========] 1 test from 1 test suite ran. (0 ms total)
[  PASSED  ] 1 test.
<end of output>
Test time =   0.00 sec
----------------------------------------------------------
Test Passed.
"TimingTest.ClockTimestamp" end time: Jul 03 20:26 UTC
"TimingTest.ClockTimestamp" time elapsed: 00:00:00
----------------------------------------------------------

15/139 Testing: ModuleRegistryTest.RegisterAndGet
15/139 Test: ModuleRegistryTest.RegisterAndGet
Command: "/home/z/my-project/build/bin/EngineTests" "--gtest_filter=ModuleRegistryTest.RegisterAndGet" "--gtest_also_run_disabled_tests"
Directory: /home/z/my-project/build/Tests
"ModuleRegistryTest.RegisterAndGet" start time: Jul 03 20:26 UTC
Output:
----------------------------------------------------------
Running main() from /home/z/my-project/build/_deps/googletest-src/googletest/src/gtest_main.cc
Note: Google Test filter = ModuleRegistryTest.RegisterAndGet
[==========] Running 1 test from 1 test suite.
[----------] Global test environment set-up.
[----------] 1 test from ModuleRegistryTest
[ RUN      ] ModuleRegistryTest.RegisterAndGet
[I] Logging system initialized. App: ModuleRegistryTests
[D] ModuleRegistry — registered module 'TestModule' (priority 10)
[D] ModuleRegistry — unregistered module 'TestModule'
[I] Logging system shutting down.
[       OK ] ModuleRegistryTest.RegisterAndGet (0 ms)
[----------] 1 test from ModuleRegistryTest (0 ms total)

[----------] Global test environment tear-down
[==========] 1 test from 1 test suite ran. (0 ms total)
[  PASSED  ] 1 test.
<end of output>
Test time =   0.00 sec
----------------------------------------------------------
Test Passed.
"ModuleRegistryTest.RegisterAndGet" end time: Jul 03 20:26 UTC
"ModuleRegistryTest.RegisterAndGet" time elapsed: 00:00:00
----------------------------------------------------------

16/139 Testing: ModuleRegistryTest.InitializeAll
16/139 Test: ModuleRegistryTest.InitializeAll
Command: "/home/z/my-project/build/bin/EngineTests" "--gtest_filter=ModuleRegistryTest.InitializeAll" "--gtest_also_run_disabled_tests"
Directory: /home/z/my-project/build/Tests
"ModuleRegistryTest.InitializeAll" start time: Jul 03 20:26 UTC
Output:
----------------------------------------------------------
Running main() from /home/z/my-project/build/_deps/googletest-src/googletest/src/gtest_main.cc
Note: Google Test filter = ModuleRegistryTest.InitializeAll
[==========] Running 1 test from 1 test suite.
[----------] Global test environment set-up.
[----------] 1 test from ModuleRegistryTest
[ RUN      ] ModuleRegistryTest.InitializeAll
[I] Logging system initialized. App: ModuleRegistryTests
[D] ModuleRegistry — registered module 'Mod_High' (priority 10)
[D] ModuleRegistry — registered module 'Mod_Mid' (priority 5)
[D] ModuleRegistry — registered module 'Mod_Low' (priority 1)
[I] ModuleRegistry — initializing 'Mod_Low' (priority 1)
[I] ModuleRegistry — module 'Mod_Low' initialized successfully
[I] ModuleRegistry — initializing 'Mod_Mid' (priority 5)
[I] ModuleRegistry — module 'Mod_Mid' initialized successfully
[I] ModuleRegistry — initializing 'Mod_High' (priority 10)
[I] ModuleRegistry — module 'Mod_High' initialized successfully
[I] ModuleRegistry — all 3 modules initialized
[I] ModuleRegistry — shutting down 'Mod_High' before unregister
[D] ModuleRegistry — unregistered module 'Mod_High'
[I] ModuleRegistry — shutting down 'Mod_Low' before unregister
[D] ModuleRegistry — unregistered module 'Mod_Low'
[I] Logging system shutting down.
[       OK ] ModuleRegistryTest.InitializeAll (0 ms)
[----------] 1 test from ModuleRegistryTest (0 ms total)

[----------] Global test environment tear-down
[==========] 1 test from 1 test suite ran. (0 ms total)
[  PASSED  ] 1 test.
<end of output>
Test time =   0.00 sec
----------------------------------------------------------
Test Passed.
"ModuleRegistryTest.InitializeAll" end time: Jul 03 20:26 UTC
"ModuleRegistryTest.InitializeAll" time elapsed: 00:00:00
----------------------------------------------------------

17/139 Testing: ModuleRegistryTest.ShutdownOrder
17/139 Test: ModuleRegistryTest.ShutdownOrder
Command: "/home/z/my-project/build/bin/EngineTests" "--gtest_filter=ModuleRegistryTest.ShutdownOrder" "--gtest_also_run_disabled_tests"
Directory: /home/z/my-project/build/Tests
"ModuleRegistryTest.ShutdownOrder" start time: Jul 03 20:26 UTC
Output:
----------------------------------------------------------
Running main() from /home/z/my-project/build/_deps/googletest-src/googletest/src/gtest_main.cc
Note: Google Test filter = ModuleRegistryTest.ShutdownOrder
[==========] Running 1 test from 1 test suite.
[----------] Global test environment set-up.
[----------] 1 test from ModuleRegistryTest
[ RUN      ] ModuleRegistryTest.ShutdownOrder
[I] Logging system initialized. App: ModuleRegistryTests
[D] ModuleRegistry — registered module 'Mod_High' (priority 10)
[D] ModuleRegistry — registered module 'Mod_Mid' (priority 5)
[D] ModuleRegistry — registered module 'Mod_Low' (priority 1)
[I] ModuleRegistry — initializing 'Mod_Low' (priority 1)
[I] ModuleRegistry — module 'Mod_Low' initialized successfully
[I] ModuleRegistry — initializing 'Mod_Mid' (priority 5)
[I] ModuleRegistry — module 'Mod_Mid' initialized successfully
[I] ModuleRegistry — initializing 'Mod_High' (priority 10)
[I] ModuleRegistry — module 'Mod_High' initialized successfully
[I] ModuleRegistry — all 3 modules initialized
[I] ModuleRegistry — shutting down 'Mod_High' (priority 10)
[I] ModuleRegistry — module 'Mod_High' shut down
[I] ModuleRegistry — shutting down 'Mod_Mid' (priority 5)
[I] ModuleRegistry — module 'Mod_Mid' shut down
[I] ModuleRegistry — shutting down 'Mod_Low' (priority 1)
[I] ModuleRegistry — module 'Mod_Low' shut down
[I] ModuleRegistry — all modules shut down
[D] ModuleRegistry — unregistered module 'Mod_High'
[D] ModuleRegistry — unregistered module 'Mod_Low'
[I] Logging system shutting down.
[       OK ] ModuleRegistryTest.ShutdownOrder (0 ms)
[----------] 1 test from ModuleRegistryTest (0 ms total)

[----------] Global test environment tear-down
[==========] 1 test from 1 test suite ran. (0 ms total)
[  PASSED  ] 1 test.
<end of output>
Test time =   0.00 sec
----------------------------------------------------------
Test Passed.
"ModuleRegistryTest.ShutdownOrder" end time: Jul 03 20:26 UTC
"ModuleRegistryTest.ShutdownOrder" time elapsed: 00:00:00
----------------------------------------------------------

18/139 Testing: ModuleRegistryTest.IsInitialized
18/139 Test: ModuleRegistryTest.IsInitialized
Command: "/home/z/my-project/build/bin/EngineTests" "--gtest_filter=ModuleRegistryTest.IsInitialized" "--gtest_also_run_disabled_tests"
Directory: /home/z/my-project/build/Tests
"ModuleRegistryTest.IsInitialized" start time: Jul 03 20:26 UTC
Output:
----------------------------------------------------------
Running main() from /home/z/my-project/build/_deps/googletest-src/googletest/src/gtest_main.cc
Note: Google Test filter = ModuleRegistryTest.IsInitialized
[==========] Running 1 test from 1 test suite.
[----------] Global test environment set-up.
[----------] 1 test from ModuleRegistryTest
[ RUN      ] ModuleRegistryTest.IsInitialized
[I] Logging system initialized. App: ModuleRegistryTests
[D] ModuleRegistry — registered module 'InitCheck' (priority 1)
[I] ModuleRegistry — initializing 'InitCheck' (priority 1)
[I] ModuleRegistry — module 'InitCheck' initialized successfully
[I] ModuleRegistry — all 1 modules initialized
[I] ModuleRegistry — shutting down 'InitCheck' before unregister
[D] ModuleRegistry — unregistered module 'InitCheck'
[I] Logging system shutting down.
[       OK ] ModuleRegistryTest.IsInitialized (0 ms)
[----------] 1 test from ModuleRegistryTest (0 ms total)

[----------] Global test environment tear-down
[==========] 1 test from 1 test suite ran. (0 ms total)
[  PASSED  ] 1 test.
<end of output>
Test time =   0.00 sec
----------------------------------------------------------
Test Passed.
"ModuleRegistryTest.IsInitialized" end time: Jul 03 20:26 UTC
"ModuleRegistryTest.IsInitialized" time elapsed: 00:00:00
----------------------------------------------------------

19/139 Testing: ModuleRegistryTest.Unregister
19/139 Test: ModuleRegistryTest.Unregister
Command: "/home/z/my-project/build/bin/EngineTests" "--gtest_filter=ModuleRegistryTest.Unregister" "--gtest_also_run_disabled_tests"
Directory: /home/z/my-project/build/Tests
"ModuleRegistryTest.Unregister" start time: Jul 03 20:26 UTC
Output:
----------------------------------------------------------
Running main() from /home/z/my-project/build/_deps/googletest-src/googletest/src/gtest_main.cc
Note: Google Test filter = ModuleRegistryTest.Unregister
[==========] Running 1 test from 1 test suite.
[----------] Global test environment set-up.
[----------] 1 test from ModuleRegistryTest
[ RUN      ] ModuleRegistryTest.Unregister
[I] Logging system initialized. App: ModuleRegistryTests
[D] ModuleRegistry — registered module 'ToRemove' (priority 1)
[D] ModuleRegistry — unregistered module 'ToRemove'
[I] Logging system shutting down.
[       OK ] ModuleRegistryTest.Unregister (0 ms)
[----------] 1 test from ModuleRegistryTest (0 ms total)

[----------] Global test environment tear-down
[==========] 1 test from 1 test suite ran. (0 ms total)
[  PASSED  ] 1 test.
<end of output>
Test time =   0.00 sec
----------------------------------------------------------
Test Passed.
"ModuleRegistryTest.Unregister" end time: Jul 03 20:26 UTC
"ModuleRegistryTest.Unregister" time elapsed: 00:00:00
----------------------------------------------------------

20/139 Testing: ModuleRegistryTest.DuplicateNameReplace
20/139 Test: ModuleRegistryTest.DuplicateNameReplace
Command: "/home/z/my-project/build/bin/EngineTests" "--gtest_filter=ModuleRegistryTest.DuplicateNameReplace" "--gtest_also_run_disabled_tests"
Directory: /home/z/my-project/build/Tests
"ModuleRegistryTest.DuplicateNameReplace" start time: Jul 03 20:26 UTC
Output:
----------------------------------------------------------
Running main() from /home/z/my-project/build/_deps/googletest-src/googletest/src/gtest_main.cc
Note: Google Test filter = ModuleRegistryTest.DuplicateNameReplace
[==========] Running 1 test from 1 test suite.
[----------] Global test environment set-up.
[----------] 1 test from ModuleRegistryTest
[ RUN      ] ModuleRegistryTest.DuplicateNameReplace
[I] Logging system initialized. App: ModuleRegistryTests
[D] ModuleRegistry — registered module 'DupMod' (priority 1)
[D] ModuleRegistry — replaced module 'DupMod'
[D] ModuleRegistry — unregistered module 'DupMod'
[I] Logging system shutting down.
[       OK ] ModuleRegistryTest.DuplicateNameReplace (0 ms)
[----------] 1 test from ModuleRegistryTest (0 ms total)

[----------] Global test environment tear-down
[==========] 1 test from 1 test suite ran. (0 ms total)
[  PASSED  ] 1 test.
<end of output>
Test time =   0.00 sec
----------------------------------------------------------
Test Passed.
"ModuleRegistryTest.DuplicateNameReplace" end time: Jul 03 20:26 UTC
"ModuleRegistryTest.DuplicateNameReplace" time elapsed: 00:00:00
----------------------------------------------------------

21/139 Testing: PathTest.DefaultConstructor
21/139 Test: PathTest.DefaultConstructor
Command: "/home/z/my-project/build/bin/EngineTests" "--gtest_filter=PathTest.DefaultConstructor" "--gtest_also_run_disabled_tests"
Directory: /home/z/my-project/build/Tests
"PathTest.DefaultConstructor" start time: Jul 03 20:26 UTC
Output:
----------------------------------------------------------
Running main() from /home/z/my-project/build/_deps/googletest-src/googletest/src/gtest_main.cc
Note: Google Test filter = PathTest.DefaultConstructor
[==========] Running 1 test from 1 test suite.
[----------] Global test environment set-up.
[----------] 1 test from PathTest
[ RUN      ] PathTest.DefaultConstructor
[       OK ] PathTest.DefaultConstructor (0 ms)
[----------] 1 test from PathTest (0 ms total)

[----------] Global test environment tear-down
[==========] 1 test from 1 test suite ran. (0 ms total)
[  PASSED  ] 1 test.
<end of output>
Test time =   0.00 sec
----------------------------------------------------------
Test Passed.
"PathTest.DefaultConstructor" end time: Jul 03 20:26 UTC
"PathTest.DefaultConstructor" time elapsed: 00:00:00
----------------------------------------------------------

22/139 Testing: PathTest.FromString
22/139 Test: PathTest.FromString
Command: "/home/z/my-project/build/bin/EngineTests" "--gtest_filter=PathTest.FromString" "--gtest_also_run_disabled_tests"
Directory: /home/z/my-project/build/Tests
"PathTest.FromString" start time: Jul 03 20:26 UTC
Output:
----------------------------------------------------------
Running main() from /home/z/my-project/build/_deps/googletest-src/googletest/src/gtest_main.cc
Note: Google Test filter = PathTest.FromString
[==========] Running 1 test from 1 test suite.
[----------] Global test environment set-up.
[----------] 1 test from PathTest
[ RUN      ] PathTest.FromString
[       OK ] PathTest.FromString (0 ms)
[----------] 1 test from PathTest (0 ms total)

[----------] Global test environment tear-down
[==========] 1 test from 1 test suite ran. (0 ms total)
[  PASSED  ] 1 test.
<end of output>
Test time =   0.00 sec
----------------------------------------------------------
Test Passed.
"PathTest.FromString" end time: Jul 03 20:26 UTC
"PathTest.FromString" time elapsed: 00:00:00
----------------------------------------------------------

23/139 Testing: PathTest.Append
23/139 Test: PathTest.Append
Command: "/home/z/my-project/build/bin/EngineTests" "--gtest_filter=PathTest.Append" "--gtest_also_run_disabled_tests"
Directory: /home/z/my-project/build/Tests
"PathTest.Append" start time: Jul 03 20:26 UTC
Output:
----------------------------------------------------------
Running main() from /home/z/my-project/build/_deps/googletest-src/googletest/src/gtest_main.cc
Note: Google Test filter = PathTest.Append
[==========] Running 1 test from 1 test suite.
[----------] Global test environment set-up.
[----------] 1 test from PathTest
[ RUN      ] PathTest.Append
[       OK ] PathTest.Append (0 ms)
[----------] 1 test from PathTest (0 ms total)

[----------] Global test environment tear-down
[==========] 1 test from 1 test suite ran. (0 ms total)
[  PASSED  ] 1 test.
<end of output>
Test time =   0.00 sec
----------------------------------------------------------
Test Passed.
"PathTest.Append" end time: Jul 03 20:26 UTC
"PathTest.Append" time elapsed: 00:00:00
----------------------------------------------------------

24/139 Testing: PathTest.Extension
24/139 Test: PathTest.Extension
Command: "/home/z/my-project/build/bin/EngineTests" "--gtest_filter=PathTest.Extension" "--gtest_also_run_disabled_tests"
Directory: /home/z/my-project/build/Tests
"PathTest.Extension" start time: Jul 03 20:26 UTC
Output:
----------------------------------------------------------
Running main() from /home/z/my-project/build/_deps/googletest-src/googletest/src/gtest_main.cc
Note: Google Test filter = PathTest.Extension
[==========] Running 1 test from 1 test suite.
[----------] Global test environment set-up.
[----------] 1 test from PathTest
[ RUN      ] PathTest.Extension
[       OK ] PathTest.Extension (0 ms)
[----------] 1 test from PathTest (0 ms total)

[----------] Global test environment tear-down
[==========] 1 test from 1 test suite ran. (0 ms total)
[  PASSED  ] 1 test.
<end of output>
Test time =   0.00 sec
----------------------------------------------------------
Test Passed.
"PathTest.Extension" end time: Jul 03 20:26 UTC
"PathTest.Extension" time elapsed: 00:00:00
----------------------------------------------------------

25/139 Testing: PathTest.Stem
25/139 Test: PathTest.Stem
Command: "/home/z/my-project/build/bin/EngineTests" "--gtest_filter=PathTest.Stem" "--gtest_also_run_disabled_tests"
Directory: /home/z/my-project/build/Tests
"PathTest.Stem" start time: Jul 03 20:26 UTC
Output:
----------------------------------------------------------
Running main() from /home/z/my-project/build/_deps/googletest-src/googletest/src/gtest_main.cc
Note: Google Test filter = PathTest.Stem
[==========] Running 1 test from 1 test suite.
[----------] Global test environment set-up.
[----------] 1 test from PathTest
[ RUN      ] PathTest.Stem
[       OK ] PathTest.Stem (0 ms)
[----------] 1 test from PathTest (0 ms total)

[----------] Global test environment tear-down
[==========] 1 test from 1 test suite ran. (0 ms total)
[  PASSED  ] 1 test.
<end of output>
Test time =   0.00 sec
----------------------------------------------------------
Test Passed.
"PathTest.Stem" end time: Jul 03 20:26 UTC
"PathTest.Stem" time elapsed: 00:00:00
----------------------------------------------------------

26/139 Testing: PathTest.Parent
26/139 Test: PathTest.Parent
Command: "/home/z/my-project/build/bin/EngineTests" "--gtest_filter=PathTest.Parent" "--gtest_also_run_disabled_tests"
Directory: /home/z/my-project/build/Tests
"PathTest.Parent" start time: Jul 03 20:26 UTC
Output:
----------------------------------------------------------
Running main() from /home/z/my-project/build/_deps/googletest-src/googletest/src/gtest_main.cc
Note: Google Test filter = PathTest.Parent
[==========] Running 1 test from 1 test suite.
[----------] Global test environment set-up.
[----------] 1 test from PathTest
[ RUN      ] PathTest.Parent
[       OK ] PathTest.Parent (0 ms)
[----------] 1 test from PathTest (0 ms total)

[----------] Global test environment tear-down
[==========] 1 test from 1 test suite ran. (0 ms total)
[  PASSED  ] 1 test.
<end of output>
Test time =   0.00 sec
----------------------------------------------------------
Test Passed.
"PathTest.Parent" end time: Jul 03 20:26 UTC
"PathTest.Parent" time elapsed: 00:00:00
----------------------------------------------------------

27/139 Testing: PathTest.CurrentWorkingDirectory
27/139 Test: PathTest.CurrentWorkingDirectory
Command: "/home/z/my-project/build/bin/EngineTests" "--gtest_filter=PathTest.CurrentWorkingDirectory" "--gtest_also_run_disabled_tests"
Directory: /home/z/my-project/build/Tests
"PathTest.CurrentWorkingDirectory" start time: Jul 03 20:26 UTC
Output:
----------------------------------------------------------
Running main() from /home/z/my-project/build/_deps/googletest-src/googletest/src/gtest_main.cc
Note: Google Test filter = PathTest.CurrentWorkingDirectory
[==========] Running 1 test from 1 test suite.
[----------] Global test environment set-up.
[----------] 1 test from PathTest
[ RUN      ] PathTest.CurrentWorkingDirectory
[       OK ] PathTest.CurrentWorkingDirectory (0 ms)
[----------] 1 test from PathTest (0 ms total)

[----------] Global test environment tear-down
[==========] 1 test from 1 test suite ran. (0 ms total)
[  PASSED  ] 1 test.
<end of output>
Test time =   0.00 sec
----------------------------------------------------------
Test Passed.
"PathTest.CurrentWorkingDirectory" end time: Jul 03 20:26 UTC
"PathTest.CurrentWorkingDirectory" time elapsed: 00:00:00
----------------------------------------------------------

28/139 Testing: PathTest.Equality
28/139 Test: PathTest.Equality
Command: "/home/z/my-project/build/bin/EngineTests" "--gtest_filter=PathTest.Equality" "--gtest_also_run_disabled_tests"
Directory: /home/z/my-project/build/Tests
"PathTest.Equality" start time: Jul 03 20:26 UTC
Output:
----------------------------------------------------------
Running main() from /home/z/my-project/build/_deps/googletest-src/googletest/src/gtest_main.cc
Note: Google Test filter = PathTest.Equality
[==========] Running 1 test from 1 test suite.
[----------] Global test environment set-up.
[----------] 1 test from PathTest
[ RUN      ] PathTest.Equality
[       OK ] PathTest.Equality (0 ms)
[----------] 1 test from PathTest (0 ms total)

[----------] Global test environment tear-down
[==========] 1 test from 1 test suite ran. (0 ms total)
[  PASSED  ] 1 test.
<end of output>
Test time =   0.00 sec
----------------------------------------------------------
Test Passed.
"PathTest.Equality" end time: Jul 03 20:26 UTC
"PathTest.Equality" time elapsed: 00:00:00
----------------------------------------------------------

29/139 Testing: FileTest.ReadWriteText
29/139 Test: FileTest.ReadWriteText
Command: "/home/z/my-project/build/bin/EngineTests" "--gtest_filter=FileTest.ReadWriteText" "--gtest_also_run_disabled_tests"
Directory: /home/z/my-project/build/Tests
"FileTest.ReadWriteText" start time: Jul 03 20:26 UTC
Output:
----------------------------------------------------------
Running main() from /home/z/my-project/build/_deps/googletest-src/googletest/src/gtest_main.cc
Note: Google Test filter = FileTest.ReadWriteText
[==========] Running 1 test from 1 test suite.
[----------] Global test environment set-up.
[----------] 1 test from FileTest
[ RUN      ] FileTest.ReadWriteText
[I] Logging system initialized. App: FileTests
[I] Logging system shutting down.
[       OK ] FileTest.ReadWriteText (0 ms)
[----------] 1 test from FileTest (0 ms total)

[----------] Global test environment tear-down
[==========] 1 test from 1 test suite ran. (0 ms total)
[  PASSED  ] 1 test.
<end of output>
Test time =   0.00 sec
----------------------------------------------------------
Test Passed.
"FileTest.ReadWriteText" end time: Jul 03 20:26 UTC
"FileTest.ReadWriteText" time elapsed: 00:00:00
----------------------------------------------------------

30/139 Testing: FileTest.AppendText
30/139 Test: FileTest.AppendText
Command: "/home/z/my-project/build/bin/EngineTests" "--gtest_filter=FileTest.AppendText" "--gtest_also_run_disabled_tests"
Directory: /home/z/my-project/build/Tests
"FileTest.AppendText" start time: Jul 03 20:26 UTC
Output:
----------------------------------------------------------
Running main() from /home/z/my-project/build/_deps/googletest-src/googletest/src/gtest_main.cc
Note: Google Test filter = FileTest.AppendText
[==========] Running 1 test from 1 test suite.
[----------] Global test environment set-up.
[----------] 1 test from FileTest
[ RUN      ] FileTest.AppendText
[I] Logging system initialized. App: FileTests
[I] Logging system shutting down.
[       OK ] FileTest.AppendText (0 ms)
[----------] 1 test from FileTest (0 ms total)

[----------] Global test environment tear-down
[==========] 1 test from 1 test suite ran. (0 ms total)
[  PASSED  ] 1 test.
<end of output>
Test time =   0.00 sec
----------------------------------------------------------
Test Passed.
"FileTest.AppendText" end time: Jul 03 20:26 UTC
"FileTest.AppendText" time elapsed: 00:00:00
----------------------------------------------------------

31/139 Testing: FileTest.ReadWriteBinary
31/139 Test: FileTest.ReadWriteBinary
Command: "/home/z/my-project/build/bin/EngineTests" "--gtest_filter=FileTest.ReadWriteBinary" "--gtest_also_run_disabled_tests"
Directory: /home/z/my-project/build/Tests
"FileTest.ReadWriteBinary" start time: Jul 03 20:26 UTC
Output:
----------------------------------------------------------
Running main() from /home/z/my-project/build/_deps/googletest-src/googletest/src/gtest_main.cc
Note: Google Test filter = FileTest.ReadWriteBinary
[==========] Running 1 test from 1 test suite.
[----------] Global test environment set-up.
[----------] 1 test from FileTest
[ RUN      ] FileTest.ReadWriteBinary
[I] Logging system initialized. App: FileTests
[I] Logging system shutting down.
[       OK ] FileTest.ReadWriteBinary (0 ms)
[----------] 1 test from FileTest (0 ms total)

[----------] Global test environment tear-down
[==========] 1 test from 1 test suite ran. (0 ms total)
[  PASSED  ] 1 test.
<end of output>
Test time =   0.00 sec
----------------------------------------------------------
Test Passed.
"FileTest.ReadWriteBinary" end time: Jul 03 20:26 UTC
"FileTest.ReadWriteBinary" time elapsed: 00:00:00
----------------------------------------------------------

32/139 Testing: FileTest.Exists
32/139 Test: FileTest.Exists
Command: "/home/z/my-project/build/bin/EngineTests" "--gtest_filter=FileTest.Exists" "--gtest_also_run_disabled_tests"
Directory: /home/z/my-project/build/Tests
"FileTest.Exists" start time: Jul 03 20:26 UTC
Output:
----------------------------------------------------------
Running main() from /home/z/my-project/build/_deps/googletest-src/googletest/src/gtest_main.cc
Note: Google Test filter = FileTest.Exists
[==========] Running 1 test from 1 test suite.
[----------] Global test environment set-up.
[----------] 1 test from FileTest
[ RUN      ] FileTest.Exists
[I] Logging system initialized. App: FileTests
[I] Logging system shutting down.
[       OK ] FileTest.Exists (0 ms)
[----------] 1 test from FileTest (0 ms total)

[----------] Global test environment tear-down
[==========] 1 test from 1 test suite ran. (0 ms total)
[  PASSED  ] 1 test.
<end of output>
Test time =   0.00 sec
----------------------------------------------------------
Test Passed.
"FileTest.Exists" end time: Jul 03 20:26 UTC
"FileTest.Exists" time elapsed: 00:00:00
----------------------------------------------------------

33/139 Testing: FileTest.Copy
33/139 Test: FileTest.Copy
Command: "/home/z/my-project/build/bin/EngineTests" "--gtest_filter=FileTest.Copy" "--gtest_also_run_disabled_tests"
Directory: /home/z/my-project/build/Tests
"FileTest.Copy" start time: Jul 03 20:26 UTC
Output:
----------------------------------------------------------
Running main() from /home/z/my-project/build/_deps/googletest-src/googletest/src/gtest_main.cc
Note: Google Test filter = FileTest.Copy
[==========] Running 1 test from 1 test suite.
[----------] Global test environment set-up.
[----------] 1 test from FileTest
[ RUN      ] FileTest.Copy
[I] Logging system initialized. App: FileTests
[I] Logging system shutting down.
[       OK ] FileTest.Copy (0 ms)
[----------] 1 test from FileTest (0 ms total)

[----------] Global test environment tear-down
[==========] 1 test from 1 test suite ran. (0 ms total)
[  PASSED  ] 1 test.
<end of output>
Test time =   0.00 sec
----------------------------------------------------------
Test Passed.
"FileTest.Copy" end time: Jul 03 20:26 UTC
"FileTest.Copy" time elapsed: 00:00:00
----------------------------------------------------------

34/139 Testing: FileTest.Move
34/139 Test: FileTest.Move
Command: "/home/z/my-project/build/bin/EngineTests" "--gtest_filter=FileTest.Move" "--gtest_also_run_disabled_tests"
Directory: /home/z/my-project/build/Tests
"FileTest.Move" start time: Jul 03 20:26 UTC
Output:
----------------------------------------------------------
Running main() from /home/z/my-project/build/_deps/googletest-src/googletest/src/gtest_main.cc
Note: Google Test filter = FileTest.Move
[==========] Running 1 test from 1 test suite.
[----------] Global test environment set-up.
[----------] 1 test from FileTest
[ RUN      ] FileTest.Move
[I] Logging system initialized. App: FileTests
[I] Logging system shutting down.
[       OK ] FileTest.Move (0 ms)
[----------] 1 test from FileTest (0 ms total)

[----------] Global test environment tear-down
[==========] 1 test from 1 test suite ran. (0 ms total)
[  PASSED  ] 1 test.
<end of output>
Test time =   0.00 sec
----------------------------------------------------------
Test Passed.
"FileTest.Move" end time: Jul 03 20:26 UTC
"FileTest.Move" time elapsed: 00:00:00
----------------------------------------------------------

35/139 Testing: FileTest.Size
35/139 Test: FileTest.Size
Command: "/home/z/my-project/build/bin/EngineTests" "--gtest_filter=FileTest.Size" "--gtest_also_run_disabled_tests"
Directory: /home/z/my-project/build/Tests
"FileTest.Size" start time: Jul 03 20:26 UTC
Output:
----------------------------------------------------------
Running main() from /home/z/my-project/build/_deps/googletest-src/googletest/src/gtest_main.cc
Note: Google Test filter = FileTest.Size
[==========] Running 1 test from 1 test suite.
[----------] Global test environment set-up.
[----------] 1 test from FileTest
[ RUN      ] FileTest.Size
[I] Logging system initialized. App: FileTests
[I] Logging system shutting down.
[       OK ] FileTest.Size (0 ms)
[----------] 1 test from FileTest (0 ms total)

[----------] Global test environment tear-down
[==========] 1 test from 1 test suite ran. (0 ms total)
[  PASSED  ] 1 test.
<end of output>
Test time =   0.00 sec
----------------------------------------------------------
Test Passed.
"FileTest.Size" end time: Jul 03 20:26 UTC
"FileTest.Size" time elapsed: 00:00:00
----------------------------------------------------------

36/139 Testing: FileTest.ReadLines
36/139 Test: FileTest.ReadLines
Command: "/home/z/my-project/build/bin/EngineTests" "--gtest_filter=FileTest.ReadLines" "--gtest_also_run_disabled_tests"
Directory: /home/z/my-project/build/Tests
"FileTest.ReadLines" start time: Jul 03 20:26 UTC
Output:
----------------------------------------------------------
Running main() from /home/z/my-project/build/_deps/googletest-src/googletest/src/gtest_main.cc
Note: Google Test filter = FileTest.ReadLines
[==========] Running 1 test from 1 test suite.
[----------] Global test environment set-up.
[----------] 1 test from FileTest
[ RUN      ] FileTest.ReadLines
[I] Logging system initialized. App: FileTests
[I] Logging system shutting down.
[       OK ] FileTest.ReadLines (0 ms)
[----------] 1 test from FileTest (0 ms total)

[----------] Global test environment tear-down
[==========] 1 test from 1 test suite ran. (0 ms total)
[  PASSED  ] 1 test.
<end of output>
Test time =   0.00 sec
----------------------------------------------------------
Test Passed.
"FileTest.ReadLines" end time: Jul 03 20:26 UTC
"FileTest.ReadLines" time elapsed: 00:00:00
----------------------------------------------------------

37/139 Testing: FileTest.Delete
37/139 Test: FileTest.Delete
Command: "/home/z/my-project/build/bin/EngineTests" "--gtest_filter=FileTest.Delete" "--gtest_also_run_disabled_tests"
Directory: /home/z/my-project/build/Tests
"FileTest.Delete" start time: Jul 03 20:26 UTC
Output:
----------------------------------------------------------
Running main() from /home/z/my-project/build/_deps/googletest-src/googletest/src/gtest_main.cc
Note: Google Test filter = FileTest.Delete
[==========] Running 1 test from 1 test suite.
[----------] Global test environment set-up.
[----------] 1 test from FileTest
[ RUN      ] FileTest.Delete
[I] Logging system initialized. App: FileTests
[I] Logging system shutting down.
[       OK ] FileTest.Delete (0 ms)
[----------] 1 test from FileTest (0 ms total)

[----------] Global test environment tear-down
[==========] 1 test from 1 test suite ran. (0 ms total)
[  PASSED  ] 1 test.
<end of output>
Test time =   0.00 sec
----------------------------------------------------------
Test Passed.
"FileTest.Delete" end time: Jul 03 20:26 UTC
"FileTest.Delete" time elapsed: 00:00:00
----------------------------------------------------------

38/139 Testing: DirectoryTest.CreateAndExists
38/139 Test: DirectoryTest.CreateAndExists
Command: "/home/z/my-project/build/bin/EngineTests" "--gtest_filter=DirectoryTest.CreateAndExists" "--gtest_also_run_disabled_tests"
Directory: /home/z/my-project/build/Tests
"DirectoryTest.CreateAndExists" start time: Jul 03 20:26 UTC
Output:
----------------------------------------------------------
Running main() from /home/z/my-project/build/_deps/googletest-src/googletest/src/gtest_main.cc
Note: Google Test filter = DirectoryTest.CreateAndExists
[==========] Running 1 test from 1 test suite.
[----------] Global test environment set-up.
[----------] 1 test from DirectoryTest
[ RUN      ] DirectoryTest.CreateAndExists
[I] Logging system initialized. App: DirectoryTests
[I] Logging system shutting down.
[       OK ] DirectoryTest.CreateAndExists (0 ms)
[----------] 1 test from DirectoryTest (0 ms total)

[----------] Global test environment tear-down
[==========] 1 test from 1 test suite ran. (0 ms total)
[  PASSED  ] 1 test.
<end of output>
Test time =   0.00 sec
----------------------------------------------------------
Test Passed.
"DirectoryTest.CreateAndExists" end time: Jul 03 20:26 UTC
"DirectoryTest.CreateAndExists" time elapsed: 00:00:00
----------------------------------------------------------

39/139 Testing: DirectoryTest.CreateAll
39/139 Test: DirectoryTest.CreateAll
Command: "/home/z/my-project/build/bin/EngineTests" "--gtest_filter=DirectoryTest.CreateAll" "--gtest_also_run_disabled_tests"
Directory: /home/z/my-project/build/Tests
"DirectoryTest.CreateAll" start time: Jul 03 20:26 UTC
Output:
----------------------------------------------------------
Running main() from /home/z/my-project/build/_deps/googletest-src/googletest/src/gtest_main.cc
Note: Google Test filter = DirectoryTest.CreateAll
[==========] Running 1 test from 1 test suite.
[----------] Global test environment set-up.
[----------] 1 test from DirectoryTest
[ RUN      ] DirectoryTest.CreateAll
[I] Logging system initialized. App: DirectoryTests
[I] Logging system shutting down.
[       OK ] DirectoryTest.CreateAll (0 ms)
[----------] 1 test from DirectoryTest (0 ms total)

[----------] Global test environment tear-down
[==========] 1 test from 1 test suite ran. (0 ms total)
[  PASSED  ] 1 test.
<end of output>
Test time =   0.00 sec
----------------------------------------------------------
Test Passed.
"DirectoryTest.CreateAll" end time: Jul 03 20:26 UTC
"DirectoryTest.CreateAll" time elapsed: 00:00:00
----------------------------------------------------------

40/139 Testing: DirectoryTest.Remove
40/139 Test: DirectoryTest.Remove
Command: "/home/z/my-project/build/bin/EngineTests" "--gtest_filter=DirectoryTest.Remove" "--gtest_also_run_disabled_tests"
Directory: /home/z/my-project/build/Tests
"DirectoryTest.Remove" start time: Jul 03 20:26 UTC
Output:
----------------------------------------------------------
Running main() from /home/z/my-project/build/_deps/googletest-src/googletest/src/gtest_main.cc
Note: Google Test filter = DirectoryTest.Remove
[==========] Running 1 test from 1 test suite.
[----------] Global test environment set-up.
[----------] 1 test from DirectoryTest
[ RUN      ] DirectoryTest.Remove
[I] Logging system initialized. App: DirectoryTests
[I] Logging system shutting down.
[       OK ] DirectoryTest.Remove (0 ms)
[----------] 1 test from DirectoryTest (0 ms total)

[----------] Global test environment tear-down
[==========] 1 test from 1 test suite ran. (0 ms total)
[  PASSED  ] 1 test.
<end of output>
Test time =   0.00 sec
----------------------------------------------------------
Test Passed.
"DirectoryTest.Remove" end time: Jul 03 20:26 UTC
"DirectoryTest.Remove" time elapsed: 00:00:00
----------------------------------------------------------

41/139 Testing: DirectoryTest.RemoveAll
41/139 Test: DirectoryTest.RemoveAll
Command: "/home/z/my-project/build/bin/EngineTests" "--gtest_filter=DirectoryTest.RemoveAll" "--gtest_also_run_disabled_tests"
Directory: /home/z/my-project/build/Tests
"DirectoryTest.RemoveAll" start time: Jul 03 20:26 UTC
Output:
----------------------------------------------------------
Running main() from /home/z/my-project/build/_deps/googletest-src/googletest/src/gtest_main.cc
Note: Google Test filter = DirectoryTest.RemoveAll
[==========] Running 1 test from 1 test suite.
[----------] Global test environment set-up.
[----------] 1 test from DirectoryTest
[ RUN      ] DirectoryTest.RemoveAll
[I] Logging system initialized. App: DirectoryTests
[I] Logging system shutting down.
[       OK ] DirectoryTest.RemoveAll (0 ms)
[----------] 1 test from DirectoryTest (0 ms total)

[----------] Global test environment tear-down
[==========] 1 test from 1 test suite ran. (0 ms total)
[  PASSED  ] 1 test.
<end of output>
Test time =   0.00 sec
----------------------------------------------------------
Test Passed.
"DirectoryTest.RemoveAll" end time: Jul 03 20:26 UTC
"DirectoryTest.RemoveAll" time elapsed: 00:00:00
----------------------------------------------------------

42/139 Testing: DirectoryTest.Files
42/139 Test: DirectoryTest.Files
Command: "/home/z/my-project/build/bin/EngineTests" "--gtest_filter=DirectoryTest.Files" "--gtest_also_run_disabled_tests"
Directory: /home/z/my-project/build/Tests
"DirectoryTest.Files" start time: Jul 03 20:26 UTC
Output:
----------------------------------------------------------
Running main() from /home/z/my-project/build/_deps/googletest-src/googletest/src/gtest_main.cc
Note: Google Test filter = DirectoryTest.Files
[==========] Running 1 test from 1 test suite.
[----------] Global test environment set-up.
[----------] 1 test from DirectoryTest
[ RUN      ] DirectoryTest.Files
[I] Logging system initialized. App: DirectoryTests
[I] Logging system shutting down.
[       OK ] DirectoryTest.Files (0 ms)
[----------] 1 test from DirectoryTest (0 ms total)

[----------] Global test environment tear-down
[==========] 1 test from 1 test suite ran. (0 ms total)
[  PASSED  ] 1 test.
<end of output>
Test time =   0.00 sec
----------------------------------------------------------
Test Passed.
"DirectoryTest.Files" end time: Jul 03 20:26 UTC
"DirectoryTest.Files" time elapsed: 00:00:00
----------------------------------------------------------

43/139 Testing: DirectoryTest.Subdirectories
43/139 Test: DirectoryTest.Subdirectories
Command: "/home/z/my-project/build/bin/EngineTests" "--gtest_filter=DirectoryTest.Subdirectories" "--gtest_also_run_disabled_tests"
Directory: /home/z/my-project/build/Tests
"DirectoryTest.Subdirectories" start time: Jul 03 20:26 UTC
Output:
----------------------------------------------------------
Running main() from /home/z/my-project/build/_deps/googletest-src/googletest/src/gtest_main.cc
Note: Google Test filter = DirectoryTest.Subdirectories
[==========] Running 1 test from 1 test suite.
[----------] Global test environment set-up.
[----------] 1 test from DirectoryTest
[ RUN      ] DirectoryTest.Subdirectories
[I] Logging system initialized. App: DirectoryTests
[I] Logging system shutting down.
[       OK ] DirectoryTest.Subdirectories (0 ms)
[----------] 1 test from DirectoryTest (0 ms total)

[----------] Global test environment tear-down
[==========] 1 test from 1 test suite ran. (0 ms total)
[  PASSED  ] 1 test.
<end of output>
Test time =   0.00 sec
----------------------------------------------------------
Test Passed.
"DirectoryTest.Subdirectories" end time: Jul 03 20:26 UTC
"DirectoryTest.Subdirectories" time elapsed: 00:00:00
----------------------------------------------------------

44/139 Testing: DirectoryTest.IsEmpty
44/139 Test: DirectoryTest.IsEmpty
Command: "/home/z/my-project/build/bin/EngineTests" "--gtest_filter=DirectoryTest.IsEmpty" "--gtest_also_run_disabled_tests"
Directory: /home/z/my-project/build/Tests
"DirectoryTest.IsEmpty" start time: Jul 03 20:26 UTC
Output:
----------------------------------------------------------
Running main() from /home/z/my-project/build/_deps/googletest-src/googletest/src/gtest_main.cc
Note: Google Test filter = DirectoryTest.IsEmpty
[==========] Running 1 test from 1 test suite.
[----------] Global test environment set-up.
[----------] 1 test from DirectoryTest
[ RUN      ] DirectoryTest.IsEmpty
[I] Logging system initialized. App: DirectoryTests
[I] Logging system shutting down.
[       OK ] DirectoryTest.IsEmpty (0 ms)
[----------] 1 test from DirectoryTest (0 ms total)

[----------] Global test environment tear-down
[==========] 1 test from 1 test suite ran. (0 ms total)
[  PASSED  ] 1 test.
<end of output>
Test time =   0.00 sec
----------------------------------------------------------
Test Passed.
"DirectoryTest.IsEmpty" end time: Jul 03 20:26 UTC
"DirectoryTest.IsEmpty" time elapsed: 00:00:00
----------------------------------------------------------

45/139 Testing: DirectoryTest.FilesRecursive
45/139 Test: DirectoryTest.FilesRecursive
Command: "/home/z/my-project/build/bin/EngineTests" "--gtest_filter=DirectoryTest.FilesRecursive" "--gtest_also_run_disabled_tests"
Directory: /home/z/my-project/build/Tests
"DirectoryTest.FilesRecursive" start time: Jul 03 20:26 UTC
Output:
----------------------------------------------------------
Running main() from /home/z/my-project/build/_deps/googletest-src/googletest/src/gtest_main.cc
Note: Google Test filter = DirectoryTest.FilesRecursive
[==========] Running 1 test from 1 test suite.
[----------] Global test environment set-up.
[----------] 1 test from DirectoryTest
[ RUN      ] DirectoryTest.FilesRecursive
[I] Logging system initialized. App: DirectoryTests
[I] Logging system shutting down.
[       OK ] DirectoryTest.FilesRecursive (0 ms)
[----------] 1 test from DirectoryTest (0 ms total)

[----------] Global test environment tear-down
[==========] 1 test from 1 test suite ran. (0 ms total)
[  PASSED  ] 1 test.
<end of output>
Test time =   0.00 sec
----------------------------------------------------------
Test Passed.
"DirectoryTest.FilesRecursive" end time: Jul 03 20:26 UTC
"DirectoryTest.FilesRecursive" time elapsed: 00:00:00
----------------------------------------------------------

46/139 Testing: DirectoryTest.CurrentDirectory
46/139 Test: DirectoryTest.CurrentDirectory
Command: "/home/z/my-project/build/bin/EngineTests" "--gtest_filter=DirectoryTest.CurrentDirectory" "--gtest_also_run_disabled_tests"
Directory: /home/z/my-project/build/Tests
"DirectoryTest.CurrentDirectory" start time: Jul 03 20:26 UTC
Output:
----------------------------------------------------------
Running main() from /home/z/my-project/build/_deps/googletest-src/googletest/src/gtest_main.cc
Note: Google Test filter = DirectoryTest.CurrentDirectory
[==========] Running 1 test from 1 test suite.
[----------] Global test environment set-up.
[----------] 1 test from DirectoryTest
[ RUN      ] DirectoryTest.CurrentDirectory
[I] Logging system initialized. App: DirectoryTests
[I] Logging system shutting down.
[       OK ] DirectoryTest.CurrentDirectory (0 ms)
[----------] 1 test from DirectoryTest (0 ms total)

[----------] Global test environment tear-down
[==========] 1 test from 1 test suite ran. (0 ms total)
[  PASSED  ] 1 test.
<end of output>
Test time =   0.00 sec
----------------------------------------------------------
Test Passed.
"DirectoryTest.CurrentDirectory" end time: Jul 03 20:26 UTC
"DirectoryTest.CurrentDirectory" time elapsed: 00:00:00
----------------------------------------------------------

47/139 Testing: ConfigTest.SetAndGet
47/139 Test: ConfigTest.SetAndGet
Command: "/home/z/my-project/build/bin/EngineTests" "--gtest_filter=ConfigTest.SetAndGet" "--gtest_also_run_disabled_tests"
Directory: /home/z/my-project/build/Tests
"ConfigTest.SetAndGet" start time: Jul 03 20:26 UTC
Output:
----------------------------------------------------------
Running main() from /home/z/my-project/build/_deps/googletest-src/googletest/src/gtest_main.cc
Note: Google Test filter = ConfigTest.SetAndGet
[==========] Running 1 test from 1 test suite.
[----------] Global test environment set-up.
[----------] 1 test from ConfigTest
[ RUN      ] ConfigTest.SetAndGet
[       OK ] ConfigTest.SetAndGet (0 ms)
[----------] 1 test from ConfigTest (0 ms total)

[----------] Global test environment tear-down
[==========] 1 test from 1 test suite ran. (0 ms total)
[  PASSED  ] 1 test.
<end of output>
Test time =   0.00 sec
----------------------------------------------------------
Test Passed.
"ConfigTest.SetAndGet" end time: Jul 03 20:26 UTC
"ConfigTest.SetAndGet" time elapsed: 00:00:00
----------------------------------------------------------

48/139 Testing: ConfigTest.DefaultValues
48/139 Test: ConfigTest.DefaultValues
Command: "/home/z/my-project/build/bin/EngineTests" "--gtest_filter=ConfigTest.DefaultValues" "--gtest_also_run_disabled_tests"
Directory: /home/z/my-project/build/Tests
"ConfigTest.DefaultValues" start time: Jul 03 20:26 UTC
Output:
----------------------------------------------------------
Running main() from /home/z/my-project/build/_deps/googletest-src/googletest/src/gtest_main.cc
Note: Google Test filter = ConfigTest.DefaultValues
[==========] Running 1 test from 1 test suite.
[----------] Global test environment set-up.
[----------] 1 test from ConfigTest
[ RUN      ] ConfigTest.DefaultValues
[       OK ] ConfigTest.DefaultValues (0 ms)
[----------] 1 test from ConfigTest (0 ms total)

[----------] Global test environment tear-down
[==========] 1 test from 1 test suite ran. (0 ms total)
[  PASSED  ] 1 test.
<end of output>
Test time =   0.00 sec
----------------------------------------------------------
Test Passed.
"ConfigTest.DefaultValues" end time: Jul 03 20:26 UTC
"ConfigTest.DefaultValues" time elapsed: 00:00:00
----------------------------------------------------------

49/139 Testing: ConfigTest.HasAndRemove
49/139 Test: ConfigTest.HasAndRemove
Command: "/home/z/my-project/build/bin/EngineTests" "--gtest_filter=ConfigTest.HasAndRemove" "--gtest_also_run_disabled_tests"
Directory: /home/z/my-project/build/Tests
"ConfigTest.HasAndRemove" start time: Jul 03 20:26 UTC
Output:
----------------------------------------------------------
Running main() from /home/z/my-project/build/_deps/googletest-src/googletest/src/gtest_main.cc
Note: Google Test filter = ConfigTest.HasAndRemove
[==========] Running 1 test from 1 test suite.
[----------] Global test environment set-up.
[----------] 1 test from ConfigTest
[ RUN      ] ConfigTest.HasAndRemove
[       OK ] ConfigTest.HasAndRemove (0 ms)
[----------] 1 test from ConfigTest (0 ms total)

[----------] Global test environment tear-down
[==========] 1 test from 1 test suite ran. (0 ms total)
[  PASSED  ] 1 test.
<end of output>
Test time =   0.00 sec
----------------------------------------------------------
Test Passed.
"ConfigTest.HasAndRemove" end time: Jul 03 20:26 UTC
"ConfigTest.HasAndRemove" time elapsed: 00:00:00
----------------------------------------------------------

50/139 Testing: ConfigTest.Merge
50/139 Test: ConfigTest.Merge
Command: "/home/z/my-project/build/bin/EngineTests" "--gtest_filter=ConfigTest.Merge" "--gtest_also_run_disabled_tests"
Directory: /home/z/my-project/build/Tests
"ConfigTest.Merge" start time: Jul 03 20:26 UTC
Output:
----------------------------------------------------------
Running main() from /home/z/my-project/build/_deps/googletest-src/googletest/src/gtest_main.cc
Note: Google Test filter = ConfigTest.Merge
[==========] Running 1 test from 1 test suite.
[----------] Global test environment set-up.
[----------] 1 test from ConfigTest
[ RUN      ] ConfigTest.Merge
[       OK ] ConfigTest.Merge (0 ms)
[----------] 1 test from ConfigTest (0 ms total)

[----------] Global test environment tear-down
[==========] 1 test from 1 test suite ran. (0 ms total)
[  PASSED  ] 1 test.
<end of output>
Test time =   0.00 sec
----------------------------------------------------------
Test Passed.
"ConfigTest.Merge" end time: Jul 03 20:26 UTC
"ConfigTest.Merge" time elapsed: 00:00:00
----------------------------------------------------------

51/139 Testing: ConfigTest.MergeDefaults
51/139 Test: ConfigTest.MergeDefaults
Command: "/home/z/my-project/build/bin/EngineTests" "--gtest_filter=ConfigTest.MergeDefaults" "--gtest_also_run_disabled_tests"
Directory: /home/z/my-project/build/Tests
"ConfigTest.MergeDefaults" start time: Jul 03 20:26 UTC
Output:
----------------------------------------------------------
Running main() from /home/z/my-project/build/_deps/googletest-src/googletest/src/gtest_main.cc
Note: Google Test filter = ConfigTest.MergeDefaults
[==========] Running 1 test from 1 test suite.
[----------] Global test environment set-up.
[----------] 1 test from ConfigTest
[ RUN      ] ConfigTest.MergeDefaults
[       OK ] ConfigTest.MergeDefaults (0 ms)
[----------] 1 test from ConfigTest (0 ms total)

[----------] Global test environment tear-down
[==========] 1 test from 1 test suite ran. (0 ms total)
[  PASSED  ] 1 test.
<end of output>
Test time =   0.00 sec
----------------------------------------------------------
Test Passed.
"ConfigTest.MergeDefaults" end time: Jul 03 20:26 UTC
"ConfigTest.MergeDefaults" time elapsed: 00:00:00
----------------------------------------------------------

52/139 Testing: ConfigTest.JSONRoundTrip
52/139 Test: ConfigTest.JSONRoundTrip
Command: "/home/z/my-project/build/bin/EngineTests" "--gtest_filter=ConfigTest.JSONRoundTrip" "--gtest_also_run_disabled_tests"
Directory: /home/z/my-project/build/Tests
"ConfigTest.JSONRoundTrip" start time: Jul 03 20:26 UTC
Output:
----------------------------------------------------------
Running main() from /home/z/my-project/build/_deps/googletest-src/googletest/src/gtest_main.cc
Note: Google Test filter = ConfigTest.JSONRoundTrip
[==========] Running 1 test from 1 test suite.
[----------] Global test environment set-up.
[----------] 1 test from ConfigTest
[ RUN      ] ConfigTest.JSONRoundTrip
[       OK ] ConfigTest.JSONRoundTrip (0 ms)
[----------] 1 test from ConfigTest (0 ms total)

[----------] Global test environment tear-down
[==========] 1 test from 1 test suite ran. (0 ms total)
[  PASSED  ] 1 test.
<end of output>
Test time =   0.00 sec
----------------------------------------------------------
Test Passed.
"ConfigTest.JSONRoundTrip" end time: Jul 03 20:26 UTC
"ConfigTest.JSONRoundTrip" time elapsed: 00:00:00
----------------------------------------------------------

53/139 Testing: ConfigTest.Keys
53/139 Test: ConfigTest.Keys
Command: "/home/z/my-project/build/bin/EngineTests" "--gtest_filter=ConfigTest.Keys" "--gtest_also_run_disabled_tests"
Directory: /home/z/my-project/build/Tests
"ConfigTest.Keys" start time: Jul 03 20:26 UTC
Output:
----------------------------------------------------------
Running main() from /home/z/my-project/build/_deps/googletest-src/googletest/src/gtest_main.cc
Note: Google Test filter = ConfigTest.Keys
[==========] Running 1 test from 1 test suite.
[----------] Global test environment set-up.
[----------] 1 test from ConfigTest
[ RUN      ] ConfigTest.Keys
[       OK ] ConfigTest.Keys (0 ms)
[----------] 1 test from ConfigTest (0 ms total)

[----------] Global test environment tear-down
[==========] 1 test from 1 test suite ran. (0 ms total)
[  PASSED  ] 1 test.
<end of output>
Test time =   0.00 sec
----------------------------------------------------------
Test Passed.
"ConfigTest.Keys" end time: Jul 03 20:26 UTC
"ConfigTest.Keys" time elapsed: 00:00:00
----------------------------------------------------------

54/139 Testing: StringTest.StartsWith
54/139 Test: StringTest.StartsWith
Command: "/home/z/my-project/build/bin/EngineTests" "--gtest_filter=StringTest.StartsWith" "--gtest_also_run_disabled_tests"
Directory: /home/z/my-project/build/Tests
"StringTest.StartsWith" start time: Jul 03 20:26 UTC
Output:
----------------------------------------------------------
Running main() from /home/z/my-project/build/_deps/googletest-src/googletest/src/gtest_main.cc
Note: Google Test filter = StringTest.StartsWith
[==========] Running 1 test from 1 test suite.
[----------] Global test environment set-up.
[----------] 1 test from StringTest
[ RUN      ] StringTest.StartsWith
[       OK ] StringTest.StartsWith (0 ms)
[----------] 1 test from StringTest (0 ms total)

[----------] Global test environment tear-down
[==========] 1 test from 1 test suite ran. (0 ms total)
[  PASSED  ] 1 test.
<end of output>
Test time =   0.00 sec
----------------------------------------------------------
Test Passed.
"StringTest.StartsWith" end time: Jul 03 20:26 UTC
"StringTest.StartsWith" time elapsed: 00:00:00
----------------------------------------------------------

55/139 Testing: StringTest.EndsWith
55/139 Test: StringTest.EndsWith
Command: "/home/z/my-project/build/bin/EngineTests" "--gtest_filter=StringTest.EndsWith" "--gtest_also_run_disabled_tests"
Directory: /home/z/my-project/build/Tests
"StringTest.EndsWith" start time: Jul 03 20:26 UTC
Output:
----------------------------------------------------------
Running main() from /home/z/my-project/build/_deps/googletest-src/googletest/src/gtest_main.cc
Note: Google Test filter = StringTest.EndsWith
[==========] Running 1 test from 1 test suite.
[----------] Global test environment set-up.
[----------] 1 test from StringTest
[ RUN      ] StringTest.EndsWith
[       OK ] StringTest.EndsWith (0 ms)
[----------] 1 test from StringTest (0 ms total)

[----------] Global test environment tear-down
[==========] 1 test from 1 test suite ran. (0 ms total)
[  PASSED  ] 1 test.
<end of output>
Test time =   0.00 sec
----------------------------------------------------------
Test Passed.
"StringTest.EndsWith" end time: Jul 03 20:26 UTC
"StringTest.EndsWith" time elapsed: 00:00:00
----------------------------------------------------------

56/139 Testing: StringTest.Contains
56/139 Test: StringTest.Contains
Command: "/home/z/my-project/build/bin/EngineTests" "--gtest_filter=StringTest.Contains" "--gtest_also_run_disabled_tests"
Directory: /home/z/my-project/build/Tests
"StringTest.Contains" start time: Jul 03 20:26 UTC
Output:
----------------------------------------------------------
Running main() from /home/z/my-project/build/_deps/googletest-src/googletest/src/gtest_main.cc
Note: Google Test filter = StringTest.Contains
[==========] Running 1 test from 1 test suite.
[----------] Global test environment set-up.
[----------] 1 test from StringTest
[ RUN      ] StringTest.Contains
[       OK ] StringTest.Contains (0 ms)
[----------] 1 test from StringTest (0 ms total)

[----------] Global test environment tear-down
[==========] 1 test from 1 test suite ran. (0 ms total)
[  PASSED  ] 1 test.
<end of output>
Test time =   0.00 sec
----------------------------------------------------------
Test Passed.
"StringTest.Contains" end time: Jul 03 20:26 UTC
"StringTest.Contains" time elapsed: 00:00:00
----------------------------------------------------------

57/139 Testing: StringTest.EqualsIgnoreCase
57/139 Test: StringTest.EqualsIgnoreCase
Command: "/home/z/my-project/build/bin/EngineTests" "--gtest_filter=StringTest.EqualsIgnoreCase" "--gtest_also_run_disabled_tests"
Directory: /home/z/my-project/build/Tests
"StringTest.EqualsIgnoreCase" start time: Jul 03 20:26 UTC
Output:
----------------------------------------------------------
Running main() from /home/z/my-project/build/_deps/googletest-src/googletest/src/gtest_main.cc
Note: Google Test filter = StringTest.EqualsIgnoreCase
[==========] Running 1 test from 1 test suite.
[----------] Global test environment set-up.
[----------] 1 test from StringTest
[ RUN      ] StringTest.EqualsIgnoreCase
[       OK ] StringTest.EqualsIgnoreCase (0 ms)
[----------] 1 test from StringTest (0 ms total)

[----------] Global test environment tear-down
[==========] 1 test from 1 test suite ran. (0 ms total)
[  PASSED  ] 1 test.
<end of output>
Test time =   0.00 sec
----------------------------------------------------------
Test Passed.
"StringTest.EqualsIgnoreCase" end time: Jul 03 20:26 UTC
"StringTest.EqualsIgnoreCase" time elapsed: 00:00:00
----------------------------------------------------------

58/139 Testing: StringTest.ToLower
58/139 Test: StringTest.ToLower
Command: "/home/z/my-project/build/bin/EngineTests" "--gtest_filter=StringTest.ToLower" "--gtest_also_run_disabled_tests"
Directory: /home/z/my-project/build/Tests
"StringTest.ToLower" start time: Jul 03 20:26 UTC
Output:
----------------------------------------------------------
Running main() from /home/z/my-project/build/_deps/googletest-src/googletest/src/gtest_main.cc
Note: Google Test filter = StringTest.ToLower
[==========] Running 1 test from 1 test suite.
[----------] Global test environment set-up.
[----------] 1 test from StringTest
[ RUN      ] StringTest.ToLower
[       OK ] StringTest.ToLower (0 ms)
[----------] 1 test from StringTest (0 ms total)

[----------] Global test environment tear-down
[==========] 1 test from 1 test suite ran. (0 ms total)
[  PASSED  ] 1 test.
<end of output>
Test time =   0.00 sec
----------------------------------------------------------
Test Passed.
"StringTest.ToLower" end time: Jul 03 20:26 UTC
"StringTest.ToLower" time elapsed: 00:00:00
----------------------------------------------------------

59/139 Testing: StringTest.ToUpper
59/139 Test: StringTest.ToUpper
Command: "/home/z/my-project/build/bin/EngineTests" "--gtest_filter=StringTest.ToUpper" "--gtest_also_run_disabled_tests"
Directory: /home/z/my-project/build/Tests
"StringTest.ToUpper" start time: Jul 03 20:26 UTC
Output:
----------------------------------------------------------
Running main() from /home/z/my-project/build/_deps/googletest-src/googletest/src/gtest_main.cc
Note: Google Test filter = StringTest.ToUpper
[==========] Running 1 test from 1 test suite.
[----------] Global test environment set-up.
[----------] 1 test from StringTest
[ RUN      ] StringTest.ToUpper
[       OK ] StringTest.ToUpper (0 ms)
[----------] 1 test from StringTest (0 ms total)

[----------] Global test environment tear-down
[==========] 1 test from 1 test suite ran. (0 ms total)
[  PASSED  ] 1 test.
<end of output>
Test time =   0.00 sec
----------------------------------------------------------
Test Passed.
"StringTest.ToUpper" end time: Jul 03 20:26 UTC
"StringTest.ToUpper" time elapsed: 00:00:00
----------------------------------------------------------

60/139 Testing: StringTest.Trim
60/139 Test: StringTest.Trim
Command: "/home/z/my-project/build/bin/EngineTests" "--gtest_filter=StringTest.Trim" "--gtest_also_run_disabled_tests"
Directory: /home/z/my-project/build/Tests
"StringTest.Trim" start time: Jul 03 20:26 UTC
Output:
----------------------------------------------------------
Running main() from /home/z/my-project/build/_deps/googletest-src/googletest/src/gtest_main.cc
Note: Google Test filter = StringTest.Trim
[==========] Running 1 test from 1 test suite.
[----------] Global test environment set-up.
[----------] 1 test from StringTest
[ RUN      ] StringTest.Trim
[       OK ] StringTest.Trim (0 ms)
[----------] 1 test from StringTest (0 ms total)

[----------] Global test environment tear-down
[==========] 1 test from 1 test suite ran. (0 ms total)
[  PASSED  ] 1 test.
<end of output>
Test time =   0.00 sec
----------------------------------------------------------
Test Passed.
"StringTest.Trim" end time: Jul 03 20:26 UTC
"StringTest.Trim" time elapsed: 00:00:00
----------------------------------------------------------

61/139 Testing: StringTest.Split
61/139 Test: StringTest.Split
Command: "/home/z/my-project/build/bin/EngineTests" "--gtest_filter=StringTest.Split" "--gtest_also_run_disabled_tests"
Directory: /home/z/my-project/build/Tests
"StringTest.Split" start time: Jul 03 20:26 UTC
Output:
----------------------------------------------------------
Running main() from /home/z/my-project/build/_deps/googletest-src/googletest/src/gtest_main.cc
Note: Google Test filter = StringTest.Split
[==========] Running 1 test from 1 test suite.
[----------] Global test environment set-up.
[----------] 1 test from StringTest
[ RUN      ] StringTest.Split
[       OK ] StringTest.Split (0 ms)
[----------] 1 test from StringTest (0 ms total)

[----------] Global test environment tear-down
[==========] 1 test from 1 test suite ran. (0 ms total)
[  PASSED  ] 1 test.
<end of output>
Test time =   0.00 sec
----------------------------------------------------------
Test Passed.
"StringTest.Split" end time: Jul 03 20:26 UTC
"StringTest.Split" time elapsed: 00:00:00
----------------------------------------------------------

62/139 Testing: StringTest.Join
62/139 Test: StringTest.Join
Command: "/home/z/my-project/build/bin/EngineTests" "--gtest_filter=StringTest.Join" "--gtest_also_run_disabled_tests"
Directory: /home/z/my-project/build/Tests
"StringTest.Join" start time: Jul 03 20:26 UTC
Output:
----------------------------------------------------------
Running main() from /home/z/my-project/build/_deps/googletest-src/googletest/src/gtest_main.cc
Note: Google Test filter = StringTest.Join
[==========] Running 1 test from 1 test suite.
[----------] Global test environment set-up.
[----------] 1 test from StringTest
[ RUN      ] StringTest.Join
[       OK ] StringTest.Join (0 ms)
[----------] 1 test from StringTest (0 ms total)

[----------] Global test environment tear-down
[==========] 1 test from 1 test suite ran. (0 ms total)
[  PASSED  ] 1 test.
<end of output>
Test time =   0.00 sec
----------------------------------------------------------
Test Passed.
"StringTest.Join" end time: Jul 03 20:26 UTC
"StringTest.Join" time elapsed: 00:00:00
----------------------------------------------------------

63/139 Testing: StringTest.Replace
63/139 Test: StringTest.Replace
Command: "/home/z/my-project/build/bin/EngineTests" "--gtest_filter=StringTest.Replace" "--gtest_also_run_disabled_tests"
Directory: /home/z/my-project/build/Tests
"StringTest.Replace" start time: Jul 03 20:26 UTC
Output:
----------------------------------------------------------
Running main() from /home/z/my-project/build/_deps/googletest-src/googletest/src/gtest_main.cc
Note: Google Test filter = StringTest.Replace
[==========] Running 1 test from 1 test suite.
[----------] Global test environment set-up.
[----------] 1 test from StringTest
[ RUN      ] StringTest.Replace
[       OK ] StringTest.Replace (0 ms)
[----------] 1 test from StringTest (0 ms total)

[----------] Global test environment tear-down
[==========] 1 test from 1 test suite ran. (0 ms total)
[  PASSED  ] 1 test.
<end of output>
Test time =   0.00 sec
----------------------------------------------------------
Test Passed.
"StringTest.Replace" end time: Jul 03 20:26 UTC
"StringTest.Replace" time elapsed: 00:00:00
----------------------------------------------------------

64/139 Testing: HashTest.FNV1a64Basic
64/139 Test: HashTest.FNV1a64Basic
Command: "/home/z/my-project/build/bin/EngineTests" "--gtest_filter=HashTest.FNV1a64Basic" "--gtest_also_run_disabled_tests"
Directory: /home/z/my-project/build/Tests
"HashTest.FNV1a64Basic" start time: Jul 03 20:26 UTC
Output:
----------------------------------------------------------
Running main() from /home/z/my-project/build/_deps/googletest-src/googletest/src/gtest_main.cc
Note: Google Test filter = HashTest.FNV1a64Basic
[==========] Running 1 test from 1 test suite.
[----------] Global test environment set-up.
[----------] 1 test from HashTest
[ RUN      ] HashTest.FNV1a64Basic
[       OK ] HashTest.FNV1a64Basic (0 ms)
[----------] 1 test from HashTest (0 ms total)

[----------] Global test environment tear-down
[==========] 1 test from 1 test suite ran. (0 ms total)
[  PASSED  ] 1 test.
<end of output>
Test time =   0.00 sec
----------------------------------------------------------
Test Passed.
"HashTest.FNV1a64Basic" end time: Jul 03 20:26 UTC
"HashTest.FNV1a64Basic" time elapsed: 00:00:00
----------------------------------------------------------

65/139 Testing: HashTest.FNV1a64Consistency
65/139 Test: HashTest.FNV1a64Consistency
Command: "/home/z/my-project/build/bin/EngineTests" "--gtest_filter=HashTest.FNV1a64Consistency" "--gtest_also_run_disabled_tests"
Directory: /home/z/my-project/build/Tests
"HashTest.FNV1a64Consistency" start time: Jul 03 20:26 UTC
Output:
----------------------------------------------------------
Running main() from /home/z/my-project/build/_deps/googletest-src/googletest/src/gtest_main.cc
Note: Google Test filter = HashTest.FNV1a64Consistency
[==========] Running 1 test from 1 test suite.
[----------] Global test environment set-up.
[----------] 1 test from HashTest
[ RUN      ] HashTest.FNV1a64Consistency
[       OK ] HashTest.FNV1a64Consistency (0 ms)
[----------] 1 test from HashTest (0 ms total)

[----------] Global test environment tear-down
[==========] 1 test from 1 test suite ran. (0 ms total)
[...]
[I] Engine — shutting down subsystems
[I] SubsystemManager — all subsystems shut down
[I] Engine — shutting down modules
[I] ModuleManager — all modules shut down
[D] Engine — state: Stopping -> Shutdown
[I] Engine — shutdown complete
[I] Logging system shutting down.
[       OK ] EngineTest.InitializeAndShutdown (0 ms)
[----------] 1 test from EngineTest (0 ms total)

[----------] Global test environment tear-down
[==========] 1 test from 1 test suite ran. (0 ms total)
[  PASSED  ] 1 test.
<end of output>
Test time =   0.00 sec
----------------------------------------------------------
Test Passed.
"EngineTest.InitializeAndShutdown" end time: Jul 03 20:26 UTC
"EngineTest.InitializeAndShutdown" time elapsed: 00:00:00
----------------------------------------------------------

129/139 Testing: EngineTest.DoubleInitializeIsIgnored
129/139 Test: EngineTest.DoubleInitializeIsIgnored
Command: "/home/z/my-project/build/bin/EngineTests" "--gtest_filter=EngineTest.DoubleInitializeIsIgnored" "--gtest_also_run_disabled_tests"
Directory: /home/z/my-project/build/Tests
"EngineTest.DoubleInitializeIsIgnored" start time: Jul 03 20:26 UTC
Output:
----------------------------------------------------------
Running main() from /home/z/my-project/build/_deps/googletest-src/googletest/src/gtest_main.cc
Note: Google Test filter = EngineTest.DoubleInitializeIsIgnored
[==========] Running 1 test from 1 test suite.
[----------] Global test environment set-up.
[----------] 1 test from EngineTest
[ RUN      ] EngineTest.DoubleInitializeIsIgnored
[I] Logging system initialized. App: EngineTest
[I] Engine — constructed (v0.1.0)
[D] Engine — state: Starting -> Initializing
[D] Engine — config applied: fixedDt=0.016667s, maxFixedSteps=5, targetFrameTime=0.000000s, timeScale=1.00
[I] Engine — initializing modules
[I] ModuleManager — all 0 module(s) initialized
[I] Engine — initializing subsystems
[I] SubsystemManager — all 0 subsystem(s) initialized
[D] Engine — state: Initializing -> Running
[I] Engine — initialization complete
[W] Engine — already initialized, ignoring duplicate call
[D] Engine — state: Running -> Stopping
[I] Engine — shutting down subsystems
[I] SubsystemManager — all subsystems shut down
[I] Engine — shutting down modules
[I] ModuleManager — all modules shut down
[D] Engine — state: Stopping -> Shutdown
[I] Engine — shutdown complete
[I] Logging system shutting down.
[       OK ] EngineTest.DoubleInitializeIsIgnored (0 ms)
[----------] 1 test from EngineTest (0 ms total)

[----------] Global test environment tear-down
[==========] 1 test from 1 test suite ran. (0 ms total)
[  PASSED  ] 1 test.
<end of output>
Test time =   0.00 sec
----------------------------------------------------------
Test Passed.
"EngineTest.DoubleInitializeIsIgnored" end time: Jul 03 20:26 UTC
"EngineTest.DoubleInitializeIsIgnored" time elapsed: 00:00:00
----------------------------------------------------------

130/139 Testing: EngineTest.RunBeforeInitializeFails
130/139 Test: EngineTest.RunBeforeInitializeFails
Command: "/home/z/my-project/build/bin/EngineTests" "--gtest_filter=EngineTest.RunBeforeInitializeFails" "--gtest_also_run_disabled_tests"
Directory: /home/z/my-project/build/Tests
"EngineTest.RunBeforeInitializeFails" start time: Jul 03 20:26 UTC
Output:
----------------------------------------------------------
Running main() from /home/z/my-project/build/_deps/googletest-src/googletest/src/gtest_main.cc
Note: Google Test filter = EngineTest.RunBeforeInitializeFails
[==========] Running 1 test from 1 test suite.
[----------] Global test environment set-up.
[----------] 1 test from EngineTest
[ RUN      ] EngineTest.RunBeforeInitializeFails
[I] Logging system initialized. App: EngineTest
[I] Engine — constructed (v0.1.0)
[E] Engine — Run() called before Initialize()
[I] Logging system shutting down.
[       OK ] EngineTest.RunBeforeInitializeFails (0 ms)
[----------] 1 test from EngineTest (0 ms total)

[----------] Global test environment tear-down
[==========] 1 test from 1 test suite ran. (0 ms total)
[  PASSED  ] 1 test.
<end of output>
Test time =   0.00 sec
----------------------------------------------------------
Test Passed.
"EngineTest.RunBeforeInitializeFails" end time: Jul 03 20:26 UTC
"EngineTest.RunBeforeInitializeFails" time elapsed: 00:00:00
----------------------------------------------------------

131/139 Testing: EngineTest.MainLoopRunsAndStops
131/139 Test: EngineTest.MainLoopRunsAndStops
Command: "/home/z/my-project/build/bin/EngineTests" "--gtest_filter=EngineTest.MainLoopRunsAndStops" "--gtest_also_run_disabled_tests"
Directory: /home/z/my-project/build/Tests
"EngineTest.MainLoopRunsAndStops" start time: Jul 03 20:26 UTC
Output:
----------------------------------------------------------
Running main() from /home/z/my-project/build/_deps/googletest-src/googletest/src/gtest_main.cc
Note: Google Test filter = EngineTest.MainLoopRunsAndStops
[==========] Running 1 test from 1 test suite.
[----------] Global test environment set-up.
[----------] 1 test from EngineTest
[ RUN      ] EngineTest.MainLoopRunsAndStops
[I] Logging system initialized. App: EngineTest
[I] Engine — constructed (v0.1.0)
[D] SubsystemManager — registered subsystem 'Stopper'
[D] Engine — state: Starting -> Initializing
[D] Engine — config applied: fixedDt=0.016667s, maxFixedSteps=5, targetFrameTime=0.000000s, timeScale=1.00
[I] Engine — initializing modules
[I] ModuleManager — all 0 module(s) initialized
[I] Engine — initializing subsystems
[I] SubsystemManager — initializing subsystem 'Stopper'
[I] SubsystemManager — subsystem 'Stopper' initialized successfully
[I] SubsystemManager — all 1 subsystem(s) initialized
[D] Engine — state: Initializing -> Running
[I] Engine — initialization complete
[I] Engine — main loop started
[I] Engine — stop requested
[I] Engine — main loop exited (2 frames)
[D] Engine — state: Running -> Stopping
[I] Engine — shutting down subsystems
[I] SubsystemManager — shutting down subsystem 'Stopper'
[I] SubsystemManager — all subsystems shut down
[I] Engine — shutting down modules
[I] ModuleManager — all modules shut down
[D] Engine — state: Stopping -> Shutdown
[I] Engine — shutdown complete
[I] Logging system shutting down.
[       OK ] EngineTest.MainLoopRunsAndStops (0 ms)
[----------] 1 test from EngineTest (0 ms total)

[----------] Global test environment tear-down
[==========] 1 test from 1 test suite ran. (0 ms total)
[  PASSED  ] 1 test.
<end of output>
Test time =   0.00 sec
----------------------------------------------------------
Test Passed.
"EngineTest.MainLoopRunsAndStops" end time: Jul 03 20:26 UTC
"EngineTest.MainLoopRunsAndStops" time elapsed: 00:00:00
----------------------------------------------------------

132/139 Testing: EngineTest.StateProgression
132/139 Test: EngineTest.StateProgression
Command: "/home/z/my-project/build/bin/EngineTests" "--gtest_filter=EngineTest.StateProgression" "--gtest_also_run_disabled_tests"
Directory: /home/z/my-project/build/Tests
"EngineTest.StateProgression" start time: Jul 03 20:26 UTC
Output:
----------------------------------------------------------
Running main() from /home/z/my-project/build/_deps/googletest-src/googletest/src/gtest_main.cc
Note: Google Test filter = EngineTest.StateProgression
[==========] Running 1 test from 1 test suite.
[----------] Global test environment set-up.
[----------] 1 test from EngineTest
[ RUN      ] EngineTest.StateProgression
[I] Logging system initialized. App: EngineTest
[I] Engine — constructed (v0.1.0)
[D] Engine — state: Starting -> Initializing
[D] Engine — config applied: fixedDt=0.016667s, maxFixedSteps=5, targetFrameTime=0.000000s, timeScale=1.00
[I] Engine — initializing modules
[I] ModuleManager — all 0 module(s) initialized
[I] Engine — initializing subsystems
[I] SubsystemManager — all 0 subsystem(s) initialized
[D] Engine — state: Initializing -> Running
[I] Engine — initialization complete
[D] Engine — state: Running -> Stopping
[I] Engine — shutting down subsystems
[I] SubsystemManager — all subsystems shut down
[I] Engine — shutting down modules
[I] ModuleManager — all modules shut down
[D] Engine — state: Stopping -> Shutdown
[I] Engine — shutdown complete
[I] Logging system shutting down.
[       OK ] EngineTest.StateProgression (0 ms)
[----------] 1 test from EngineTest (0 ms total)

[----------] Global test environment tear-down
[==========] 1 test from 1 test suite ran. (0 ms total)
[  PASSED  ] 1 test.
<end of output>
Test time =   0.00 sec
----------------------------------------------------------
Test Passed.
"EngineTest.StateProgression" end time: Jul 03 20:26 UTC
"EngineTest.StateProgression" time elapsed: 00:00:00
----------------------------------------------------------

133/139 Testing: EngineTest.EngineOwnsSubsystemManager
133/139 Test: EngineTest.EngineOwnsSubsystemManager
Command: "/home/z/my-project/build/bin/EngineTests" "--gtest_filter=EngineTest.EngineOwnsSubsystemManager" "--gtest_also_run_disabled_tests"
Directory: /home/z/my-project/build/Tests
"EngineTest.EngineOwnsSubsystemManager" start time: Jul 03 20:26 UTC
Output:
----------------------------------------------------------
Running main() from /home/z/my-project/build/_deps/googletest-src/googletest/src/gtest_main.cc
Note: Google Test filter = EngineTest.EngineOwnsSubsystemManager
[==========] Running 1 test from 1 test suite.
[----------] Global test environment set-up.
[----------] 1 test from EngineTest
[ RUN      ] EngineTest.EngineOwnsSubsystemManager
[I] Logging system initialized. App: EngineTest
[I] Engine — constructed (v0.1.0)
[D] SubsystemManager — registered subsystem 'Stopper'
[D] Engine — state: Starting -> Initializing
[D] Engine — config applied: fixedDt=0.016667s, maxFixedSteps=5, targetFrameTime=0.000000s, timeScale=1.00
[I] Engine — initializing modules
[I] ModuleManager — all 0 module(s) initialized
[I] Engine — initializing subsystems
[I] SubsystemManager — initializing subsystem 'Stopper'
[I] SubsystemManager — subsystem 'Stopper' initialized successfully
[I] SubsystemManager — all 1 subsystem(s) initialized
[D] Engine — state: Initializing -> Running
[I] Engine — initialization complete
[D] Engine — state: Running -> Stopping
[I] Engine — shutting down subsystems
[I] SubsystemManager — shutting down subsystem 'Stopper'
[I] SubsystemManager — all subsystems shut down
[I] Engine — shutting down modules
[I] ModuleManager — all modules shut down
[D] Engine — state: Stopping -> Shutdown
[I] Engine — shutdown complete
[I] Logging system shutting down.
[       OK ] EngineTest.EngineOwnsSubsystemManager (0 ms)
[----------] 1 test from EngineTest (0 ms total)

[----------] Global test environment tear-down
[==========] 1 test from 1 test suite ran. (0 ms total)
[  PASSED  ] 1 test.
<end of output>
Test time =   0.00 sec
----------------------------------------------------------
Test Passed.
"EngineTest.EngineOwnsSubsystemManager" end time: Jul 03 20:26 UTC
"EngineTest.EngineOwnsSubsystemManager" time elapsed: 00:00:00
----------------------------------------------------------

134/139 Testing: ApplicationTest.ConstructionFromArgv
134/139 Test: ApplicationTest.ConstructionFromArgv
Command: "/home/z/my-project/build/bin/EngineTests" "--gtest_filter=ApplicationTest.ConstructionFromArgv" "--gtest_also_run_disabled_tests"
Directory: /home/z/my-project/build/Tests
"ApplicationTest.ConstructionFromArgv" start time: Jul 03 20:26 UTC
Output:
----------------------------------------------------------
Running main() from /home/z/my-project/build/_deps/googletest-src/googletest/src/gtest_main.cc
Note: Google Test filter = ApplicationTest.ConstructionFromArgv
[==========] Running 1 test from 1 test suite.
[----------] Global test environment set-up.
[----------] 1 test from ApplicationTest
[ RUN      ] ApplicationTest.ConstructionFromArgv
[       OK ] ApplicationTest.ConstructionFromArgv (0 ms)
[----------] 1 test from ApplicationTest (0 ms total)

[----------] Global test environment tear-down
[==========] 1 test from 1 test suite ran. (0 ms total)
[  PASSED  ] 1 test.
<end of output>
Test time =   0.00 sec
----------------------------------------------------------
Test Passed.
"ApplicationTest.ConstructionFromArgv" end time: Jul 03 20:26 UTC
"ApplicationTest.ConstructionFromArgv" time elapsed: 00:00:00
----------------------------------------------------------

135/139 Testing: ApplicationTest.ConstructionFromSpec
135/139 Test: ApplicationTest.ConstructionFromSpec
Command: "/home/z/my-project/build/bin/EngineTests" "--gtest_filter=ApplicationTest.ConstructionFromSpec" "--gtest_also_run_disabled_tests"
Directory: /home/z/my-project/build/Tests
"ApplicationTest.ConstructionFromSpec" start time: Jul 03 20:26 UTC
Output:
----------------------------------------------------------
Running main() from /home/z/my-project/build/_deps/googletest-src/googletest/src/gtest_main.cc
Note: Google Test filter = ApplicationTest.ConstructionFromSpec
[==========] Running 1 test from 1 test suite.
[----------] Global test environment set-up.
[----------] 1 test from ApplicationTest
[ RUN      ] ApplicationTest.ConstructionFromSpec
[       OK ] ApplicationTest.ConstructionFromSpec (0 ms)
[----------] 1 test from ApplicationTest (0 ms total)

[----------] Global test environment tear-down
[==========] 1 test from 1 test suite ran. (0 ms total)
[  PASSED  ] 1 test.
<end of output>
Test time =   0.00 sec
----------------------------------------------------------
Test Passed.
"ApplicationTest.ConstructionFromSpec" end time: Jul 03 20:26 UTC
"ApplicationTest.ConstructionFromSpec" time elapsed: 00:00:00
----------------------------------------------------------

136/139 Testing: ApplicationTest.EngineAccessibleBeforeInit
136/139 Test: ApplicationTest.EngineAccessibleBeforeInit
Command: "/home/z/my-project/build/bin/EngineTests" "--gtest_filter=ApplicationTest.EngineAccessibleBeforeInit" "--gtest_also_run_disabled_tests"
Directory: /home/z/my-project/build/Tests
"ApplicationTest.EngineAccessibleBeforeInit" start time: Jul 03 20:26 UTC
Output:
----------------------------------------------------------
Running main() from /home/z/my-project/build/_deps/googletest-src/googletest/src/gtest_main.cc
Note: Google Test filter = ApplicationTest.EngineAccessibleBeforeInit
[==========] Running 1 test from 1 test suite.
[----------] Global test environment set-up.
[----------] 1 test from ApplicationTest
[ RUN      ] ApplicationTest.EngineAccessibleBeforeInit
[       OK ] ApplicationTest.EngineAccessibleBeforeInit (0 ms)
[----------] 1 test from ApplicationTest (0 ms total)

[----------] Global test environment tear-down
[==========] 1 test from 1 test suite ran. (0 ms total)
[  PASSED  ] 1 test.
<end of output>
Test time =   0.00 sec
----------------------------------------------------------
Test Passed.
"ApplicationTest.EngineAccessibleBeforeInit" end time: Jul 03 20:26 UTC
"ApplicationTest.EngineAccessibleBeforeInit" time elapsed: 00:00:00
----------------------------------------------------------

137/139 Testing: ApplicationTest.RegisterSubsystemBeforeInit
137/139 Test: ApplicationTest.RegisterSubsystemBeforeInit
Command: "/home/z/my-project/build/bin/EngineTests" "--gtest_filter=ApplicationTest.RegisterSubsystemBeforeInit" "--gtest_also_run_disabled_tests"
Directory: /home/z/my-project/build/Tests
"ApplicationTest.RegisterSubsystemBeforeInit" start time: Jul 03 20:26 UTC
Output:
----------------------------------------------------------
Running main() from /home/z/my-project/build/_deps/googletest-src/googletest/src/gtest_main.cc
Note: Google Test filter = ApplicationTest.RegisterSubsystemBeforeInit
[==========] Running 1 test from 1 test suite.
[----------] Global test environment set-up.
[----------] 1 test from ApplicationTest
[ RUN      ] ApplicationTest.RegisterSubsystemBeforeInit
[       OK ] ApplicationTest.RegisterSubsystemBeforeInit (0 ms)
[----------] 1 test from ApplicationTest (0 ms total)

[----------] Global test environment tear-down
[==========] 1 test from 1 test suite ran. (0 ms total)
[  PASSED  ] 1 test.
<end of output>
Test time =   0.00 sec
----------------------------------------------------------
Test Passed.
"ApplicationTest.RegisterSubsystemBeforeInit" end time: Jul 03 20:26 UTC
"ApplicationTest.RegisterSubsystemBeforeInit" time elapsed: 00:00:00
----------------------------------------------------------

138/139 Testing: ApplicationTest.InitializeAndShutdown
138/139 Test: ApplicationTest.InitializeAndShutdown
Command: "/home/z/my-project/build/bin/EngineTests" "--gtest_filter=ApplicationTest.InitializeAndShutdown" "--gtest_also_run_disabled_tests"
Directory: /home/z/my-project/build/Tests
"ApplicationTest.InitializeAndShutdown" start time: Jul 03 20:26 UTC
Output:
----------------------------------------------------------
Running main() from /home/z/my-project/build/_deps/googletest-src/googletest/src/gtest_main.cc
Note: Google Test filter = ApplicationTest.InitializeAndShutdown
[==========] Running 1 test from 1 test suite.
[----------] Global test environment set-up.
[----------] 1 test from ApplicationTest
[ RUN      ] ApplicationTest.InitializeAndShutdown
[I] Logging system initialized. App: TestApp
[I] Application 'TestApp' starting
[I] Engine v0.1.0
Build:    Debug
Compiler: GCC 14.2
Platform: Linux
Built:    Jul  3 2026 19:15:38
[I] Engine v0.1.0
[I] Engine — initializing modules
[I] ModuleManager — all 0 module(s) initialized
[I] Engine — initializing subsystems
[I] SubsystemManager — initializing subsystem 'Nop'
[I] SubsystemManager — subsystem 'Nop' initialized successfully
[I] SubsystemManager — all 1 subsystem(s) initialized
[I] Engine — initialization complete
[I] Application 'TestApp' initialized
[I] Application — shutting down
[I] Engine — shutting down subsystems
[I] SubsystemManager — shutting down subsystem 'Nop'
[I] SubsystemManager — all subsystems shut down
[I] Engine — shutting down modules
[I] ModuleManager — all modules shut down
[I] Engine — shutdown complete
[I] Application — shutdown complete
[I] Logging system shutting down.
[       OK ] ApplicationTest.InitializeAndShutdown (0 ms)
[----------] 1 test from ApplicationTest (0 ms total)

[----------] Global test environment tear-down
[==========] 1 test from 1 test suite ran. (0 ms total)
[  PASSED  ] 1 test.
<end of output>
Test time =   0.00 sec
----------------------------------------------------------
Test Passed.
"ApplicationTest.InitializeAndShutdown" end time: Jul 03 20:26 UTC
"ApplicationTest.InitializeAndShutdown" time elapsed: 00:00:00
----------------------------------------------------------

139/139 Testing: ApplicationTest.CommandLineOverridesConfig
139/139 Test: ApplicationTest.CommandLineOverridesConfig
Command: "/home/z/my-project/build/bin/EngineTests" "--gtest_filter=ApplicationTest.CommandLineOverridesConfig" "--gtest_also_run_disabled_tests"
Directory: /home/z/my-project/build/Tests
"ApplicationTest.CommandLineOverridesConfig" start time: Jul 03 20:26 UTC
Output:
----------------------------------------------------------
Running main() from /home/z/my-project/build/_deps/googletest-src/googletest/src/gtest_main.cc
Note: Google Test filter = ApplicationTest.CommandLineOverridesConfig
[==========] Running 1 test from 1 test suite.
[----------] Global test environment set-up.
[----------] 1 test from ApplicationTest
[ RUN      ] ApplicationTest.CommandLineOverridesConfig
[       OK ] ApplicationTest.CommandLineOverridesConfig (0 ms)
[----------] 1 test from ApplicationTest (0 ms total)

[----------] Global test environment tear-down
[==========] 1 test from 1 test suite ran. (0 ms total)
[  PASSED  ] 1 test.
<end of output>
Test time =   0.00 sec
----------------------------------------------------------
Test Passed.
"ApplicationTest.CommandLineOverridesConfig" end time: Jul 03 20:26 UTC
"ApplicationTest.CommandLineOverridesConfig" time elapsed: 00:00:00
----------------------------------------------------------

End testing: Jul 03 20:26 UTC
